This is pdfTeX, Version 3.14159265-2.6-1.40.16 (TeX Live 2015) (preloaded format=pdflatex 2015.12.24)  15 DEC 2019 23:11
entering extended mode
 restricted \write18 enabled.
 file:line:error style messages enabled.
 %&-line parsing enabled.
**main.tex
(./main.tex
LaTeX2e <2015/01/01>
Babel <3.9l> and hyphenation patterns for 79 languages loaded.
(/usr/local/texlive/2015/texmf-dist/tex/latex/base/article.cls
Document Class: article 2014/09/29 v1.4h Standard LaTeX document class
(/usr/local/texlive/2015/texmf-dist/tex/latex/base/size11.clo
File: size11.clo 2014/09/29 v1.4h Standard LaTeX file (size option)
)
\c@part=\count79
\c@section=\count80
\c@subsection=\count81
\c@subsubsection=\count82
\c@paragraph=\count83
\c@subparagraph=\count84
\c@figure=\count85
\c@table=\count86
\abovecaptionskip=\skip41
\belowcaptionskip=\skip42
\bibindent=\dimen102
)
(/usr/local/texlive/2015/texmf-dist/tex/latex/amsmath/amsmath.sty
Package: amsmath 2013/01/14 v2.14 AMS math features
\@mathmargin=\skip43

For additional information on amsmath, use the `?' option.
(/usr/local/texlive/2015/texmf-dist/tex/latex/amsmath/amstext.sty
Package: amstext 2000/06/29 v2.01

(/usr/local/texlive/2015/texmf-dist/tex/latex/amsmath/amsgen.sty
File: amsgen.sty 1999/11/30 v2.0
\@emptytoks=\toks14
\ex@=\dimen103
))
(/usr/local/texlive/2015/texmf-dist/tex/latex/amsmath/amsbsy.sty
Package: amsbsy 1999/11/29 v1.2d
\pmbraise@=\dimen104
)
(/usr/local/texlive/2015/texmf-dist/tex/latex/amsmath/amsopn.sty
Package: amsopn 1999/12/14 v2.01 operator names
)
\inf@bad=\count87
LaTeX Info: Redefining \frac on input line 210.
\uproot@=\count88
\leftroot@=\count89
LaTeX Info: Redefining \overline on input line 306.
\classnum@=\count90
\DOTSCASE@=\count91
LaTeX Info: Redefining \ldots on input line 378.
LaTeX Info: Redefining \dots on input line 381.
LaTeX Info: Redefining \cdots on input line 466.
\Mathstrutbox@=\box26
\strutbox@=\box27
\big@size=\dimen105
LaTeX Font Info:    Redeclaring font encoding OML on input line 566.
LaTeX Font Info:    Redeclaring font encoding OMS on input line 567.
\macc@depth=\count92
\c@MaxMatrixCols=\count93
\dotsspace@=\muskip10
\c@parentequation=\count94
\dspbrk@lvl=\count95
\tag@help=\toks15
\row@=\count96
\column@=\count97
\maxfields@=\count98
\andhelp@=\toks16
\eqnshift@=\dimen106
\alignsep@=\dimen107
\tagshift@=\dimen108
\tagwidth@=\dimen109
\totwidth@=\dimen110
\lineht@=\dimen111
\@envbody=\toks17
\multlinegap=\skip44
\multlinetaggap=\skip45
\mathdisplay@stack=\toks18
LaTeX Info: Redefining \[ on input line 2665.
LaTeX Info: Redefining \] on input line 2666.
)
(/usr/local/texlive/2015/texmf-dist/tex/latex/tools/verbatim.sty
Package: verbatim 2014/10/28 v1.5q LaTeX2e package for verbatim enhancements
\every@verbatim=\toks19
\verbatim@line=\toks20
\verbatim@in@stream=\read1
)
(/usr/local/texlive/2015/texmf-dist/tex/latex/comment/comment.sty
\CommentStream=\write3

Excluding comment 'comment')
(/usr/local/texlive/2015/texmf-dist/tex/latex/algorithms/algorithm.sty
Package: algorithm 2009/08/24 v0.1 Document Style `algorithm' - floating enviro
nment

(/usr/local/texlive/2015/texmf-dist/tex/latex/float/float.sty
Package: float 2001/11/08 v1.3d Float enhancements (AL)
\c@float@type=\count99
\float@exts=\toks21
\float@box=\box28
\@float@everytoks=\toks22
\@floatcapt=\box29
)
(/usr/local/texlive/2015/texmf-dist/tex/latex/base/ifthen.sty
Package: ifthen 2014/09/29 v1.1c Standard LaTeX ifthen package (DPC)
)
\@float@every@algorithm=\toks23
\c@algorithm=\count100
)
(/usr/local/texlive/2015/texmf-dist/tex/latex/algorithms/algorithmic.sty
Package: algorithmic 2009/08/24 v0.1 Document Style `algorithmic'

(/usr/local/texlive/2015/texmf-dist/tex/latex/graphics/keyval.sty
Package: keyval 2014/10/28 v1.15 key=value parser (DPC)
\KV@toks@=\toks24
)
\c@ALC@unique=\count101
\c@ALC@line=\count102
\c@ALC@rem=\count103
\c@ALC@depth=\count104
\ALC@tlm=\skip46
\algorithmicindent=\skip47
)
(/usr/local/texlive/2015/texmf-dist/tex/latex/amsfonts/amsfonts.sty
Package: amsfonts 2013/01/14 v3.01 Basic AMSFonts support
\symAMSa=\mathgroup4
\symAMSb=\mathgroup5
LaTeX Font Info:    Overwriting math alphabet `\mathfrak' in version `bold'
(Font)                  U/euf/m/n --> U/euf/b/n on input line 106.
)
(/usr/local/texlive/2015/texmf-dist/tex/latex/amsfonts/amssymb.sty
Package: amssymb 2013/01/14 v3.01 AMS font symbols
)
(/usr/local/texlive/2015/texmf-dist/tex/latex/subfigure/subfigure.sty
Package: subfigure 2002/03/15 v2.1.5 subfigure package
\subfigtopskip=\skip48
\subfigcapskip=\skip49
\subfigcaptopadj=\dimen112
\subfigbottomskip=\skip50
\subfigcapmargin=\dimen113
\subfiglabelskip=\skip51
\c@subfigure=\count105
\c@lofdepth=\count106
\c@subtable=\count107
\c@lotdepth=\count108

****************************************
* Local config file subfigure.cfg used *
****************************************
(/usr/local/texlive/2015/texmf-dist/tex/latex/subfigure/subfigure.cfg)
\subfig@top=\skip52
\subfig@bottom=\skip53
)
(/usr/local/texlive/2015/texmf-dist/tex/latex/multirow/multirow.sty
\bigstrutjot=\dimen114
)
(/usr/local/texlive/2015/texmf-dist/tex/latex/sttools/flushend.sty
Package: flushend 2015/04/14 v3.1 Balancing columns in twocolumn mode
\flushend@@lastskip@a=\skip54
\flushend@@lastskip@b=\skip55
\flushend@@lastskip@c=\skip56
\flushend@@penalty@a=\count109
\flushend@@lastkern@a=\dimen115
\var@@temp@spread=\dimen116
\var@@temp@a=\dimen117
\flushend@@page@rule=\dimen118
\flushend@@varbox@a=\box30
\flushend@@varbox@c=\box31
\flushend@@tempbox@a=\box32
\flushend@@tempbox@c=\box33
\@viper=\box34
\hold@viper=\box35
\atColsBreak=\toks25
\atColsEnd=\toks26

(/usr/local/texlive/2015/texmf-dist/tex/latex/etoolbox/etoolbox.sty
Package: etoolbox 2015/05/04 v2.2 e-TeX tools for LaTeX (JAW)
\etb@tempcnta=\count110
))
(/usr/local/texlive/2015/texmf-dist/tex/latex/caption/caption.sty
Package: caption 2013/05/02 v3.3-89 Customizing captions (AR)

(/usr/local/texlive/2015/texmf-dist/tex/latex/caption/caption3.sty
Package: caption3 2013/05/02 v1.6-88 caption3 kernel (AR)
Package caption3 Info: TeX engine: e-TeX on input line 57.
\captionmargin=\dimen119
\captionmargin@=\dimen120
\captionwidth=\dimen121
\caption@tempdima=\dimen122
\caption@indent=\dimen123
\caption@parindent=\dimen124
\caption@hangindent=\dimen125
)
\c@ContinuedFloat=\count111
Package caption Info: float package is loaded.
Package caption Info: subfigure package is loaded.
)
(./deauthor.sty
Package: deauthor 2002/04/01 Data Engineering Bulletin Author package
\c@theorem=\count112
\c@example=\count113
) (/usr/local/texlive/2015/texmf-dist/tex/latex/psnfss/times.sty
Package: times 2005/04/12 PSNFSS-v9.2a (SPQR) 
) (/usr/local/texlive/2015/texmf-dist/tex/latex/graphics/graphicx.sty
Package: graphicx 2014/10/28 v1.0g Enhanced LaTeX Graphics (DPC,SPQR)

(/usr/local/texlive/2015/texmf-dist/tex/latex/graphics/graphics.sty
Package: graphics 2014/10/28 v1.0p Standard LaTeX Graphics (DPC,SPQR)

(/usr/local/texlive/2015/texmf-dist/tex/latex/graphics/trig.sty
Package: trig 1999/03/16 v1.09 sin cos tan (DPC)
)
(/usr/local/texlive/2015/texmf-dist/tex/latex/latexconfig/graphics.cfg
File: graphics.cfg 2010/04/23 v1.9 graphics configuration of TeX Live
)
Package graphics Info: Driver file: pdftex.def on input line 94.

(/usr/local/texlive/2015/texmf-dist/tex/latex/pdftex-def/pdftex.def
File: pdftex.def 2011/05/27 v0.06d Graphics/color for pdfTeX

(/usr/local/texlive/2015/texmf-dist/tex/generic/oberdiek/infwarerr.sty
Package: infwarerr 2010/04/08 v1.3 Providing info/warning/error messages (HO)
)
(/usr/local/texlive/2015/texmf-dist/tex/generic/oberdiek/ltxcmds.sty
Package: ltxcmds 2011/11/09 v1.22 LaTeX kernel commands for general use (HO)
)
\Gread@gobject=\count114
))
\Gin@req@height=\dimen126
\Gin@req@width=\dimen127
)
No file main.aux.
\openout1 = `main.aux'.

LaTeX Font Info:    Checking defaults for OML/cmm/m/it on input line 20.
LaTeX Font Info:    ... okay on input line 20.
LaTeX Font Info:    Checking defaults for T1/cmr/m/n on input line 20.
LaTeX Font Info:    ... okay on input line 20.
LaTeX Font Info:    Checking defaults for OT1/cmr/m/n on input line 20.
LaTeX Font Info:    ... okay on input line 20.
LaTeX Font Info:    Checking defaults for OMS/cmsy/m/n on input line 20.
LaTeX Font Info:    ... okay on input line 20.
LaTeX Font Info:    Checking defaults for OMX/cmex/m/n on input line 20.
LaTeX Font Info:    ... okay on input line 20.
LaTeX Font Info:    Checking defaults for U/cmr/m/n on input line 20.
LaTeX Font Info:    ... okay on input line 20.
LaTeX Font Info:    Try loading font information for OT1+ptm on input line 20.
(/usr/local/texlive/2015/texmf-dist/tex/latex/psnfss/ot1ptm.fd
File: ot1ptm.fd 2001/06/04 font definitions for OT1/ptm.
)
Package caption Info: Begin \AtBeginDocument code.
Package caption Info: End \AtBeginDocument code.

(/usr/local/texlive/2015/texmf-dist/tex/context/base/supp-pdf.mkii
[Loading MPS to PDF converter (version 2006.09.02).]
\scratchcounter=\count115
\scratchdimen=\dimen128
\scratchbox=\box36
\nofMPsegments=\count116
\nofMParguments=\count117
\everyMPshowfont=\toks27
\MPscratchCnt=\count118
\MPscratchDim=\dimen129
\MPnumerator=\count119
\makeMPintoPDFobject=\count120
\everyMPtoPDFconversion=\toks28
) (/usr/local/texlive/2015/texmf-dist/tex/generic/oberdiek/pdftexcmds.sty
Package: pdftexcmds 2011/11/29 v0.20 Utility functions of pdfTeX for LuaTeX (HO
)

(/usr/local/texlive/2015/texmf-dist/tex/generic/oberdiek/ifluatex.sty
Package: ifluatex 2010/03/01 v1.3 Provides the ifluatex switch (HO)
Package ifluatex Info: LuaTeX not detected.
)
(/usr/local/texlive/2015/texmf-dist/tex/generic/oberdiek/ifpdf.sty
Package: ifpdf 2011/01/30 v2.3 Provides the ifpdf switch (HO)
Package ifpdf Info: pdfTeX in PDF mode is detected.
)
Package pdftexcmds Info: LuaTeX not detected.
Package pdftexcmds Info: \pdf@primitive is available.
Package pdftexcmds Info: \pdf@ifprimitive is available.
Package pdftexcmds Info: \pdfdraftmode found.
)
(/usr/local/texlive/2015/texmf-dist/tex/latex/oberdiek/epstopdf-base.sty
Package: epstopdf-base 2010/02/09 v2.5 Base part for package epstopdf

(/usr/local/texlive/2015/texmf-dist/tex/latex/oberdiek/grfext.sty
Package: grfext 2010/08/19 v1.1 Manage graphics extensions (HO)

(/usr/local/texlive/2015/texmf-dist/tex/generic/oberdiek/kvdefinekeys.sty
Package: kvdefinekeys 2011/04/07 v1.3 Define keys (HO)
))
(/usr/local/texlive/2015/texmf-dist/tex/latex/oberdiek/kvoptions.sty
Package: kvoptions 2011/06/30 v3.11 Key value format for package options (HO)

(/usr/local/texlive/2015/texmf-dist/tex/generic/oberdiek/kvsetkeys.sty
Package: kvsetkeys 2012/04/25 v1.16 Key value parser (HO)

(/usr/local/texlive/2015/texmf-dist/tex/generic/oberdiek/etexcmds.sty
Package: etexcmds 2011/02/16 v1.5 Avoid name clashes with e-TeX commands (HO)
Package etexcmds Info: Could not find \expanded.
(etexcmds)             That can mean that you are not using pdfTeX 1.50 or
(etexcmds)             that some package has redefined \expanded.
(etexcmds)             In the latter case, load this package earlier.
)))
Package grfext Info: Graphics extension search list:
(grfext)             [.png,.pdf,.jpg,.mps,.jpeg,.jbig2,.jb2,.PNG,.PDF,.JPG,.JPE
G,.JBIG2,.JB2,.eps]
(grfext)             \AppendGraphicsExtensions on input line 452.

(/usr/local/texlive/2015/texmf-dist/tex/latex/latexconfig/epstopdf-sys.cfg
File: epstopdf-sys.cfg 2010/07/13 v1.3 Configuration of (r)epstopdf for TeX Liv
e
))
LaTeX Font Info:    Try loading font information for U+msa on input line 21.

(/usr/local/texlive/2015/texmf-dist/tex/latex/amsfonts/umsa.fd
File: umsa.fd 2013/01/14 v3.01 AMS symbols A
)
LaTeX Font Info:    Try loading font information for U+msb on input line 21.

(/usr/local/texlive/2015/texmf-dist/tex/latex/amsfonts/umsb.fd
File: umsb.fd 2013/01/14 v3.01 AMS symbols B
)
LaTeX Font Info:    Font shape `OT1/ptm/bx/n' in size <9> not available
(Font)              Font shape `OT1/ptm/b/n' tried instead on input line 21.

Underfull \hbox (badness 10000) in paragraph at lines 21--21

 []

LaTeX Font Info:    Font shape `OT1/ptm/bx/n' in size <17.28> not available
(Font)              Font shape `OT1/ptm/b/n' tried instead on input line 31.
LaTeX Font Info:    Font shape `OT1/ptm/bx/n' in size <10.95> not available
(Font)              Font shape `OT1/ptm/b/n' tried instead on input line 33.
(./intro.tex
LaTeX Font Info:    Font shape `OT1/ptm/bx/n' in size <14.4> not available
(Font)              Font shape `OT1/ptm/b/n' tried instead on input line 2.


LaTeX Warning: Citation `al1' on page 1 undefined on input line 10.


LaTeX Warning: Citation `al2' on page 1 undefined on input line 10.


LaTeX Warning: Citation `martin2014being' on page 1 undefined on input line 10.



LaTeX Warning: Citation `amer2016human' on page 1 undefined on input line 10.


LaTeX Warning: Citation `hf1' on page 1 undefined on input line 10.


LaTeX Warning: Citation `motiv1' on page 1 undefined on input line 10.


LaTeX Warning: Citation `motiv2' on page 1 undefined on input line 10.


LaTeX Warning: Citation `al1' on page 1 undefined on input line 10.


LaTeX Warning: Citation `al2' on page 1 undefined on input line 10.

<figures/unknown.png, id=1, 727.71875pt x 429.605pt>
File: figures/unknown.png Graphic file (type png)
 <use figures/unknown.png>
Package pdftex.def Info: figures/unknown.png used on input line 14.
(pdftex.def)             Requested size: 218.3173pt x 128.88249pt.


LaTeX Warning: Citation `garzon2006predicting' on page 1 undefined on input lin
e 18.


LaTeX Warning: Reference `fig:unknown' on page 1 undefined on input line 18.


LaTeX Warning: Citation `single1' on page 1 undefined on input line 18.


LaTeX Warning: Citation `multi0' on page 1 undefined on input line 18.

[1

{/usr/local/texlive/2015/texmf-var/fonts/map/pdftex/updmap/pdftex.map}]

LaTeX Warning: Reference `fig:unknown' on page 2 undefined on input line 34.

[2 <./figures/unknown.png>]

LaTeX Warning: Citation `hf1' on page 3 undefined on input line 60.


LaTeX Warning: Citation `motiv1' on page 3 undefined on input line 60.


LaTeX Warning: Citation `motiv2' on page 3 undefined on input line 60.


LaTeX Warning: Citation `al1' on page 3 undefined on input line 60.


LaTeX Warning: Citation `al2' on page 3 undefined on input line 60.


LaTeX Warning: Citation `al-survey' on page 3 undefined on input line 60.


LaTeX Warning: Citation `qbc1' on page 3 undefined on input line 60.


LaTeX Warning: Citation `al-clus1' on page 3 undefined on input line 60.


LaTeX Warning: Citation `al-clus2' on page 3 undefined on input line 60.


LaTeX Warning: Citation `al-clus3' on page 3 undefined on input line 60.


LaTeX Warning: Citation `al-clus4' on page 3 undefined on input line 60.


LaTeX Warning: Citation `multi0' on page 3 undefined on input line 60.


LaTeX Warning: Citation `multi1' on page 3 undefined on input line 60.


LaTeX Warning: Citation `multi2' on page 3 undefined on input line 60.


LaTeX Warning: Citation `multi3' on page 3 undefined on input line 60.


LaTeX Warning: Citation `active-learning-cs1' on page 3 undefined on input line
 65.


LaTeX Warning: Citation `active-learning-cs2' on page 3 undefined on input line
 65.


LaTeX Warning: Citation `mozafari2014scaling' on page 3 undefined on input line
 65.


LaTeX Warning: Citation `corleone' on page 3 undefined on input line 65.


LaTeX Warning: Citation `clamshell' on page 3 undefined on input line 65.


LaTeX Warning: Citation `multi0' on page 3 undefined on input line 66.


LaTeX Warning: Citation `multi1' on page 3 undefined on input line 66.


LaTeX Warning: Citation `multi2' on page 3 undefined on input line 66.


LaTeX Warning: Citation `multi3' on page 3 undefined on input line 66.

LaTeX Font Info:    Font shape `OT1/ptm/bx/n' in size <12> not available
(Font)              Font shape `OT1/ptm/b/n' tried instead on input line 91.
LaTeX Font Info:    Font shape `OT1/ptm/bx/it' in size <10.95> not available
(Font)              Font shape `OT1/ptm/b/it' tried instead on input line 98.

LaTeX Warning: Citation `al1' on page 3 undefined on input line 98.


LaTeX Warning: Citation `al2' on page 3 undefined on input line 98.


LaTeX Warning: Citation `al-survey' on page 3 undefined on input line 98.


LaTeX Warning: Citation `qbc1' on page 3 undefined on input line 98.


LaTeX Warning: Citation `al1' on page 3 undefined on input line 100.


LaTeX Warning: Citation `qbc1' on page 3 undefined on input line 100.


LaTeX Warning: Citation `qbc2' on page 3 undefined on input line 100.


LaTeX Warning: Citation `error-reduction' on page 3 undefined on input line 100
.


LaTeX Warning: Citation `al-svm' on page 3 undefined on input line 100.


LaTeX Warning: Citation `al-svm2' on page 3 undefined on input line 100.


LaTeX Warning: Citation `al-dtree' on page 3 undefined on input line 100.


LaTeX Warning: Citation `korner2006multi' on page 3 undefined on input line 100
.


LaTeX Warning: Citation `hf1' on page 3 undefined on input line 100.


LaTeX Warning: Citation `motiv1' on page 3 undefined on input line 100.


LaTeX Warning: Citation `motiv2' on page 3 undefined on input line 100.


LaTeX Warning: Reference `ex1' on page 3 undefined on input line 100.


LaTeX Warning: Citation `ho2013adaptive' on page 3 undefined on input line 100.



LaTeX Warning: Citation `hung2013evaluation' on page 3 undefined on input line 
100.


LaTeX Warning: Citation `vlachos2008stopping' on page 3 undefined on input line
 100.


LaTeX Warning: Reference `ex1' on page 3 undefined on input line 103.


LaTeX Warning: Citation `multi0' on page 3 undefined on input line 103.


LaTeX Warning: Citation `multi1' on page 3 undefined on input line 103.


LaTeX Warning: Citation `multi2' on page 3 undefined on input line 103.


LaTeX Warning: Citation `multi3' on page 3 undefined on input line 103.

[3]

LaTeX Warning: Citation `multi0' on page 4 undefined on input line 105.


LaTeX Warning: Citation `multi1' on page 4 undefined on input line 105.


LaTeX Warning: Citation `multi2' on page 4 undefined on input line 105.


LaTeX Warning: Citation `multi3' on page 4 undefined on input line 105.


LaTeX Warning: Citation `versionspace' on page 4 undefined on input line 107.


LaTeX Warning: Reference `ex1' on page 4 undefined on input line 107.

Missing character: There is no â in font ptmr7t!
Missing character: There is no € in font ptmr7t!
Missing character: There is no ™ in font ptmr7t!

LaTeX Warning: Reference `dm' on page 4 undefined on input line 110.


LaTeX Warning: Reference `hf' on page 4 undefined on input line 110.


LaTeX Warning: Reference `label' on page 4 undefined on input line 110.


LaTeX Warning: Reference `unlab' on page 4 undefined on input line 110.

) (./dm.tex

LaTeX Warning: Citation `hf1' on page 4 undefined on input line 4.


LaTeX Warning: Citation `motiv00' on page 4 undefined on input line 4.


LaTeX Warning: Citation `motiv0' on page 4 undefined on input line 4.


LaTeX Warning: Citation `motiv1' on page 4 undefined on input line 4.


LaTeX Warning: Citation `motiv2' on page 4 undefined on input line 4.


LaTeX Warning: Citation `motiv3' on page 4 undefined on input line 4.


LaTeX Warning: Citation `motiv4' on page 4 undefined on input line 4.


LaTeX Warning: Reference `ex1' on page 4 undefined on input line 6.


LaTeX Warning: Reference `ex1' on page 4 undefined on input line 11.


LaTeX Warning: Reference `ex1' on page 4 undefined on input line 16.


LaTeX Warning: Reference `ex1' on page 4 undefined on input line 18.


LaTeX Warning: Citation `hf1' on page 4 undefined on input line 22.


LaTeX Warning: Citation `motiv00' on page 4 undefined on input line 22.


LaTeX Warning: Citation `motiv0' on page 4 undefined on input line 22.


LaTeX Warning: Citation `motiv1' on page 4 undefined on input line 22.


LaTeX Warning: Citation `motiv2' on page 4 undefined on input line 22.


LaTeX Warning: Citation `motiv3' on page 4 undefined on input line 22.


LaTeX Warning: Citation `motiv4' on page 4 undefined on input line 22.


LaTeX Warning: Citation `motiv1' on page 4 undefined on input line 29.

[4]

LaTeX Warning: Citation `motiv1' on page 5 undefined on input line 31.


LaTeX Warning: Citation `motiv2' on page 5 undefined on input line 31.


LaTeX Warning: Citation `motiv3' on page 5 undefined on input line 31.


LaTeX Warning: Citation `skill' on page 5 undefined on input line 48.


LaTeX Warning: Citation `DBLP:conf/kdd/JoglekarGP13' on page 5 undefined on inp
ut line 48.

) (./settings.tex

LaTeX Warning: Reference `intro' on page 5 undefined on input line 4.


LaTeX Warning: Citation `martin2014being' on page 5 undefined on input line 7.


LaTeX Warning: Citation `hf1' on page 5 undefined on input line 18.


LaTeX Warning: Citation `motiv00' on page 5 undefined on input line 18.


LaTeX Warning: Citation `motiv0' on page 5 undefined on input line 18.


LaTeX Warning: Citation `motiv1' on page 5 undefined on input line 18.


LaTeX Warning: Citation `motiv2' on page 5 undefined on input line 18.


LaTeX Warning: Citation `motiv3' on page 5 undefined on input line 18.


LaTeX Warning: Citation `motiv4' on page 5 undefined on input line 18.


LaTeX Warning: Reference `dm' on page 5 undefined on input line 18.

[5]

LaTeX Warning: Citation `stigler1981gauss' on page 6 undefined on input line 27
.


LaTeX Warning: Citation `DBLP:journals/corr/RahmanJR16' on page 6 undefined on 
input line 27.


LaTeX Warning: Citation `hackman1976motivation' on page 6 undefined on input li
ne 32.


LaTeX Warning: Reference `dm' on page 6 undefined on input line 41.


LaTeX Warning: Reference `eqn' on page 6 undefined on input line 41.


LaTeX Warning: Citation `hackman1976motivation' on page 6 undefined on input li
ne 41.


LaTeX Warning: Reference `eqn:eq3' on page 6 undefined on input line 44.


LaTeX Warning: Reference `dm' on page 6 undefined on input line 44.

[6]

LaTeX Warning: Citation `garey1979computers' on page 7 undefined on input line 
83.


LaTeX Warning: Citation `roy2015task' on page 7 undefined on input line 83.


LaTeX Warning: Citation `arkin2001approximating' on page 7 undefined on input l
ine 83.


LaTeX Warning: Citation `roy2015task' on page 7 undefined on input line 83.


LaTeX Warning: Citation `hackman1976motivation' on page 7 undefined on input li
ne 86.


LaTeX Warning: Citation `zhao2012bayesian' on page 7 undefined on input line 86
.


LaTeX Warning: Citation `liu2014framework' on page 7 undefined on input line 86
.


LaTeX Warning: Citation `jensen1996introduction' on page 7 undefined on input l
ine 86.


LaTeX Warning: Citation `tsamardinos2006max' on page 7 undefined on input line 
86.


LaTeX Warning: Citation `carter1994gibbs' on page 7 undefined on input line 86.


) (./labeled.tex

LaTeX Warning: Reference `hf' on page 7 undefined on input line 4.


LaTeX Warning: Reference `ex1' on page 7 undefined on input line 6.


LaTeX Warning: Citation `al1' on page 7 undefined on input line 6.


LaTeX Warning: Citation `qbc1' on page 7 undefined on input line 6.


LaTeX Warning: Citation `qbc2' on page 7 undefined on input line 6.


LaTeX Warning: Citation `error-reduction' on page 7 undefined on input line 6.


LaTeX Warning: Citation `al-svm' on page 7 undefined on input line 6.


LaTeX Warning: Citation `al-svm2' on page 7 undefined on input line 6.


LaTeX Warning: Citation `al-dtree' on page 7 undefined on input line 6.


LaTeX Warning: Citation `korner2006multi' on page 7 undefined on input line 6.


LaTeX Warning: Citation `active-learning-cs1' on page 7 undefined on input line
 8.


LaTeX Warning: Citation `active-learning-cs2' on page 7 undefined on input line
 8.

[7]

LaTeX Warning: Citation `al1' on page 8 undefined on input line 15.


LaTeX Warning: Citation `qbc1' on page 8 undefined on input line 15.


LaTeX Warning: Citation `qbc2' on page 8 undefined on input line 15.


LaTeX Warning: Citation `error-reduction' on page 8 undefined on input line 15.



LaTeX Warning: Citation `entropy' on page 8 undefined on input line 15.


LaTeX Warning: Citation `al-svm' on page 8 undefined on input line 15.


LaTeX Warning: Citation `al-svm2' on page 8 undefined on input line 15.


LaTeX Warning: Citation `al-dtree' on page 8 undefined on input line 15.


LaTeX Warning: Citation `korner2006multi' on page 8 undefined on input line 15.



LaTeX Warning: Citation `al1' on page 8 undefined on input line 17.


LaTeX Warning: Citation `entropy' on page 8 undefined on input line 17.


LaTeX Warning: Citation `lewis1994heterogeneous' on page 8 undefined on input l
ine 17.


LaTeX Warning: Citation `error-reduction' on page 8 undefined on input line 17.



LaTeX Warning: Citation `qbc1' on page 8 undefined on input line 17.


LaTeX Warning: Citation `qbc2' on page 8 undefined on input line 17.


LaTeX Warning: Citation `active-learning-cs1' on page 8 undefined on input line
 19.


LaTeX Warning: Citation `active-learning-cs1' on page 8 undefined on input line
 19.


LaTeX Warning: Reference `hf' on page 8 undefined on input line 19.


LaTeX Warning: Reference `eqn:eq3' on page 8 undefined on input line 19.


LaTeX Warning: Reference `dm' on page 8 undefined on input line 21.


LaTeX Warning: Reference `eqn:eq3' on page 8 undefined on input line 22.


LaTeX Warning: Citation `clemen2007aggregating' on page 8 undefined on input li
ne 22.


LaTeX Warning: Reference `eqn:eq2' on page 8 undefined on input line 22.


LaTeX Warning: Citation `roy2015task' on page 8 undefined on input line 31.


LaTeX Warning: Citation `ho2013adaptive' on page 8 undefined on input line 33.


LaTeX Warning: Citation `hung2013evaluation' on page 8 undefined on input line 
33.


LaTeX Warning: Citation `clemen2007aggregating' on page 8 undefined on input li
ne 33.


LaTeX Warning: Citation `edbt172' on page 8 undefined on input line 39.


LaTeX Warning: Citation `feo1990class' on page 8 undefined on input line 39.


LaTeX Warning: Citation `feo1992one' on page 8 undefined on input line 39.


LaTeX Warning: Citation `arkin2001approximating' on page 8 undefined on input l
ine 39.


LaTeX Warning: Citation `hoi2006batch' on page 8 undefined on input line 39.


LaTeX Warning: Citation `qi2009two' on page 8 undefined on input line 39.

[8]

LaTeX Warning: Reference `eqn:eq2' on page 9 undefined on input line 42.


LaTeX Warning: Citation `bilo2004pareto' on page 9 undefined on input line 42.


LaTeX Warning: Citation `anagnostopoulos2012online' on page 9 undefined on inpu
t line 42.


LaTeX Warning: Citation `asudeh2014crowdsourcing' on page 9 undefined on input 
line 42.


LaTeX Warning: Citation `vlachos2008stopping' on page 9 undefined on input line
 42.


LaTeX Warning: Citation `baeza1999modern' on page 9 undefined on input line 44.


) (./multi.tex

LaTeX Warning: Citation `multi0' on page 9 undefined on input line 5.


LaTeX Warning: Citation `multi1' on page 9 undefined on input line 5.


LaTeX Warning: Citation `multi2' on page 9 undefined on input line 5.


LaTeX Warning: Citation `multi3' on page 9 undefined on input line 5.


LaTeX Warning: Reference `hf' on page 9 undefined on input line 5.


LaTeX Warning: Citation `multi0' on page 9 undefined on input line 7.


LaTeX Warning: Citation `multi1' on page 9 undefined on input line 7.


LaTeX Warning: Citation `multi2' on page 9 undefined on input line 7.


LaTeX Warning: Citation `multi3' on page 9 undefined on input line 7.


LaTeX Warning: Reference `ex1' on page 9 undefined on input line 7.

Missing character: There is no â in font ptmr7t!
Missing character: There is no € in font ptmr7t!
Missing character: There is no ™ in font ptmr7t!

LaTeX Warning: Reference `ex1' on page 9 undefined on input line 12.


LaTeX Warning: Citation `multi0' on page 9 undefined on input line 13.


LaTeX Warning: Citation `multi1' on page 9 undefined on input line 13.


LaTeX Warning: Citation `multi2' on page 9 undefined on input line 13.


LaTeX Warning: Citation `multi3' on page 9 undefined on input line 13.

[9]

LaTeX Warning: Citation `al1' on page 10 undefined on input line 23.


LaTeX Warning: Reference `eqn:eq2' on page 10 undefined on input line 26.


LaTeX Warning: Reference `label' on page 10 undefined on input line 26.


LaTeX Warning: Reference `label' on page 10 undefined on input line 26.


LaTeX Warning: Citation `zhao2012bayesian' on page 10 undefined on input line 2
9.


LaTeX Warning: Reference `ex1' on page 10 undefined on input line 32.


LaTeX Warning: Citation `lc1' on page 10 undefined on input line 32.


LaTeX Warning: Citation `lc2' on page 10 undefined on input line 32.

[10]

LaTeX Warning: Citation `tsoumakas2006multi' on page 11 undefined on input line
 39.


LaTeX Warning: Citation `multi0' on page 11 undefined on input line 40.


LaTeX Warning: Citation `multi1' on page 11 undefined on input line 40.


LaTeX Warning: Citation `multi2' on page 11 undefined on input line 40.


LaTeX Warning: Citation `multi3' on page 11 undefined on input line 40.


LaTeX Warning: Citation `versionspace' on page 11 undefined on input line 40.


LaTeX Warning: Reference `ex1' on page 11 undefined on input line 42.


LaTeX Warning: Citation `baeza1999modern' on page 11 undefined on input line 42
.


LaTeX Warning: Citation `ito1992approximation' on page 11 undefined on input li
ne 42.

)
No file main.bbl.
[11] (./main.aux)

LaTeX Warning: There were undefined references.


LaTeX Warning: Label(s) may have changed. Rerun to get cross-references right.

 ) 
Here is how much of TeX's memory you used:
 4495 strings out of 493089
 65174 string characters out of 6134841
 127388 words of memory out of 5000000
 7866 multiletter control sequences out of 15000+600000
 34596 words of font info for 76 fonts, out of 8000000 for 9000
 1141 hyphenation exceptions out of 8191
 37i,16n,38p,1750b,330s stack positions out of 5000i,500n,10000p,200000b,80000s
{/usr/local/texlive/2015/texmf-dist/fonts/enc/dvips/base/8r.enc}</usr/local/t
exlive/2015/texmf-dist/fonts/type1/public/amsfonts/cm/cmex10.pfb></usr/local/te
xlive/2015/texmf-dist/fonts/type1/public/amsfonts/cm/cmmi10.pfb></usr/local/tex
live/2015/texmf-dist/fonts/type1/public/amsfonts/cm/cmmi6.pfb></usr/local/texli
ve/2015/texmf-dist/fonts/type1/public/amsfonts/cm/cmmi8.pfb></usr/local/texlive
/2015/texmf-dist/fonts/type1/public/amsfonts/cm/cmr10.pfb></usr/local/texlive/2
015/texmf-dist/fonts/type1/public/amsfonts/cm/cmr8.pfb></usr/local/texlive/2015
/texmf-dist/fonts/type1/public/amsfonts/cm/cmsy10.pfb></usr/local/texlive/2015/
texmf-dist/fonts/type1/public/amsfonts/cm/cmsy8.pfb></usr/local/texlive/2015/te
xmf-dist/fonts/type1/urw/times/utmb8a.pfb></usr/local/texlive/2015/texmf-dist/f
onts/type1/urw/times/utmbi8a.pfb></usr/local/texlive/2015/texmf-dist/fonts/type
1/urw/times/utmr8a.pfb></usr/local/texlive/2015/texmf-dist/fonts/type1/urw/time
s/utmri8a.pfb>
Output written on main.pdf (11 pages, 536394 bytes).
PDF statistics:
 92 PDF objects out of 1000 (max. 8388607)
 64 compressed objects within 1 object stream
 0 named destinations out of 1000 (max. 500000)
 6 words of extra memory for PDF output out of 10000 (max. 10000000)

