This is pdfTeX, Version 3.14159265-2.6-1.40.17 (TeX Live 2016) (preloaded format=pdflatex 2017.1.17)  8 MAR 2019 04:19
entering extended mode
 restricted \write18 enabled.
 %&-line parsing enabled.
**2019_de_bull_march_noll_hrm.tex
(./2019_de_bull_march_noll_hrm.tex
LaTeX2e <2016/03/31>
Babel <3.9r> and hyphenation patterns for 83 language(s) loaded.
(/usr/local/texlive/2016/texmf-dist/tex/latex/base/article.cls
Document Class: article 2014/09/29 v1.4h Standard LaTeX document class
(/usr/local/texlive/2016/texmf-dist/tex/latex/base/size11.clo
File: size11.clo 2014/09/29 v1.4h Standard LaTeX file (size option)
)
\c@part=\count79
\c@section=\count80
\c@subsection=\count81
\c@subsubsection=\count82
\c@paragraph=\count83
\c@subparagraph=\count84
\c@figure=\count85
\c@table=\count86
\abovecaptionskip=\skip41
\belowcaptionskip=\skip42
\bibindent=\dimen102
) (./deauthor.sty
Package: deauthor 2002/04/01 Data Engineering Bulletin Author package
\c@theorem=\count87
\c@example=\count88
) (/usr/local/texlive/2016/texmf-dist/tex/latex/psnfss/times.sty
Package: times 2005/04/12 PSNFSS-v9.2a (SPQR) 
)
(/usr/local/texlive/2016/texmf-dist/tex/latex/graphics/graphicx.sty
Package: graphicx 2014/10/28 v1.0g Enhanced LaTeX Graphics (DPC,SPQR)

(/usr/local/texlive/2016/texmf-dist/tex/latex/graphics/keyval.sty
Package: keyval 2014/10/28 v1.15 key=value parser (DPC)
\KV@toks@=\toks14
)
(/usr/local/texlive/2016/texmf-dist/tex/latex/graphics/graphics.sty
Package: graphics 2016/05/09 v1.0r Standard LaTeX Graphics (DPC,SPQR)

(/usr/local/texlive/2016/texmf-dist/tex/latex/graphics/trig.sty
Package: trig 2016/01/03 v1.10 sin cos tan (DPC)
)
(/usr/local/texlive/2016/texmf-dist/tex/latex/graphics-cfg/graphics.cfg
File: graphics.cfg 2016/01/02 v1.10 sample graphics configuration
)
Package graphics Info: Driver file: pdftex.def on input line 96.

(/Users/phbo/Library/texmf/tex/latex/graphics-def/pdftex.def
File: pdftex.def 2018/01/08 v1.0l Graphics/color driver for pdftex
))
\Gin@req@height=\dimen103
\Gin@req@width=\dimen104
)
(/usr/local/texlive/2016/texmf-dist/tex/latex/subfig/subfig.sty
Package: subfig 2005/06/28 ver: 1.3 subfig package

(/usr/local/texlive/2016/texmf-dist/tex/latex/caption/caption.sty
Package: caption 2016/02/21 v3.3-144 Customizing captions (AR)

(/usr/local/texlive/2016/texmf-dist/tex/latex/caption/caption3.sty
Package: caption3 2016/02/04 v1.7-139 caption3 kernel (AR)
Package caption3 Info: TeX engine: e-TeX on input line 67.
\captionmargin=\dimen105
\captionmargin@=\dimen106
\captionwidth=\dimen107
\caption@tempdima=\dimen108
\caption@indent=\dimen109
\caption@parindent=\dimen110
\caption@hangindent=\dimen111
)
\c@ContinuedFloat=\count89
)
\c@KVtest=\count90
\sf@farskip=\skip43
\sf@captopadj=\dimen112
\sf@capskip=\skip44
\sf@nearskip=\skip45
\c@subfigure=\count91
\c@subfigure@save=\count92
\c@lofdepth=\count93
\c@subtable=\count94
\c@subtable@save=\count95
\c@lotdepth=\count96
\sf@top=\skip46
\sf@bottom=\skip47
)
(/usr/local/texlive/2016/texmf-dist/tex/latex/listings/listings.sty
\lst@mode=\count97
\lst@gtempboxa=\box26
\lst@token=\toks15
\lst@length=\count98
\lst@currlwidth=\dimen113
\lst@column=\count99
\lst@pos=\count100
\lst@lostspace=\dimen114
\lst@width=\dimen115
\lst@newlines=\count101
\lst@lineno=\count102
\lst@maxwidth=\dimen116

(/usr/local/texlive/2016/texmf-dist/tex/latex/listings/lstmisc.sty
File: lstmisc.sty 2015/06/04 1.6 (Carsten Heinz)
\c@lstnumber=\count103
\lst@skipnumbers=\count104
\lst@framebox=\box27
)
(/usr/local/texlive/2016/texmf-dist/tex/latex/listings/listings.cfg
File: listings.cfg 2015/06/04 1.6 listings configuration
))
Package: listings 2015/06/04 1.6 (Carsten Heinz)

(/usr/local/texlive/2016/texmf-dist/tex/latex/hyperref/hyperref.sty
Package: hyperref 2016/05/05 v6.83n Hypertext links for LaTeX

(/usr/local/texlive/2016/texmf-dist/tex/generic/oberdiek/hobsub-hyperref.sty
Package: hobsub-hyperref 2016/05/16 v1.14 Bundle oberdiek, subset hyperref (HO)


(/usr/local/texlive/2016/texmf-dist/tex/generic/oberdiek/hobsub-generic.sty
Package: hobsub-generic 2016/05/16 v1.14 Bundle oberdiek, subset generic (HO)
Package: hobsub 2016/05/16 v1.14 Construct package bundles (HO)
Package: infwarerr 2016/05/16 v1.4 Providing info/warning/error messages (HO)
Package: ltxcmds 2016/05/16 v1.23 LaTeX kernel commands for general use (HO)
Package: ifluatex 2016/05/16 v1.4 Provides the ifluatex switch (HO)
Package ifluatex Info: LuaTeX not detected.
Package: ifvtex 2016/05/16 v1.6 Detect VTeX and its facilities (HO)
Package ifvtex Info: VTeX not detected.
Package: intcalc 2016/05/16 v1.2 Expandable calculations with integers (HO)
Package: ifpdf 2016/05/14 v3.1 Provides the ifpdf switch
Package: etexcmds 2016/05/16 v1.6 Avoid name clashes with e-TeX commands (HO)
Package etexcmds Info: Could not find \expanded.
(etexcmds)             That can mean that you are not using pdfTeX 1.50 or
(etexcmds)             that some package has redefined \expanded.
(etexcmds)             In the latter case, load this package earlier.
Package: kvsetkeys 2016/05/16 v1.17 Key value parser (HO)
Package: kvdefinekeys 2016/05/16 v1.4 Define keys (HO)
Package: pdftexcmds 2016/05/10 v0.21 Utility functions of pdfTeX for LuaTeX (HO
)
Package pdftexcmds Info: LuaTeX not detected.
Package pdftexcmds Info: \pdf@primitive is available.
Package pdftexcmds Info: \pdf@ifprimitive is available.
Package pdftexcmds Info: \pdfdraftmode found.
Package: pdfescape 2016/05/16 v1.14 Implements pdfTeX's escape features (HO)
Package: bigintcalc 2016/05/16 v1.4 Expandable calculations on big integers (HO
)
Package: bitset 2016/05/16 v1.2 Handle bit-vector datatype (HO)
Package: uniquecounter 2016/05/16 v1.3 Provide unlimited unique counter (HO)
)
Package hobsub Info: Skipping package `hobsub' (already loaded).
Package: letltxmacro 2016/05/16 v1.5 Let assignment for LaTeX macros (HO)
Package: hopatch 2016/05/16 v1.3 Wrapper for package hooks (HO)
Package: xcolor-patch 2016/05/16 xcolor patch
Package: atveryend 2016/05/16 v1.9 Hooks at the very end of document (HO)
Package atveryend Info: \enddocument detected (standard20110627).
Package: atbegshi 2016/05/16 v1.17 At begin shipout hook (HO)
Package: refcount 2016/05/16 v3.5 Data extraction from label references (HO)
Package: hycolor 2016/05/16 v1.8 Color options for hyperref/bookmark (HO)
)
(/usr/local/texlive/2016/texmf-dist/tex/generic/ifxetex/ifxetex.sty
Package: ifxetex 2010/09/12 v0.6 Provides ifxetex conditional
)
(/usr/local/texlive/2016/texmf-dist/tex/latex/oberdiek/auxhook.sty
Package: auxhook 2016/05/16 v1.4 Hooks for auxiliary files (HO)
)
(/usr/local/texlive/2016/texmf-dist/tex/latex/oberdiek/kvoptions.sty
Package: kvoptions 2016/05/16 v3.12 Key value format for package options (HO)
)
\@linkdim=\dimen117
\Hy@linkcounter=\count105
\Hy@pagecounter=\count106

(/usr/local/texlive/2016/texmf-dist/tex/latex/hyperref/pd1enc.def
File: pd1enc.def 2016/05/05 v6.83n Hyperref: PDFDocEncoding definition (HO)
)
\Hy@SavedSpaceFactor=\count107

(/usr/local/texlive/2016/texmf-dist/tex/latex/latexconfig/hyperref.cfg
File: hyperref.cfg 2002/06/06 v1.2 hyperref configuration of TeXLive
)
Package hyperref Info: Hyper figures OFF on input line 4446.
Package hyperref Info: Link nesting OFF on input line 4451.
Package hyperref Info: Hyper index ON on input line 4454.
Package hyperref Info: Plain pages OFF on input line 4461.
Package hyperref Info: Backreferencing OFF on input line 4466.
Package hyperref Info: Implicit mode ON; LaTeX internals redefined.
Package hyperref Info: Bookmarks ON on input line 4691.
\c@Hy@tempcnt=\count108

(/usr/local/texlive/2016/texmf-dist/tex/latex/url/url.sty
\Urlmuskip=\muskip10
Package: url 2013/09/16  ver 3.4  Verb mode for urls, etc.
)
LaTeX Info: Redefining \url on input line 5044.
\XeTeXLinkMargin=\dimen118
\Fld@menulength=\count109
\Field@Width=\dimen119
\Fld@charsize=\dimen120
Package hyperref Info: Hyper figures OFF on input line 6298.
Package hyperref Info: Link nesting OFF on input line 6303.
Package hyperref Info: Hyper index ON on input line 6306.
Package hyperref Info: backreferencing OFF on input line 6313.
Package hyperref Info: Link coloring OFF on input line 6318.
Package hyperref Info: Link coloring with OCG OFF on input line 6323.
Package hyperref Info: PDF/A mode OFF on input line 6328.
LaTeX Info: Redefining \ref on input line 6368.
LaTeX Info: Redefining \pageref on input line 6372.
\Hy@abspage=\count110
\c@Item=\count111
\c@Hfootnote=\count112
)

Package hyperref Message: Driver (autodetected): hpdftex.

(/usr/local/texlive/2016/texmf-dist/tex/latex/hyperref/hpdftex.def
File: hpdftex.def 2016/05/05 v6.83n Hyperref driver for pdfTeX
\Fld@listcount=\count113
\c@bookmark@seq@number=\count114

(/usr/local/texlive/2016/texmf-dist/tex/latex/oberdiek/rerunfilecheck.sty
Package: rerunfilecheck 2016/05/16 v1.8 Rerun checks for auxiliary files (HO)
Package uniquecounter Info: New unique counter `rerunfilecheck' on input line 2
82.
)
\Hy@SectionHShift=\skip48
)
No file 2019_de_bull_march_noll_hrm.aux.
\openout1 = `2019_de_bull_march_noll_hrm.aux'.

LaTeX Font Info:    Checking defaults for OML/cmm/m/it on input line 22.
LaTeX Font Info:    ... okay on input line 22.
LaTeX Font Info:    Checking defaults for T1/cmr/m/n on input line 22.
LaTeX Font Info:    ... okay on input line 22.
LaTeX Font Info:    Checking defaults for OT1/cmr/m/n on input line 22.
LaTeX Font Info:    ... okay on input line 22.
LaTeX Font Info:    Checking defaults for OMS/cmsy/m/n on input line 22.
LaTeX Font Info:    ... okay on input line 22.
LaTeX Font Info:    Checking defaults for OMX/cmex/m/n on input line 22.
LaTeX Font Info:    ... okay on input line 22.
LaTeX Font Info:    Checking defaults for U/cmr/m/n on input line 22.
LaTeX Font Info:    ... okay on input line 22.
LaTeX Font Info:    Checking defaults for PD1/pdf/m/n on input line 22.
LaTeX Font Info:    ... okay on input line 22.
LaTeX Font Info:    Try loading font information for OT1+ptm on input line 22.
(/usr/local/texlive/2016/texmf-dist/tex/latex/psnfss/ot1ptm.fd
File: ot1ptm.fd 2001/06/04 font definitions for OT1/ptm.
)
(/usr/local/texlive/2016/texmf-dist/tex/context/base/mkii/supp-pdf.mkii
[Loading MPS to PDF converter (version 2006.09.02).]
\scratchcounter=\count115
\scratchdimen=\dimen121
\scratchbox=\box28
\nofMPsegments=\count116
\nofMParguments=\count117
\everyMPshowfont=\toks16
\MPscratchCnt=\count118
\MPscratchDim=\dimen122
\MPnumerator=\count119
\makeMPintoPDFobject=\count120
\everyMPtoPDFconversion=\toks17
) (/usr/local/texlive/2016/texmf-dist/tex/latex/oberdiek/epstopdf-base.sty
Package: epstopdf-base 2016/05/15 v2.6 Base part for package epstopdf

(/usr/local/texlive/2016/texmf-dist/tex/latex/oberdiek/grfext.sty
Package: grfext 2016/05/16 v1.2 Manage graphics extensions (HO)
)
Package epstopdf-base Info: Redefining graphics rule for `.eps' on input line 4
38.
Package grfext Info: Graphics extension search list:
(grfext)             [.pdf,.png,.jpg,.mps,.jpeg,.jbig2,.jb2,.PDF,.PNG,.JPG,.JPE
G,.JBIG2,.JB2,.eps]
(grfext)             \AppendGraphicsExtensions on input line 456.

(/usr/local/texlive/2016/texmf-dist/tex/latex/latexconfig/epstopdf-sys.cfg
File: epstopdf-sys.cfg 2010/07/13 v1.3 Configuration of (r)epstopdf for TeX Liv
e
))
Package caption Info: Begin \AtBeginDocument code.
Package caption Info: subfig package v1.3 is loaded.
Package caption Info: hyperref package is loaded.
Package caption Info: listings package is loaded.
Package caption Info: End \AtBeginDocument code.
\c@lstlisting=\count121
\AtBeginShipoutBox=\box29
Package hyperref Info: Link coloring OFF on input line 22.

(/usr/local/texlive/2016/texmf-dist/tex/latex/hyperref/nameref.sty
Package: nameref 2012/10/27 v2.43 Cross-referencing by name of section

(/usr/local/texlive/2016/texmf-dist/tex/generic/oberdiek/gettitlestring.sty
Package: gettitlestring 2016/05/16 v1.5 Cleanup title references (HO)
)
\c@section@level=\count122
)
LaTeX Info: Redefining \ref on input line 22.
LaTeX Info: Redefining \pageref on input line 22.
LaTeX Info: Redefining \nameref on input line 22.
\@outlinefile=\write3
\openout3 = `2019_de_bull_march_noll_hrm.out'.

LaTeX Font Info:    External font `cmex10' loaded for size
(Font)              <9> on input line 23.
LaTeX Font Info:    External font `cmex10' loaded for size
(Font)              <6> on input line 23.
LaTeX Font Info:    External font `cmex10' loaded for size
(Font)              <5> on input line 23.


Package hyperref Warning: Ignoring empty anchor on input line 23.

LaTeX Font Info:    Font shape `OT1/ptm/bx/n' in size <9> not available
(Font)              Font shape `OT1/ptm/b/n' tried instead on input line 23.

Underfull \hbox (badness 10000) in paragraph at lines 23--23

 []

LaTeX Font Info:    Font shape `OT1/ptm/bx/n' in size <17.28> not available
(Font)              Font shape `OT1/ptm/b/n' tried instead on input line 43.
LaTeX Font Info:    External font `cmex10' loaded for size
(Font)              <12> on input line 43.
LaTeX Font Info:    External font `cmex10' loaded for size
(Font)              <8> on input line 43.
LaTeX Font Info:    External font `cmex10' loaded for size
(Font)              <7> on input line 43.
LaTeX Font Info:    Try loading font information for OT1+pcr on input line 43.
(/usr/local/texlive/2016/texmf-dist/tex/latex/psnfss/ot1pcr.fd
File: ot1pcr.fd 2001/06/04 font definitions for OT1/pcr.
)
LaTeX Font Info:    Try loading font information for OMS+pcr on input line 43.

(/usr/local/texlive/2016/texmf-dist/tex/latex/psnfss/omspcr.fd
File: omspcr.fd 
)
LaTeX Font Info:    Font shape `OMS/pcr/m/n' in size <9> not available
(Font)              Font shape `OMS/cmsy/m/n' tried instead on input line 43.
LaTeX Font Info:    Font shape `OT1/ptm/bx/n' in size <10.95> not available
(Font)              Font shape `OT1/ptm/b/n' tried instead on input line 44.
LaTeX Font Info:    Font shape `OT1/ptm/bx/n' in size <14.4> not available
(Font)              Font shape `OT1/ptm/b/n' tried instead on input line 53.


LaTeX Warning: Citation `nollhrm19:Plattner:2009:ACA' on page 1 undefined on in
put line 54.


LaTeX Warning: Citation `nollhrm19:Boehm:2016:OAD' on page 1 undefined on input
 line 54.


LaTeX Warning: Citation `nollhrm19:Leukert:2015:TIR' on page 1 undefined on inp
ut line 56.


LaTeX Warning: Citation `nollhrm19:Wolf:2014:SUM' on page 1 undefined on input 
line 59.

[1

{/usr/local/texlive/2016/texmf-var/fonts/map/pdftex/updmap/pdftex.map}]

LaTeX Warning: Citation `nollhrm19:Giceva:2013:COD' on page 2 undefined on inpu
t line 64.


LaTeX Warning: Citation `nollhrm19:Giceva:2017:COS' on page 2 undefined on inpu
t line 64.


LaTeX Warning: Citation `nollhrm19:Boehm:2015:NOT' on page 2 undefined on input
 line 65.


Overfull \hbox (0.54773pt too wide) in paragraph at lines 64--66
[]\OT1/ptm/m/n/10.95 Motivated by these ob-ser-va-tions, we share the opin-ion 
of other re-searchers that in-di-vid-ual hard- and software-
 []


LaTeX Warning: Reference `nollhrm19:sec:hana_wlm' on page 2 undefined on input 
line 69.


LaTeX Warning: Reference `nollhrm19:sec:cpu_cache_partitioning' on page 2 undef
ined on input line 71.


LaTeX Warning: Reference `nollhrm19:sec:dbms_os' on page 2 undefined on input l
ine 73.


LaTeX Warning: Reference `nollhrm19:sec:conclusion' on page 2 undefined on inpu
t line 75.


LaTeX Warning: Citation `nollhrm19:Wolf:2014:SUM' on page 2 undefined on input 
line 89.


LaTeX Warning: Citation `nollhrm19:Zhang:AWLM:2014' on page 2 undefined on inpu
t line 91.


LaTeX Warning: Citation `nollhrm19:HANA:2018:AdminGuide' on page 2 undefined on
 input line 92.


LaTeX Warning: Citation `nollhrm19:Psaroudakis:2015:SUC:2824032.2824043' on pag
e 2 undefined on input line 92.

[2]

LaTeX Warning: Reference `nollhrm19:lst:workload_classes' on page 3 undefined o
n input line 104.

LaTeX Font Info:    External font `cmex10' loaded for size
(Font)              <10.95> on input line 105.
(/usr/local/texlive/2016/texmf-dist/tex/latex/listings/lstlang1.sty
File: lstlang1.sty 2015/06/04 1.6 listings language file
)
LaTeX Font Info:    Font shape `OT1/pcr/bx/n' in size <10.95> not available
(Font)              Font shape `OT1/pcr/b/n' tried instead on input line 116.
Package pdftex.def Info: Option `bb' equivalent to `viewport' with pdftex drive
r on input line 128.
<figs/figure1.pdf, id=25, 318.31989pt x 178.3403pt>
File: figs/figure1.pdf Graphic file (type pdf)
<use figs/figure1.pdf>
Package pdftex.def Info: figs/figure1.pdf  used on input line 128.
(pdftex.def)             Requested size: 318.18874pt x 178.6675pt.


LaTeX Warning: Reference `nollhrm19:plt:wlm_jmeter' on page 3 undefined on inpu
t line 132.


LaTeX Warning: Reference `nollhrm19:lst:workload_classes' on page 3 undefined o
n input line 137.

Package pdftex.def Info: Option `bb' equivalent to `viewport' with pdftex drive
r on input line 143.
<figs/figure2.pdf, id=26, 428.94173pt x 179.09279pt>
File: figs/figure2.pdf Graphic file (type pdf)
<use figs/figure2.pdf>
Package pdftex.def Info: figs/figure2.pdf  used on input line 143.
(pdftex.def)             Requested size: 428.60124pt x 178.6675pt.

LaTeX Warning: Reference `nollhrm19:fig:hana_admission_control' on page 3 undef
ined on input line 152.

[3 <./figs/figure1.pdf>]

LaTeX Warning: Citation `nollhrm19:Noll:2018' on page 4 undefined on input line
 183.


LaTeX Warning: Citation `nollhrm19:Intel:2015:CAT:whitepaper' on page 4 undefin
ed on input line 185.

[4 <./figs/figure2.pdf>]

LaTeX Warning: Citation `nollhrm19:Lee:2009:MMC:1687627.1687670' on page 5 unde
fined on input line 201.


LaTeX Warning: Citation `nollhrm19:4658653' on page 5 undefined on input line 2
03.


LaTeX Warning: Citation `nollhrm19:Zhang:2009:TPP:1519065.1519076' on page 5 un
defined on input line 203.

Package pdftex.def Info: Option `bb' equivalent to `viewport' with pdftex drive
r on input line 207.
<figs/figure3.pdf, id=105, 261.12767pt x 140.71576pt>
File: figs/figure3.pdf Graphic file (type pdf)
<use figs/figure3.pdf>
Package pdftex.def Info: figs/figure3.pdf  used on input line 207.
(pdftex.def)             Requested size: 260.97499pt x 140.525pt.

LaTeX Warning: Citation `nollhrm19:Intel:2015:CAT:whitepaper' on page 5 undefin
ed on input line 212.


LaTeX Warning: Citation `nollhrm19:Intel:2017:CAT:Kernel' on page 5 undefined o
n input line 213.


LaTeX Warning: Reference `nollhrm19:fig:hana_cat' on page 5 undefined on input 
line 214.


LaTeX Warning: Citation `nollhrm19:Psaroudakis:2015:SUC:2824032.2824043' on pag
e 5 undefined on input line 216.


LaTeX Warning: Citation `nollhrm19:Noll:2018' on page 5 undefined on input line
 227.

[5 <./figs/figure3.pdf>]

LaTeX Warning: Citation `nollhrm19:Chou:1985:EBM:1286760.1286772' on page 6 und
efined on input line 230.


LaTeX Warning: Citation `nollhrm19:Tam:2009:RAL:1508244.1508259' on page 6 unde
fined on input line 231.


LaTeX Warning: Citation `nollhrm19:Manegold:2002:GDC:1287369.1287387' on page 6
 undefined on input line 231.


LaTeX Warning: Citation `nollhrm19:Zhou:2004:DTP:1024393.1024415' on page 6 und
efined on input line 231.


LaTeX Warning: Reference `nollhrm19:plt:scan_aggregate' on page 6 undefined on 
input line 234.


LaTeX Warning: Reference `nollhrm19:plt:scan_aggregate' on page 6 undefined on 
input line 236.


LaTeX Warning: Citation `nollhrm19:Noll:2018' on page 6 undefined on input line
 249.

Package pdftex.def Info: Option `bb' equivalent to `viewport' with pdftex drive
r on input line 255.
<figs/figure4.pdf, id=134, 462.05301pt x 152.00314pt>
File: figs/figure4.pdf Graphic file (type pdf)
<use figs/figure4.pdf>
Package pdftex.def Info: figs/figure4.pdf  used on input line 255.
(pdftex.def)             Requested size: 461.72499pt x 151.56624pt.
[6]
LaTeX Font Info:    Font shape `OT1/ptm/bx/n' in size <12> not available
(Font)              Font shape `OT1/ptm/b/n' tried instead on input line 280.


LaTeX Warning: Citation `nollhrm19:IBM:2004:DB2Memory' on page 7 undefined on i
nput line 283.


LaTeX Warning: Citation `nollhrm19:Oracle:2018:Memory' on page 7 undefined on i
nput line 283.


LaTeX Warning: Citation `nollhrm19:Oukid:2017:MMT:3137628.3137629' on page 7 un
defined on input line 288.


LaTeX Warning: Reference `nollhrm19:sec:hana_wlm' on page 7 undefined on input 
line 290.


LaTeX Warning: Citation `nollhrm19:PsaroudakisSMA13' on page 7 undefined on inp
ut line 304.


LaTeX Warning: Citation `nollhrm19:Psaroudakis:2016:AND:3015274.3015275' on pag
e 7 undefined on input line 305.

[7 <./figs/figure4.pdf>]

LaTeX Warning: Citation `nollhrm19:kleen2005numa' on page 8 undefined on input 
line 330.


LaTeX Warning: Citation `nollhrm19:Giceva:2013:COD' on page 8 undefined on inpu
t line 332.

Package pdftex.def Info: Option `bb' equivalent to `viewport' with pdftex drive
r on input line 336.
<figs/figure5.pdf, id=173, 170.07162pt x 191.13264pt>
File: figs/figure5.pdf Graphic file (type pdf)
<use figs/figure5.pdf>
Package pdftex.def Info: figs/figure5.pdf  used on input line 336.
(pdftex.def)             Requested size: 169.63374pt x 190.7125pt.

LaTeX Warning: Reference `nollhrm19:plt:mxkernel' on page 8 undefined on input 
line 344.


LaTeX Warning: Reference `nollhrm19:sec:hana_wlm' on page 8 undefined on input 
line 360.


LaTeX Warning: Reference `nollhrm19:sec:cpu_cache_partitioning' on page 8 undef
ined on input line 360.

[8]

LaTeX Warning: Citation `nollhrm19:Lehman:1981:ELC:319628.319663' on page 9 und
efined on input line 371.


LaTeX Warning: Citation `nollhrm19:Lehman:1981:ELC:319628.319663' on page 9 und
efined on input line 372.

Package pdftex.def Info: Option `bb' equivalent to `viewport' with pdftex drive
r on input line 383.
<figs/figure6.pdf, id=182, 318.31989pt x 211.4499pt>
File: figs/figure6.pdf Graphic file (type pdf)
<use figs/figure6.pdf>
Package pdftex.def Info: figs/figure6.pdf  used on input line 383.
(pdftex.def)             Requested size: 318.18874pt x 211.79124pt.

LaTeX Warning: Reference `nollhrm19:fig:blinktree:results' on page 9 undefined 
on input line 392.

[9 <./figs/figure5.pdf>]
Overfull \hbox (7.94963pt too wide) in paragraph at lines 423--426
[]\OT1/ptm/m/n/10.95 By shar-ing con-text in-for-ma-tion be-tween the ap-pli-ca
-tion and the DBMS, sys-tems can im-ple-ment an application-
 []

[10 <./figs/figure6.pdf>]
Underfull \hbox (badness 10000) in paragraph at lines 472--473
[][]\OT1/ptm/m/n/10 . []. []$\OT1/pcr/m/n/10 https : / / help . sap . com / vie
wer /
 []

[11]
Missing character: There is no â in font ptmr7t!
Missing character: There is no € in font ptmr7t!
Missing character: There is no ™ in font ptmr7t!
Package atveryend Info: Empty hook `BeforeClearDocument' on input line 535.
 [12]
Package atveryend Info: Empty hook `AfterLastShipout' on input line 535.
 (./2019_de_bull_march_noll_hrm.aux)
Package atveryend Info: Executing hook `AtVeryEndDocument' on input line 535.
Package atveryend Info: Executing hook `AtEndAfterFileList' on input line 535.


Package rerunfilecheck Warning: File `2019_de_bull_march_noll_hrm.out' has chan
ged.
(rerunfilecheck)                Rerun to get outlines right
(rerunfilecheck)                or use package `bookmark'.

Package rerunfilecheck Info: Checksums for `2019_de_bull_march_noll_hrm.out':
(rerunfilecheck)             Before: <no file>
(rerunfilecheck)             After:  2E663C953A9ADF5D5262430E3C8AC818;402.

LaTeX Warning: There were undefined references.


LaTeX Warning: Label(s) may have changed. Rerun to get cross-references right.

Package atveryend Info: Empty hook `AtVeryVeryEnd' on input line 535.
 ) 
Here is how much of TeX's memory you used:
 7930 strings out of 493014
 122265 string characters out of 6133351
 216526 words of memory out of 5000000
 11324 multiletter control sequences out of 15000+600000
 31814 words of font info for 65 fonts, out of 8000000 for 9000
 1141 hyphenation exceptions out of 8191
 44i,8n,42p,503b,1190s stack positions out of 5000i,500n,10000p,200000b,80000s
{/usr/local/texlive/2016/texmf-dist/fonts/enc/dvips/base/8r.enc}</usr/local/t
exlive/2016/texmf-dist/fonts/type1/public/amsfonts/cm/cmmi10.pfb></usr/local/te
xlive/2016/texmf-dist/fonts/type1/public/amsfonts/cm/cmmi8.pfb></usr/local/texl
ive/2016/texmf-dist/fonts/type1/public/amsfonts/cm/cmr10.pfb></usr/local/texliv
e/2016/texmf-dist/fonts/type1/public/amsfonts/cm/cmr7.pfb></usr/local/texlive/2
016/texmf-dist/fonts/type1/public/amsfonts/cm/cmr8.pfb></usr/local/texlive/2016
/texmf-dist/fonts/type1/public/amsfonts/cm/cmr9.pfb></usr/local/texlive/2016/te
xmf-dist/fonts/type1/public/amsfonts/cm/cmsy10.pfb></usr/local/texlive/2016/tex
mf-dist/fonts/type1/public/amsfonts/cm/cmsy7.pfb></usr/local/texlive/2016/texmf
-dist/fonts/type1/public/amsfonts/cm/cmsy9.pfb></usr/local/texlive/2016/texmf-d
ist/fonts/type1/urw/courier/ucrb8a.pfb></usr/local/texlive/2016/texmf-dist/font
s/type1/urw/courier/ucrr8a.pfb></usr/local/texlive/2016/texmf-dist/fonts/type1/
urw/times/utmb8a.pfb></usr/local/texlive/2016/texmf-dist/fonts/type1/urw/times/
utmr8a.pfb></usr/local/texlive/2016/texmf-dist/fonts/type1/urw/times/utmri8a.pf
b>
Output written on 2019_de_bull_march_noll_hrm.pdf (12 pages, 435269 bytes).
PDF statistics:
 325 PDF objects out of 1000 (max. 8388607)
 260 compressed objects within 3 object streams
 78 named destinations out of 1000 (max. 500000)
 31 words of extra memory for PDF output out of 10000 (max. 10000000)

