This is pdfTeX, Version 3.14159265-2.6-1.40.20 (TeX Live 2019) (preloaded format=pdflatex 2019.5.8)  2 JUN 2020 03:36
entering extended mode
 \write18 enabled.
 %&-line parsing enabled.
**deissue.tex
(./deissue.tex
LaTeX2e <2018-12-01>
(/usr/local/texlive/2019/texmf-dist/tex/latex/base/article.cls
Document Class: article 2018/09/03 v1.4i Standard LaTeX document class
(/usr/local/texlive/2019/texmf-dist/tex/latex/base/size11.clo
File: size11.clo 2018/09/03 v1.4i Standard LaTeX file (size option)
)
\c@part=\count80
\c@section=\count81
\c@subsection=\count82
\c@subsubsection=\count83
\c@paragraph=\count84
\c@subparagraph=\count85
\c@figure=\count86
\c@table=\count87
\abovecaptionskip=\skip41
\belowcaptionskip=\skip42
\bibindent=\dimen102
)
(/usr/local/texlive/2019/texmf-dist/tex/latex/psnfss/times.sty
Package: times 2005/04/12 PSNFSS-v9.2a (SPQR) 
)
(/usr/local/texlive/2019/texmf-dist/tex/latex/graphics/epsfig.sty
Package: epsfig 2017/06/25 v1.7b (e)psfig emulation (SPQR)

(/usr/local/texlive/2019/texmf-dist/tex/latex/graphics/graphicx.sty
Package: graphicx 2017/06/01 v1.1a Enhanced LaTeX Graphics (DPC,SPQR)

(/usr/local/texlive/2019/texmf-dist/tex/latex/graphics/keyval.sty
Package: keyval 2014/10/28 v1.15 key=value parser (DPC)
\KV@toks@=\toks14
)
(/usr/local/texlive/2019/texmf-dist/tex/latex/graphics/graphics.sty
Package: graphics 2017/06/25 v1.2c Standard LaTeX Graphics (DPC,SPQR)

(/usr/local/texlive/2019/texmf-dist/tex/latex/graphics/trig.sty
Package: trig 2016/01/03 v1.10 sin cos tan (DPC)
)
(/usr/local/texlive/2019/texmf-dist/tex/latex/graphics-cfg/graphics.cfg
File: graphics.cfg 2016/06/04 v1.11 sample graphics configuration
)
Package graphics Info: Driver file: pdftex.def on input line 99.

(/usr/local/texlive/2019/texmf-dist/tex/latex/graphics-def/pdftex.def
File: pdftex.def 2018/01/08 v1.0l Graphics/color driver for pdftex
))
\Gin@req@height=\dimen103
\Gin@req@width=\dimen104
)
\epsfxsize=\dimen105
\epsfysize=\dimen106
)
(/usr/local/texlive/2019/texmf-dist/tex/latex/caption/subcaption.sty
Package: subcaption 2018/05/01 v1.1-162 Sub-captions (AR)

(/usr/local/texlive/2019/texmf-dist/tex/latex/caption/caption.sty
Package: caption 2018/10/06 v3.3-154 Customizing captions (AR)

(/usr/local/texlive/2019/texmf-dist/tex/latex/caption/caption3.sty
Package: caption3 2018/09/12 v1.8c caption3 kernel (AR)
Package caption3 Info: TeX engine: e-TeX on input line 64.
\captionmargin=\dimen107
\captionmargin@=\dimen108
\captionwidth=\dimen109
\caption@tempdima=\dimen110
\caption@indent=\dimen111
\caption@parindent=\dimen112
\caption@hangindent=\dimen113
)
\c@caption@flags=\count88
\c@ContinuedFloat=\count89
)
\c@subfigure=\count90
\c@subtable=\count91
)
(/usr/local/texlive/2019/texmf-dist/tex/latex/wrapfig/wrapfig.sty
\wrapoverhang=\dimen114
\WF@size=\dimen115
\c@WF@wrappedlines=\count92
\WF@box=\box27
\WF@everypar=\toks15
Package: wrapfig 2003/01/31  v 3.6
)
(/usr/local/texlive/2019/texmf-dist/tex/latex/algorithms/algorithmic.sty
Package: algorithmic 2009/08/24 v0.1 Document Style `algorithmic'

(/usr/local/texlive/2019/texmf-dist/tex/latex/base/ifthen.sty
Package: ifthen 2014/09/29 v1.1c Standard LaTeX ifthen package (DPC)
)
\c@ALC@unique=\count93
\c@ALC@line=\count94
\c@ALC@rem=\count95
\c@ALC@depth=\count96
\ALC@tlm=\skip43
\algorithmicindent=\skip44
)
(/usr/local/texlive/2019/texmf-dist/tex/latex/graphics/color.sty
Package: color 2016/07/10 v1.1e Standard LaTeX Color (DPC)

(/usr/local/texlive/2019/texmf-dist/tex/latex/graphics-cfg/color.cfg
File: color.cfg 2016/01/02 v1.6 sample color configuration
)
Package color Info: Driver file: pdftex.def on input line 147.
)
(/usr/local/texlive/2019/texmf-dist/tex/latex/boxedminipage/boxedminipage.sty)
(/usr/local/texlive/2019/texmf-dist/tex/latex/url/url.sty
\Urlmuskip=\muskip10
Package: url 2013/09/16  ver 3.4  Verb mode for urls, etc.
)
(/usr/local/texlive/2019/texmf-dist/tex/latex/preprint/authblk.sty
Package: authblk 2001/02/27 1.3 (PWD)
\affilsep=\skip45
\@affilsep=\skip46
\c@Maxaffil=\count97
\c@authors=\count98
\c@affil=\count99
)
(./debulletin.sty
Package: debulletin 2002/04/01 Data Engineering Bulletin package
\@IEEElogo=\box28
\@IEEElogoht=\dimen116
\@insidefrontpagenumber=\box29
\@insidebackpagenumber=\box30
\physicalpagewidth=\dimen117
\physicalpageheight=\dimen118
\coverwidth=\dimen119
\coverheight=\dimen120
\tocpagenumwidth=\dimen121
\toclhindent=\dimen122
\tocrhindent=\dimen123
\tocindention=\dimen124
)
(/usr/local/texlive/2019/texmf-dist/tex/latex/etoolbox/etoolbox.sty
Package: etoolbox 2018/08/19 v2.5f e-TeX tools for LaTeX (JAW)
\etb@tempcnta=\count100
)
(/usr/local/texlive/2019/texmf-dist/tex/latex/totcount/totcount.sty
Package: totcount 2011/01/25 v1.2 package for gettingthe total value of LaTeX c
ounters
)
(/usr/local/texlive/2019/texmf-dist/tex/latex/import/import.sty
Package: import 2009/03/23  v 5.1
)
(/usr/local/texlive/2019/texmf-dist/tex/latex/xcolor/xcolor.sty
Package: xcolor 2016/05/11 v2.12 LaTeX color extensions (UK)

(/usr/local/texlive/2019/texmf-dist/tex/latex/graphics-cfg/color.cfg
File: color.cfg 2016/01/02 v1.6 sample color configuration
)
Package xcolor Info: Driver file: pdftex.def on input line 225.
LaTeX Info: Redefining \color on input line 709.
Package xcolor Info: Model `cmy' substituted by `cmy0' on input line 1348.
Package xcolor Info: Model `hsb' substituted by `rgb' on input line 1352.
Package xcolor Info: Model `RGB' extended on input line 1364.
Package xcolor Info: Model `HTML' substituted by `rgb' on input line 1366.
Package xcolor Info: Model `Hsb' substituted by `hsb' on input line 1367.
Package xcolor Info: Model `tHsb' substituted by `hsb' on input line 1368.
Package xcolor Info: Model `HSB' substituted by `hsb' on input line 1369.
Package xcolor Info: Model `Gray' substituted by `gray' on input line 1370.
Package xcolor Info: Model `wave' substituted by `hsb' on input line 1371.
)
(/usr/local/texlive/2019/texmf-dist/tex/latex/microtype/microtype.sty
Package: microtype 2019/02/28 v2.7b Micro-typographical refinements (RS)
\MT@toks=\toks16
\MT@count=\count101
LaTeX Info: Redefining \textls on input line 790.
\MT@outer@kern=\dimen125
LaTeX Info: Redefining \textmicrotypecontext on input line 1336.
\MT@listname@count=\count102

(/usr/local/texlive/2019/texmf-dist/tex/latex/microtype/microtype-pdftex.def
File: microtype-pdftex.def 2019/02/28 v2.7b Definitions specific to pdftex (RS)

LaTeX Info: Redefining \lsstyle on input line 914.
LaTeX Info: Redefining \lslig on input line 914.
\MT@outer@space=\skip47
)
Package microtype Info: Loading configuration file microtype.cfg.

(/usr/local/texlive/2019/texmf-dist/tex/latex/microtype/microtype.cfg
File: microtype.cfg 2019/02/28 v2.7b microtype main configuration file (RS)
))
(/usr/local/texlive/2019/texmf-dist/tex/latex/multirow/multirow.sty
Package: multirow 2019/01/01 v2.4 Span multiple rows of a table
\multirow@colwidth=\skip48
\multirow@cntb=\count103
\multirow@dima=\skip49
\bigstrutjot=\dimen126
)
(/usr/local/texlive/2019/texmf-dist/tex/latex/amsmath/amsmath.sty
Package: amsmath 2018/12/01 v2.17b AMS math features
\@mathmargin=\skip50

For additional information on amsmath, use the `?' option.
(/usr/local/texlive/2019/texmf-dist/tex/latex/amsmath/amstext.sty
Package: amstext 2000/06/29 v2.01 AMS text

(/usr/local/texlive/2019/texmf-dist/tex/latex/amsmath/amsgen.sty
File: amsgen.sty 1999/11/30 v2.0 generic functions
\@emptytoks=\toks17
\ex@=\dimen127
))
(/usr/local/texlive/2019/texmf-dist/tex/latex/amsmath/amsbsy.sty
Package: amsbsy 1999/11/29 v1.2d Bold Symbols
\pmbraise@=\dimen128
)
(/usr/local/texlive/2019/texmf-dist/tex/latex/amsmath/amsopn.sty
Package: amsopn 2016/03/08 v2.02 operator names
)
\inf@bad=\count104
LaTeX Info: Redefining \frac on input line 223.
\uproot@=\count105
\leftroot@=\count106
LaTeX Info: Redefining \overline on input line 385.
\classnum@=\count107
\DOTSCASE@=\count108
LaTeX Info: Redefining \ldots on input line 482.
LaTeX Info: Redefining \dots on input line 485.
LaTeX Info: Redefining \cdots on input line 606.
\Mathstrutbox@=\box31
\strutbox@=\box32
\big@size=\dimen129
LaTeX Font Info:    Redeclaring font encoding OML on input line 729.
LaTeX Font Info:    Redeclaring font encoding OMS on input line 730.
\macc@depth=\count109
\c@MaxMatrixCols=\count110
\dotsspace@=\muskip11
\c@parentequation=\count111
\dspbrk@lvl=\count112
\tag@help=\toks18
\row@=\count113
\column@=\count114
\maxfields@=\count115
\andhelp@=\toks19
\eqnshift@=\dimen130
\alignsep@=\dimen131
\tagshift@=\dimen132
\tagwidth@=\dimen133
\totwidth@=\dimen134
\lineht@=\dimen135
\@envbody=\toks20
\multlinegap=\skip51
\multlinetaggap=\skip52
\mathdisplay@stack=\toks21
LaTeX Info: Redefining \[ on input line 2844.
LaTeX Info: Redefining \] on input line 2845.
)
(/usr/local/texlive/2019/texmf-dist/tex/latex/amsfonts/amsfonts.sty
Package: amsfonts 2013/01/14 v3.01 Basic AMSFonts support
\symAMSa=\mathgroup4
\symAMSb=\mathgroup5
LaTeX Font Info:    Overwriting math alphabet `\mathfrak' in version `bold'
(Font)                  U/euf/m/n --> U/euf/b/n on input line 106.
)
(/usr/local/texlive/2019/texmf-dist/tex/latex/tools/xspace.sty
Package: xspace 2014/10/28 v1.13 Space after command names (DPC,MH)
)
(/usr/local/texlive/2019/texmf-dist/tex/latex/hyperref/hyperref.sty
Package: hyperref 2018/11/30 v6.88e Hypertext links for LaTeX

(/usr/local/texlive/2019/texmf-dist/tex/generic/oberdiek/hobsub-hyperref.sty
Package: hobsub-hyperref 2016/05/16 v1.14 Bundle oberdiek, subset hyperref (HO)


(/usr/local/texlive/2019/texmf-dist/tex/generic/oberdiek/hobsub-generic.sty
Package: hobsub-generic 2016/05/16 v1.14 Bundle oberdiek, subset generic (HO)
Package: hobsub 2016/05/16 v1.14 Construct package bundles (HO)
Package: infwarerr 2016/05/16 v1.4 Providing info/warning/error messages (HO)
Package: ltxcmds 2016/05/16 v1.23 LaTeX kernel commands for general use (HO)
Package: ifluatex 2016/05/16 v1.4 Provides the ifluatex switch (HO)
Package ifluatex Info: LuaTeX not detected.
Package: ifvtex 2016/05/16 v1.6 Detect VTeX and its facilities (HO)
Package ifvtex Info: VTeX not detected.
Package: intcalc 2016/05/16 v1.2 Expandable calculations with integers (HO)
Package: ifpdf 2018/09/07 v3.3 Provides the ifpdf switch
Package: etexcmds 2016/05/16 v1.6 Avoid name clashes with e-TeX commands (HO)
Package: kvsetkeys 2016/05/16 v1.17 Key value parser (HO)
Package: kvdefinekeys 2016/05/16 v1.4 Define keys (HO)
Package: pdftexcmds 2018/09/10 v0.29 Utility functions of pdfTeX for LuaTeX (HO
)
Package pdftexcmds Info: LuaTeX not detected.
Package pdftexcmds Info: \pdf@primitive is available.
Package pdftexcmds Info: \pdf@ifprimitive is available.
Package pdftexcmds Info: \pdfdraftmode found.
Package: pdfescape 2016/05/16 v1.14 Implements pdfTeX's escape features (HO)
Package: bigintcalc 2016/05/16 v1.4 Expandable calculations on big integers (HO
)
Package: bitset 2016/05/16 v1.2 Handle bit-vector datatype (HO)
Package: uniquecounter 2016/05/16 v1.3 Provide unlimited unique counter (HO)
)
Package hobsub Info: Skipping package `hobsub' (already loaded).
Package: letltxmacro 2016/05/16 v1.5 Let assignment for LaTeX macros (HO)
Package: hopatch 2016/05/16 v1.3 Wrapper for package hooks (HO)
Package: xcolor-patch 2016/05/16 xcolor patch
Package: atveryend 2016/05/16 v1.9 Hooks at the very end of document (HO)
Package: atbegshi 2016/06/09 v1.18 At begin shipout hook (HO)
Package: refcount 2016/05/16 v3.5 Data extraction from label references (HO)
Package: hycolor 2016/05/16 v1.8 Color options for hyperref/bookmark (HO)
)
(/usr/local/texlive/2019/texmf-dist/tex/generic/ifxetex/ifxetex.sty
Package: ifxetex 2010/09/12 v0.6 Provides ifxetex conditional
)
(/usr/local/texlive/2019/texmf-dist/tex/latex/oberdiek/auxhook.sty
Package: auxhook 2016/05/16 v1.4 Hooks for auxiliary files (HO)
)
(/usr/local/texlive/2019/texmf-dist/tex/latex/oberdiek/kvoptions.sty
Package: kvoptions 2016/05/16 v3.12 Key value format for package options (HO)
)
\@linkdim=\dimen136
\Hy@linkcounter=\count116
\Hy@pagecounter=\count117

(/usr/local/texlive/2019/texmf-dist/tex/latex/hyperref/pd1enc.def
File: pd1enc.def 2018/11/30 v6.88e Hyperref: PDFDocEncoding definition (HO)
Now handling font encoding PD1 ...
... no UTF-8 mapping file for font encoding PD1
)
\Hy@SavedSpaceFactor=\count118

(/usr/local/texlive/2019/texmf-dist/tex/latex/latexconfig/hyperref.cfg
File: hyperref.cfg 2002/06/06 v1.2 hyperref configuration of TeXLive
)
Package hyperref Info: Hyper figures OFF on input line 4519.
Package hyperref Info: Link nesting OFF on input line 4524.
Package hyperref Info: Hyper index ON on input line 4527.
Package hyperref Info: Plain pages OFF on input line 4534.
Package hyperref Info: Backreferencing OFF on input line 4539.
Package hyperref Info: Implicit mode ON; LaTeX internals redefined.
Package hyperref Info: Bookmarks ON on input line 4772.
\c@Hy@tempcnt=\count119
LaTeX Info: Redefining \url on input line 5125.
\XeTeXLinkMargin=\dimen137
\Fld@menulength=\count120
\Field@Width=\dimen138
\Fld@charsize=\dimen139
Package hyperref Info: Hyper figures OFF on input line 6380.
Package hyperref Info: Link nesting OFF on input line 6385.
Package hyperref Info: Hyper index ON on input line 6388.
Package hyperref Info: backreferencing OFF on input line 6395.
Package hyperref Info: Link coloring OFF on input line 6400.
Package hyperref Info: Link coloring with OCG OFF on input line 6405.
Package hyperref Info: PDF/A mode OFF on input line 6410.
LaTeX Info: Redefining \ref on input line 6450.
LaTeX Info: Redefining \pageref on input line 6454.
\Hy@abspage=\count121
\c@Item=\count122
\c@Hfootnote=\count123
)
Package hyperref Info: Driver (autodetected): hpdftex.

(/usr/local/texlive/2019/texmf-dist/tex/latex/hyperref/hpdftex.def
File: hpdftex.def 2018/11/30 v6.88e Hyperref driver for pdfTeX
\Fld@listcount=\count124
\c@bookmark@seq@number=\count125

(/usr/local/texlive/2019/texmf-dist/tex/latex/oberdiek/rerunfilecheck.sty
Package: rerunfilecheck 2016/05/16 v1.8 Rerun checks for auxiliary files (HO)
Package uniquecounter Info: New unique counter `rerunfilecheck' on input line 2
82.
)
\Hy@SectionHShift=\skip53
)
(/usr/local/texlive/2019/texmf-dist/tex/generic/babel/babel.sty
Package: babel 2019/05/04 3.31 The Babel package

(/usr/local/texlive/2019/texmf-dist/tex/generic/babel/switch.def
File: switch.def 2019/05/04 3.31 Babel switching mechanism
)
(/usr/local/texlive/2019/texmf-dist/tex/generic/babel-english/english.ldf
Language: english 2017/06/06 v3.3r English support from the babel system

(/usr/local/texlive/2019/texmf-dist/tex/generic/babel/babel.def
File: babel.def 2019/05/04 3.31 Babel common definitions
\babel@savecnt=\count126
\U@D=\dimen140

(/usr/local/texlive/2019/texmf-dist/tex/generic/babel/txtbabel.def)
\bbl@dirlevel=\count127
)
\l@canadian = a dialect from \language\l@american 
\l@australian = a dialect from \language\l@british 
\l@newzealand = a dialect from \language\l@british 
))
(/usr/local/texlive/2019/texmf-dist/tex/latex/base/inputenc.sty
Package: inputenc 2018/08/11 v1.3c Input encoding file
\inpenc@prehook=\toks22
\inpenc@posthook=\toks23
)
(/usr/local/texlive/2019/texmf-dist/tex/latex/enumitem/enumitem.sty
Package: enumitem 2019/02/04 v3.8 Customized lists
\labelindent=\skip54
\enit@outerparindent=\dimen141
\enit@toks=\toks24
\enit@inbox=\box33
\enit@count@id=\count128
\enitdp@description=\count129
)
(/usr/local/texlive/2019/texmf-dist/tex/latex/kantlipsum/kantlipsum.sty
(/usr/local/texlive/2019/texmf-dist/tex/latex/l3kernel/expl3.sty
Package: expl3 2019-05-07 L3 programming layer (loader) 

(/usr/local/texlive/2019/texmf-dist/tex/latex/l3kernel/expl3-code.tex
Package: expl3 2019-05-07 L3 programming layer (code)
\c_max_int=\count130
\l_tmpa_int=\count131
\l_tmpb_int=\count132
\g_tmpa_int=\count133
\g_tmpb_int=\count134
\g__kernel_prg_map_int=\count135
\c__ior_term_ior=\count136
\c_log_iow=\count137
\l_iow_line_count_int=\count138
\l__iow_line_target_int=\count139
\l__iow_one_indent_int=\count140
\l__iow_indent_int=\count141
\c_zero_dim=\dimen142
\c_max_dim=\dimen143
\l_tmpa_dim=\dimen144
\l_tmpb_dim=\dimen145
\g_tmpa_dim=\dimen146
\g_tmpb_dim=\dimen147
\c_zero_skip=\skip55
\c_max_skip=\skip56
\l_tmpa_skip=\skip57
\l_tmpb_skip=\skip58
\g_tmpa_skip=\skip59
\g_tmpb_skip=\skip60
\c_zero_muskip=\muskip12
\c_max_muskip=\muskip13
\l_tmpa_muskip=\muskip14
\l_tmpb_muskip=\muskip15
\g_tmpa_muskip=\muskip16
\g_tmpb_muskip=\muskip17
\l_keys_choice_int=\count142
\l__intarray_loop_int=\count143
\c__intarray_sp_dim=\dimen148
\g__intarray_font_int=\count144
\c__fp_leading_shift_int=\count145
\c__fp_middle_shift_int=\count146
\c__fp_trailing_shift_int=\count147
\c__fp_big_leading_shift_int=\count148
\c__fp_big_middle_shift_int=\count149
\c__fp_big_trailing_shift_int=\count150
\c__fp_Bigg_leading_shift_int=\count151
\c__fp_Bigg_middle_shift_int=\count152
\c__fp_Bigg_trailing_shift_int=\count153
\c__kernel_randint_max_int=\count154
\g__fp_array_int=\count155
\l__fp_array_loop_int=\count156
\l__sort_length_int=\count157
\l__sort_min_int=\count158
\l__sort_top_int=\count159
\l__sort_max_int=\count160
\l__sort_true_max_int=\count161
\l__sort_block_int=\count162
\l__sort_begin_int=\count163
\l__sort_end_int=\count164
\l__sort_A_int=\count165
\l__sort_B_int=\count166
\l__sort_C_int=\count167
\l__tl_analysis_normal_int=\count168
\l__tl_analysis_index_int=\count169
\l__tl_analysis_nesting_int=\count170
\l__tl_analysis_type_int=\count171
\l__regex_internal_a_int=\count172
\l__regex_internal_b_int=\count173
\l__regex_internal_c_int=\count174
\l__regex_balance_int=\count175
\l__regex_group_level_int=\count176
\l__regex_mode_int=\count177
\c__regex_cs_in_class_mode_int=\count178
\c__regex_cs_mode_int=\count179
\l__regex_catcodes_int=\count180
\l__regex_default_catcodes_int=\count181
\c__regex_catcode_D_int=\count182
\c__regex_catcode_S_int=\count183
\c__regex_catcode_L_int=\count184
\c__regex_catcode_O_int=\count185
\c__regex_catcode_A_int=\count186
\c__regex_all_catcodes_int=\count187
\l__regex_show_lines_int=\count188
\l__regex_min_state_int=\count189
\l__regex_max_state_int=\count190
\l__regex_left_state_int=\count191
\l__regex_right_state_int=\count192
\l__regex_capturing_group_int=\count193
\l__regex_min_pos_int=\count194
\l__regex_max_pos_int=\count195
\l__regex_curr_pos_int=\count196
\l__regex_start_pos_int=\count197
\l__regex_success_pos_int=\count198
\l__regex_curr_char_int=\count199
\l__regex_curr_catcode_int=\count266
\l__regex_last_char_int=\count267
\l__regex_case_changed_char_int=\count268
\l__regex_curr_state_int=\count269
\l__regex_step_int=\count270
\l__regex_min_active_int=\count271
\l__regex_max_active_int=\count272
\l__regex_replacement_csnames_int=\count273
\l__regex_match_count_int=\count274
\l__regex_min_submatch_int=\count275
\l__regex_submatch_int=\count276
\l__regex_zeroth_submatch_int=\count277
\g__regex_trace_regex_int=\count278
\c_empty_box=\box34
\l_tmpa_box=\box35
\l_tmpb_box=\box36
\g_tmpa_box=\box37
\g_tmpb_box=\box38
\l__box_top_dim=\dimen149
\l__box_bottom_dim=\dimen150
\l__box_left_dim=\dimen151
\l__box_right_dim=\dimen152
\l__box_top_new_dim=\dimen153
\l__box_bottom_new_dim=\dimen154
\l__box_left_new_dim=\dimen155
\l__box_right_new_dim=\dimen156
\l__box_internal_box=\box39
\l__coffin_internal_box=\box40
\l__coffin_internal_dim=\dimen157
\l__coffin_offset_x_dim=\dimen158
\l__coffin_offset_y_dim=\dimen159
\l__coffin_x_dim=\dimen160
\l__coffin_y_dim=\dimen161
\l__coffin_x_prime_dim=\dimen162
\l__coffin_y_prime_dim=\dimen163
\c_empty_coffin=\box41
\l__coffin_aligned_coffin=\box42
\l__coffin_aligned_internal_coffin=\box43
\l_tmpa_coffin=\box44
\l_tmpb_coffin=\box45
\g_tmpa_coffin=\box46
\g_tmpb_coffin=\box47
\l__coffin_bounding_shift_dim=\dimen164
\l__coffin_left_corner_dim=\dimen165
\l__coffin_right_corner_dim=\dimen166
\l__coffin_bottom_corner_dim=\dimen167
\l__coffin_top_corner_dim=\dimen168
\l__coffin_scaled_total_height_dim=\dimen169
\l__coffin_scaled_width_dim=\dimen170
\c__coffin_empty_coffin=\box48
\l__coffin_display_coffin=\box49
\l__coffin_display_coord_coffin=\box50
\l__coffin_display_pole_coffin=\box51
\l__coffin_display_offset_dim=\dimen171
\l__coffin_display_x_dim=\dimen172
\l__coffin_display_y_dim=\dimen173
\g__file_internal_ior=\read1
\l__seq_internal_a_int=\count279
\l__seq_internal_b_int=\count280
\c__deprecation_minus_one=\count281
)
(/usr/local/texlive/2019/texmf-dist/tex/latex/l3kernel/l3pdfmode.def
File: l3pdfmode.def 2019-04-06 v L3 Experimental driver: PDF mode
\l__driver_color_stack_int=\count282
\l__driver_pdf_tmp_box=\box52
))
(/usr/local/texlive/2019/texmf-dist/tex/latex/l3packages/xparse/xparse.sty
Package: xparse 2019-05-03 L3 Experimental document command parser
\l__xparse_current_arg_int=\count283
\g__xparse_grabber_int=\count284
\l__xparse_m_args_int=\count285
\l__xparse_v_nesting_int=\count286
)
Package: kantlipsum 2017/11/16 v0.7 Generate text in Kantian style
\l__kgl_start_int=\count287
\l__kgl_end_int=\count288

Package kantlipsum Info: The package provides paragraphs 1 to 164. Values
(kantlipsum)             outside this range will be ignored.

)
(/usr/local/texlive/2019/texmf-dist/tex/latex/listings/listings.sty
\lst@mode=\count289
\lst@gtempboxa=\box53
\lst@token=\toks25
\lst@length=\count290
\lst@currlwidth=\dimen174
\lst@column=\count291
\lst@pos=\count292
\lst@lostspace=\dimen175
\lst@width=\dimen176
\lst@newlines=\count293
\lst@lineno=\count294
\lst@maxwidth=\dimen177

(/usr/local/texlive/2019/texmf-dist/tex/latex/listings/lstmisc.sty
File: lstmisc.sty 2019/02/27 1.8b (Carsten Heinz)
\c@lstnumber=\count295
\lst@skipnumbers=\count296
\lst@framebox=\box54
)
(/usr/local/texlive/2019/texmf-dist/tex/latex/listings/listings.cfg
File: listings.cfg 2019/02/27 1.8b listings configuration
))
Package: listings 2019/02/27 1.8b (Carsten Heinz)

(/usr/local/texlive/2019/texmf-dist/tex/latex/booktabs/booktabs.sty
Package: booktabs 2016/04/27 v1.618033 publication quality tables
\heavyrulewidth=\dimen178
\lightrulewidth=\dimen179
\cmidrulewidth=\dimen180
\belowrulesep=\dimen181
\belowbottomsep=\dimen182
\aboverulesep=\dimen183
\abovetopsep=\dimen184
\cmidrulesep=\dimen185
\cmidrulekern=\dimen186
\defaultaddspace=\dimen187
\@cmidla=\count297
\@cmidlb=\count298
\@aboverulesep=\dimen188
\@belowrulesep=\dimen189
\@thisruleclass=\count299
\@lastruleclass=\count300
\@thisrulewidth=\dimen190
)
(/usr/local/texlive/2019/texmf-dist/tex/latex/xargs/xargs.sty
Package: xargs 2008/03/22 v1.1  extended macro definitions  (mpg)

(/usr/local/texlive/2019/texmf-dist/tex/latex/xkeyval/xkeyval.sty
Package: xkeyval 2014/12/03 v2.7a package option processing (HA)

(/usr/local/texlive/2019/texmf-dist/tex/generic/xkeyval/xkeyval.tex
(/usr/local/texlive/2019/texmf-dist/tex/generic/xkeyval/xkvutils.tex
\XKV@toks=\toks26
\XKV@tempa@toks=\toks27
)
\XKV@depth=\count301
File: xkeyval.tex 2014/12/03 v2.7a key=value parser (HA)
))
\xargs@max=\count302
\xargs@toksa=\toks28
\xargs@toksb=\toks29
)
(/usr/local/texlive/2019/texmf-dist/tex/latex/tools/tabularx.sty
Package: tabularx 2016/02/03 v2.11b `tabularx' package (DPC)

(/usr/local/texlive/2019/texmf-dist/tex/latex/tools/array.sty
Package: array 2018/12/30 v2.4k Tabular extension package (FMi)
\col@sep=\dimen191
\ar@mcellbox=\box55
\extrarowheight=\dimen192
\NC@list=\toks30
\extratabsurround=\skip61
\backup@length=\skip62
\ar@cellbox=\box56
)
\TX@col@width=\dimen193
\TX@old@table=\dimen194
\TX@old@col=\dimen195
\TX@target=\dimen196
\TX@delta=\dimen197
\TX@cols=\count303
\TX@ftn=\toks31
)
(/usr/local/texlive/2019/texmf-dist/tex/latex/makecell/makecell.sty
Package: makecell 2009/08/03 V0.1e Managing of Tab Column Heads and Cells
\rotheadsize=\dimen198
\c@nlinenum=\count304
\TeXr@lab=\toks32
)
(/usr/local/texlive/2019/texmf-dist/tex/latex/arydshln/arydshln.sty
Package: arydshln 2019/02/21 v1.76 
\dashlinedash=\dimen199
\dashlinegap=\dimen256
\adl@box=\box57
\adl@height=\dimen257
\adl@heightsave=\dimen258
\adl@depth=\dimen259
\adl@depthsave=\dimen260
\adl@finaldepth=\dimen261
\adl@columns=\count305
\adl@ncol=\count306
\adl@currentcolumn=\count307
\adl@currentcolumnsave=\count308
\adl@totalheight=\count309
\adl@totalheightsave=\count310
\adl@dash=\count311
\adl@gap=\count312
\adl@cla=\count313
\adl@clb=\count314
\adl@everyvbox=\toks33
\adl@LTpagetotal=\dimen262
)
(/usr/local/texlive/2019/texmf-dist/tex/latex/tcolorbox/tcolorbox.sty
Package: tcolorbox 2019/03/02 version 4.20 text color boxes

(/usr/local/texlive/2019/texmf-dist/tex/latex/pgf/basiclayer/pgf.sty
(/usr/local/texlive/2019/texmf-dist/tex/latex/pgf/utilities/pgfrcs.sty
(/usr/local/texlive/2019/texmf-dist/tex/generic/pgf/utilities/pgfutil-common.te
x
\pgfutil@everybye=\toks34
\pgfutil@tempdima=\dimen263
\pgfutil@tempdimb=\dimen264

(/usr/local/texlive/2019/texmf-dist/tex/generic/pgf/utilities/pgfutil-common-li
sts.tex))
(/usr/local/texlive/2019/texmf-dist/tex/generic/pgf/utilities/pgfutil-latex.def
\pgfutil@abb=\box58
(/usr/local/texlive/2019/texmf-dist/tex/latex/ms/everyshi.sty
Package: everyshi 2001/05/15 v3.00 EveryShipout Package (MS)
))
(/usr/local/texlive/2019/texmf-dist/tex/generic/pgf/utilities/pgfrcs.code.tex
(/usr/local/texlive/2019/texmf-dist/tex/generic/pgf/pgf.revision.tex)
Package: pgfrcs 2019/04/04 v3.1.2 (3.1.2)
))
Package: pgf 2019/04/04 v3.1.2 (3.1.2)

(/usr/local/texlive/2019/texmf-dist/tex/latex/pgf/basiclayer/pgfcore.sty
(/usr/local/texlive/2019/texmf-dist/tex/latex/pgf/systemlayer/pgfsys.sty
(/usr/local/texlive/2019/texmf-dist/tex/generic/pgf/systemlayer/pgfsys.code.tex
Package: pgfsys 2019/04/04 v3.1.2 (3.1.2)
(/usr/local/texlive/2019/texmf-dist/tex/generic/pgf/utilities/pgfkeys.code.tex
\pgfkeys@pathtoks=\toks35
\pgfkeys@temptoks=\toks36

(/usr/local/texlive/2019/texmf-dist/tex/generic/pgf/utilities/pgfkeysfiltered.c
ode.tex
\pgfkeys@tmptoks=\toks37
))
\pgf@x=\dimen265
\pgf@y=\dimen266
\pgf@xa=\dimen267
\pgf@ya=\dimen268
\pgf@xb=\dimen269
\pgf@yb=\dimen270
\pgf@xc=\dimen271
\pgf@yc=\dimen272
\w@pgf@writea=\write3
\r@pgf@reada=\read2
\c@pgf@counta=\count315
\c@pgf@countb=\count316
\c@pgf@countc=\count317
\c@pgf@countd=\count318
\t@pgf@toka=\toks38
\t@pgf@tokb=\toks39
\t@pgf@tokc=\toks40
\pgf@sys@id@count=\count319

(/usr/local/texlive/2019/texmf-dist/tex/generic/pgf/systemlayer/pgf.cfg
File: pgf.cfg 2019/04/04 v3.1.2 (3.1.2)
)
Driver file for pgf: pgfsys-pdftex.def

(/usr/local/texlive/2019/texmf-dist/tex/generic/pgf/systemlayer/pgfsys-pdftex.d
ef
File: pgfsys-pdftex.def 2019/04/04 v3.1.2 (3.1.2)

(/usr/local/texlive/2019/texmf-dist/tex/generic/pgf/systemlayer/pgfsys-common-p
df.def
File: pgfsys-common-pdf.def 2019/04/04 v3.1.2 (3.1.2)
)))
(/usr/local/texlive/2019/texmf-dist/tex/generic/pgf/systemlayer/pgfsyssoftpath.
code.tex
File: pgfsyssoftpath.code.tex 2019/04/04 v3.1.2 (3.1.2)
\pgfsyssoftpath@smallbuffer@items=\count320
\pgfsyssoftpath@bigbuffer@items=\count321
)
(/usr/local/texlive/2019/texmf-dist/tex/generic/pgf/systemlayer/pgfsysprotocol.
code.tex
File: pgfsysprotocol.code.tex 2019/04/04 v3.1.2 (3.1.2)
))
(/usr/local/texlive/2019/texmf-dist/tex/generic/pgf/basiclayer/pgfcore.code.tex
Package: pgfcore 2019/04/04 v3.1.2 (3.1.2)
(/usr/local/texlive/2019/texmf-dist/tex/generic/pgf/math/pgfmath.code.tex
(/usr/local/texlive/2019/texmf-dist/tex/generic/pgf/math/pgfmathcalc.code.tex
(/usr/local/texlive/2019/texmf-dist/tex/generic/pgf/math/pgfmathutil.code.tex)
(/usr/local/texlive/2019/texmf-dist/tex/generic/pgf/math/pgfmathparser.code.tex
\pgfmath@dimen=\dimen273
\pgfmath@count=\count322
\pgfmath@box=\box59
\pgfmath@toks=\toks41
\pgfmath@stack@operand=\toks42
\pgfmath@stack@operation=\toks43
)
(/usr/local/texlive/2019/texmf-dist/tex/generic/pgf/math/pgfmathfunctions.code.
tex
(/usr/local/texlive/2019/texmf-dist/tex/generic/pgf/math/pgfmathfunctions.basic
.code.tex)
(/usr/local/texlive/2019/texmf-dist/tex/generic/pgf/math/pgfmathfunctions.trigo
nometric.code.tex)
(/usr/local/texlive/2019/texmf-dist/tex/generic/pgf/math/pgfmathfunctions.rando
m.code.tex)
(/usr/local/texlive/2019/texmf-dist/tex/generic/pgf/math/pgfmathfunctions.compa
rison.code.tex)
(/usr/local/texlive/2019/texmf-dist/tex/generic/pgf/math/pgfmathfunctions.base.
code.tex)
(/usr/local/texlive/2019/texmf-dist/tex/generic/pgf/math/pgfmathfunctions.round
.code.tex)
(/usr/local/texlive/2019/texmf-dist/tex/generic/pgf/math/pgfmathfunctions.misc.
code.tex)
(/usr/local/texlive/2019/texmf-dist/tex/generic/pgf/math/pgfmathfunctions.integ
erarithmetics.code.tex)))
(/usr/local/texlive/2019/texmf-dist/tex/generic/pgf/math/pgfmathfloat.code.tex
\c@pgfmathroundto@lastzeros=\count323
))
(/usr/local/texlive/2019/texmf-dist/tex/generic/pgf/basiclayer/pgfcorepoints.co
de.tex
File: pgfcorepoints.code.tex 2019/04/04 v3.1.2 (3.1.2)
\pgf@picminx=\dimen274
\pgf@picmaxx=\dimen275
\pgf@picminy=\dimen276
\pgf@picmaxy=\dimen277
\pgf@pathminx=\dimen278
\pgf@pathmaxx=\dimen279
\pgf@pathminy=\dimen280
\pgf@pathmaxy=\dimen281
\pgf@xx=\dimen282
\pgf@xy=\dimen283
\pgf@yx=\dimen284
\pgf@yy=\dimen285
\pgf@zx=\dimen286
\pgf@zy=\dimen287
)
(/usr/local/texlive/2019/texmf-dist/tex/generic/pgf/basiclayer/pgfcorepathconst
ruct.code.tex
File: pgfcorepathconstruct.code.tex 2019/04/04 v3.1.2 (3.1.2)
\pgf@path@lastx=\dimen288
\pgf@path@lasty=\dimen289
)
(/usr/local/texlive/2019/texmf-dist/tex/generic/pgf/basiclayer/pgfcorepathusage
.code.tex
File: pgfcorepathusage.code.tex 2019/04/04 v3.1.2 (3.1.2)
\pgf@shorten@end@additional=\dimen290
\pgf@shorten@start@additional=\dimen291
)
(/usr/local/texlive/2019/texmf-dist/tex/generic/pgf/basiclayer/pgfcorescopes.co
de.tex
File: pgfcorescopes.code.tex 2019/04/04 v3.1.2 (3.1.2)
\pgfpic=\box60
\pgf@hbox=\box61
\pgf@layerbox@main=\box62
\pgf@picture@serial@count=\count324
)
(/usr/local/texlive/2019/texmf-dist/tex/generic/pgf/basiclayer/pgfcoregraphicst
ate.code.tex
File: pgfcoregraphicstate.code.tex 2019/04/04 v3.1.2 (3.1.2)
\pgflinewidth=\dimen292
)
(/usr/local/texlive/2019/texmf-dist/tex/generic/pgf/basiclayer/pgfcoretransform
ations.code.tex
File: pgfcoretransformations.code.tex 2019/04/04 v3.1.2 (3.1.2)
\pgf@pt@x=\dimen293
\pgf@pt@y=\dimen294
\pgf@pt@temp=\dimen295
)
(/usr/local/texlive/2019/texmf-dist/tex/generic/pgf/basiclayer/pgfcorequick.cod
e.tex
File: pgfcorequick.code.tex 2019/04/04 v3.1.2 (3.1.2)
)
(/usr/local/texlive/2019/texmf-dist/tex/generic/pgf/basiclayer/pgfcoreobjects.c
ode.tex
File: pgfcoreobjects.code.tex 2019/04/04 v3.1.2 (3.1.2)
)
(/usr/local/texlive/2019/texmf-dist/tex/generic/pgf/basiclayer/pgfcorepathproce
ssing.code.tex
File: pgfcorepathprocessing.code.tex 2019/04/04 v3.1.2 (3.1.2)
)
(/usr/local/texlive/2019/texmf-dist/tex/generic/pgf/basiclayer/pgfcorearrows.co
de.tex
File: pgfcorearrows.code.tex 2019/04/04 v3.1.2 (3.1.2)
\pgfarrowsep=\dimen296
)
(/usr/local/texlive/2019/texmf-dist/tex/generic/pgf/basiclayer/pgfcoreshade.cod
e.tex
File: pgfcoreshade.code.tex 2019/04/04 v3.1.2 (3.1.2)
\pgf@max=\dimen297
\pgf@sys@shading@range@num=\count325
\pgf@shadingcount=\count326
)
(/usr/local/texlive/2019/texmf-dist/tex/generic/pgf/basiclayer/pgfcoreimage.cod
e.tex
File: pgfcoreimage.code.tex 2019/04/04 v3.1.2 (3.1.2)

(/usr/local/texlive/2019/texmf-dist/tex/generic/pgf/basiclayer/pgfcoreexternal.
code.tex
File: pgfcoreexternal.code.tex 2019/04/04 v3.1.2 (3.1.2)
\pgfexternal@startupbox=\box63
))
(/usr/local/texlive/2019/texmf-dist/tex/generic/pgf/basiclayer/pgfcorelayers.co
de.tex
File: pgfcorelayers.code.tex 2019/04/04 v3.1.2 (3.1.2)
)
(/usr/local/texlive/2019/texmf-dist/tex/generic/pgf/basiclayer/pgfcoretranspare
ncy.code.tex
File: pgfcoretransparency.code.tex 2019/04/04 v3.1.2 (3.1.2)
)
(/usr/local/texlive/2019/texmf-dist/tex/generic/pgf/basiclayer/pgfcorepatterns.
code.tex
File: pgfcorepatterns.code.tex 2019/04/04 v3.1.2 (3.1.2)
)
(/usr/local/texlive/2019/texmf-dist/tex/generic/pgf/basiclayer/pgfcorerdf.code.
tex
File: pgfcorerdf.code.tex 2019/04/04 v3.1.2 (3.1.2)
)))
(/usr/local/texlive/2019/texmf-dist/tex/generic/pgf/modules/pgfmoduleshapes.cod
e.tex
File: pgfmoduleshapes.code.tex 2019/04/04 v3.1.2 (3.1.2)
\pgfnodeparttextbox=\box64
)
(/usr/local/texlive/2019/texmf-dist/tex/generic/pgf/modules/pgfmoduleplot.code.
tex
File: pgfmoduleplot.code.tex 2019/04/04 v3.1.2 (3.1.2)
)
(/usr/local/texlive/2019/texmf-dist/tex/latex/pgf/compatibility/pgfcomp-version
-0-65.sty
Package: pgfcomp-version-0-65 2019/04/04 v3.1.2 (3.1.2)
\pgf@nodesepstart=\dimen298
\pgf@nodesepend=\dimen299
)
(/usr/local/texlive/2019/texmf-dist/tex/latex/pgf/compatibility/pgfcomp-version
-1-18.sty
Package: pgfcomp-version-1-18 2019/04/04 v3.1.2 (3.1.2)
)) (/usr/local/texlive/2019/texmf-dist/tex/latex/tools/verbatim.sty
Package: verbatim 2014/10/28 v1.5q LaTeX2e package for verbatim enhancements
\every@verbatim=\toks44
\verbatim@line=\toks45
\verbatim@in@stream=\read3
)
(/usr/local/texlive/2019/texmf-dist/tex/latex/environ/environ.sty
Package: environ 2014/05/04 v0.3 A new way to define environments

(/usr/local/texlive/2019/texmf-dist/tex/latex/trimspaces/trimspaces.sty
Package: trimspaces 2009/09/17 v1.1 Trim spaces around a token list
))
\tcb@titlebox=\box65
\tcb@upperbox=\box66
\tcb@lowerbox=\box67
\tcb@phantombox=\box68
\c@tcbbreakpart=\count327
\c@tcblayer=\count328
\tcolorbox@number=\count329
\tcb@temp=\box69
\tcb@temp=\box70
\tcb@temp=\box71
\tcb@temp=\box72
\tcb@out=\write4
\tcb@record@out=\write5
)
(/usr/local/texlive/2019/texmf-dist/tex/latex/xpatch/xpatch.sty
Package: xpatch 2012/10/02 v0.3 Extending etoolbox patching commands
) (./deissue.aux

LaTeX Warning: Label `covidwatch' multiply defined.


LaTeX Warning: Label `dp3t' multiply defined.


LaTeX Warning: Label `Ferretti2020' multiply defined.

\c@numnotes@totc=\count330
)
\openout1 = `deissue.aux'.

LaTeX Font Info:    Checking defaults for OML/cmm/m/it on input line 61.
LaTeX Font Info:    ... okay on input line 61.
LaTeX Font Info:    Checking defaults for T1/cmr/m/n on input line 61.
LaTeX Font Info:    ... okay on input line 61.
LaTeX Font Info:    Checking defaults for OT1/cmr/m/n on input line 61.
LaTeX Font Info:    ... okay on input line 61.
LaTeX Font Info:    Checking defaults for OMS/cmsy/m/n on input line 61.
LaTeX Font Info:    ... okay on input line 61.
LaTeX Font Info:    Checking defaults for OMX/cmex/m/n on input line 61.
LaTeX Font Info:    ... okay on input line 61.
LaTeX Font Info:    Checking defaults for U/cmr/m/n on input line 61.
LaTeX Font Info:    ... okay on input line 61.
LaTeX Font Info:    Checking defaults for PD1/pdf/m/n on input line 61.
LaTeX Font Info:    ... okay on input line 61.
LaTeX Font Info:    Try loading font information for OT1+ptm on input line 61.
 (/usr/local/texlive/2019/texmf-dist/tex/latex/psnfss/ot1ptm.fd
File: ot1ptm.fd 2001/06/04 font definitions for OT1/ptm.
)
(/usr/local/texlive/2019/texmf-dist/tex/context/base/mkii/supp-pdf.mkii
[Loading MPS to PDF converter (version 2006.09.02).]
\scratchcounter=\count331
\scratchdimen=\dimen300
\scratchbox=\box73
\nofMPsegments=\count332
\nofMParguments=\count333
\everyMPshowfont=\toks46
\MPscratchCnt=\count334
\MPscratchDim=\dimen301
\MPnumerator=\count335
\makeMPintoPDFobject=\count336
\everyMPtoPDFconversion=\toks47
) (/usr/local/texlive/2019/texmf-dist/tex/latex/oberdiek/epstopdf-base.sty
Package: epstopdf-base 2016/05/15 v2.6 Base part for package epstopdf

(/usr/local/texlive/2019/texmf-dist/tex/latex/oberdiek/grfext.sty
Package: grfext 2016/05/16 v1.2 Manage graphics extensions (HO)
)
Package epstopdf-base Info: Redefining graphics rule for `.eps' on input line 4
38.
Package grfext Info: Graphics extension search list:
(grfext)             [.pdf,.png,.jpg,.mps,.jpeg,.jbig2,.jb2,.PDF,.PNG,.JPG,.JPE
G,.JBIG2,.JB2,.eps]
(grfext)             \AppendGraphicsExtensions on input line 456.

(/usr/local/texlive/2019/texmf-dist/tex/latex/latexconfig/epstopdf-sys.cfg
File: epstopdf-sys.cfg 2010/07/13 v1.3 Configuration of (r)epstopdf for TeX Liv
e
))
Package caption Info: Begin \AtBeginDocument code.
Package caption Info: hyperref package is loaded.
Package caption Info: listings package is loaded.
Package caption Info: wrapfig package is loaded.
Package caption Info: End \AtBeginDocument code.
LaTeX Info: Redefining \microtypecontext on input line 61.
Package microtype Info: Generating PDF output.
Package microtype Info: Character protrusion enabled (level 2).
Package microtype Info: Using default protrusion set `alltext'.
Package microtype Info: Automatic font expansion enabled (level 2),
(microtype)             stretch: 20, shrink: 20, step: 1, non-selected.
Package microtype Info: Using default expansion set `basictext'.
Package microtype Info: No adjustment of tracking.
Package microtype Info: No adjustment of interword spacing.
Package microtype Info: No adjustment of character kerning.

(/usr/local/texlive/2019/texmf-dist/tex/latex/microtype/mt-ptm.cfg
File: mt-ptm.cfg 2006/04/20 v1.7 microtype config. file: Times (RS)
)
\AtBeginShipoutBox=\box74
Package hyperref Info: Link coloring OFF on input line 61.

(/usr/local/texlive/2019/texmf-dist/tex/latex/hyperref/nameref.sty
Package: nameref 2016/05/21 v2.44 Cross-referencing by name of section

(/usr/local/texlive/2019/texmf-dist/tex/generic/oberdiek/gettitlestring.sty
Package: gettitlestring 2016/05/16 v1.5 Cleanup title references (HO)
)
\c@section@level=\count337
)
LaTeX Info: Redefining \ref on input line 61.
LaTeX Info: Redefining \pageref on input line 61.
LaTeX Info: Redefining \nameref on input line 61.

(./deissue.out) (./deissue.out)
\@outlinefile=\write6
\openout6 = `deissue.out'.

\c@lstlisting=\count338
 ABD: EveryShipout initializing macros
Package pdftex.def Info: Option `bb' equivalent to `viewport' with pdftex drive
r on input line 72.
<cs.pdf, id=7, 614.295pt x 794.97pt>
File: cs.pdf Graphic file (type pdf)
<use cs.pdf>
Package pdftex.def Info: cs.pdf  used on input line 72.
(pdftex.def)             Requested size: 48.00189pt x 43.36243pt.
LaTeX Font Info:    Font shape `OT1/ptm/bx/n' in size <10.95> not available
(Font)              Font shape `OT1/ptm/b/n' tried instead on input line 76.
LaTeX Font Info:    Font shape `OT1/ptm/bx/n' in size <14.4> not available
(Font)              Font shape `OT1/ptm/b/n' tried instead on input line 76.
LaTeX Font Info:    Font shape `OT1/ptm/bx/n' in size <86.72377> not available
(Font)              Font shape `OT1/ptm/b/n' tried instead on input line 76.

(./deissue.toc)
\tf@toc=\write7
\openout7 = `deissue.toc'.


Overfull \vbox (34.91522pt too high) has occurred while \output is active []


[1

{/usr/local/texlive/2019/texmf-var/fonts/map/pdftex/updmap/pdftex.map} <./cs.pd
f>]
<incvA19.pdf, id=20, 614.295pt x 794.97pt>
File: incvA19.pdf Graphic file (type pdf)
<use incvA19.pdf>
Package pdftex.def Info: incvA19.pdf  used on input line 76.
(pdftex.def)             Requested size: 614.29349pt x 794.96806pt.
 [0 <./incvA19.pdf>] (./deauthor.sty
\c@theorem=\count339
\c@example=\count340
) (./letters/haixun-let.tex)pdfTeX warning (ext4): destination with the same id
entifier (name{page.1}) has been already used, duplicate ignored
<to be read again> 
                   \relax 
l.102 \newpage
               [1

] (./deauthor.sty
\c@theorem=\count341
\c@example=\count342
) (./letters/gonzalez-let.tex

LaTeX Warning: Reference `fig:mllc' on page 2 undefined on input line 31.

) [2] (./deauthor.sty
\c@theorem=\count343
\c@example=\count344
) (./letters/opinion-bernstein.tex
(/usr/local/texlive/2019/texmf-dist/tex/latex/microtype/mt-cmr.cfg
File: mt-cmr.cfg 2013/05/19 v2.2 microtype config. file: Computer Modern Roman 
(RS)
)
LaTeX Font Info:    Try loading font information for U+msa on input line 5.

(/usr/local/texlive/2019/texmf-dist/tex/latex/amsfonts/umsa.fd
File: umsa.fd 2013/01/14 v3.01 AMS symbols A
)
(/usr/local/texlive/2019/texmf-dist/tex/latex/microtype/mt-msa.cfg
File: mt-msa.cfg 2006/02/04 v1.1 microtype config. file: AMS symbols (a) (RS)
)
LaTeX Font Info:    Try loading font information for U+msb on input line 5.

(/usr/local/texlive/2019/texmf-dist/tex/latex/amsfonts/umsb.fd
File: umsb.fd 2013/01/14 v3.01 AMS symbols B
)
(/usr/local/texlive/2019/texmf-dist/tex/latex/microtype/mt-msb.cfg
File: mt-msb.cfg 2005/06/01 v1.0 microtype config. file: AMS symbols (b) (RS)
)

Package hyperref Warning: Ignoring empty anchor on input line 5.

LaTeX Font Info:    Font shape `OT1/ptm/bx/n' in size <9> not available
(Font)              Font shape `OT1/ptm/b/n' tried instead on input line 5.

Underfull \hbox (badness 10000) in paragraph at lines 5--5

 []

[3



]
LaTeX Font Info:    Font shape `OT1/ptm/bx/n' in size <12> not available
(Font)              Font shape `OT1/ptm/b/n' tried instead on input line 31.
 [4] [5]
Underfull \hbox (badness 10000) in paragraph at lines 118--119
[]\OT1/ptm/m/n/10 (+20) The Open Group, Dis-tributed Trans-ac-tion Pro-cess-ing
: The XA Spec-i-fi-ca-tion,
 []

) [6] (./deauthor.sty
\c@theorem=\count345
\c@example=\count346
) (./submissions/pact/main.tex
\c@proposition=\count347


Package hyperref Warning: Ignoring empty anchor on input line 23.


Underfull \hbox (badness 10000) in paragraph at lines 23--23

 []

[7




]
LaTeX Font Info:    Font shape `OT1/ptm/bx/n' in size <17.28> not available
(Font)              Font shape `OT1/ptm/b/n' tried instead on input line 52.
LaTeX Font Info:    Font shape `OT1/ptm/bx/n' in size <24.88> not available
(Font)              Font shape `OT1/ptm/b/n' tried instead on input line 52.
LaTeX Font Info:    Try loading font information for OMS+ptm on input line 52.
 (/usr/local/texlive/2019/texmf-dist/tex/latex/psnfss/omsptm.fd
File: omsptm.fd 
)
LaTeX Font Info:    Font shape `OMS/ptm/m/n' in size <8> not available
(Font)              Font shape `OMS/cmsy/m/n' tried instead on input line 52.
LaTeX Font Info:    Font shape `OMS/ptm/m/n' in size <6> not available
(Font)              Font shape `OMS/cmsy/m/n' tried instead on input line 52.
LaTeX Font Info:    Try loading font information for OT1+pcr on input line 52.

(/usr/local/texlive/2019/texmf-dist/tex/latex/psnfss/ot1pcr.fd
File: ot1pcr.fd 2001/06/04 font definitions for OT1/pcr.
)
Package microtype Info: Loading generic protrusion settings for font family
(microtype)             `pcr' (encoding: OT1).
(microtype)             For optimal results, create family-specific settings.
(microtype)             See the microtype manual for details.

Underfull \hbox (badness 1496) in paragraph at lines 52--52
[][]\OT1/ptm/m/n/9 (+20) Email: \OT1/pcr/m/n/9 jsjaeger@cs.washington.edu\OT1/p
tm/m/n/9 (+20) , \OT1/pcr/m/n/9 eric@horvitz.org\OT1/ptm/m/n/9 (+20) , \OT1/pcr
/m/n/9 sham@cs.washington.edu\OT1/ptm/m/n/9 (+20) , \OT1/pcr/m/n/9 jl@hunch.net
\OT1/ptm/m/n/9 (+20) ,
 []

pdfTeX warning (ext4): destination with the same identifier (name{section.1}) h
as been already used, duplicate ignored
<to be read again> 
                   \relax 
l.65 \section{Introduction and Motivation}
                                           [8]
<submissions/pact/fig_bubble.jpg, id=150, 602.25pt x 338.76563pt>
File: submissions/pact/fig_bubble.jpg Graphic file (type jpg)
<use submissions/pact/fig_bubble.jpg>
Package pdftex.def Info: submissions/pact/fig_bubble.jpg  used on input line 77
.
(pdftex.def)             Requested size: 195.126pt x 109.75635pt.
LaTeX Font Info:    Font shape `OMS/ptm/m/n' in size <10.95> not available
(Font)              Font shape `OMS/cmsy/m/n' tried instead on input line 92.
 [9 <./submissions/pact/fig_bubble.jpg>] [10]pdfTeX warning (ext4): destination
 with the same identifier (name{section.2}) has been already used, duplicate ig
nored
<to be read again> 
                   \relax 
l.121 ...Privacy, Security, and Re-Identification}
                                                   \label{sect:FAQ}
<submissions/pact/fig_cont_tracing.jpg, id=169, 602.25pt x 228.855pt>
File: submissions/pact/fig_cont_tracing.jpg Graphic file (type jpg)
<use submissions/pact/fig_cont_tracing.jpg>
Package pdftex.def Info: submissions/pact/fig_cont_tracing.jpg  used on input l
ine 126.
(pdftex.def)             Requested size: 361.35278pt x 137.31404pt.


Package caption Warning: \label without proper reference on input line 128.
See the caption package documentation for explanation.


LaTeX Warning: Reference `fig:cont' on page 11 undefined on input line 144.

[11 <./submissions/pact/fig_cont_tracing.jpg>]pdfTeX warning (ext4): destinatio
n with the same identifier (name{subsection.2.1}) has been already used, duplic
ate ignored
<to be read again> 
                   \relax 
l.152 ...Re-Identification, and Inferential Risks}
                                                  

Package caption Warning: \label without proper reference on input line 128.
See the caption package documentation for explanation.


LaTeX Warning: Reference `fig:cont' on page 12 undefined on input line 184.

[12]

Package caption Warning: \label without proper reference on input line 128.
See the caption package documentation for explanation.


LaTeX Warning: Reference `fig:cont' on page 13 undefined on input line 200.

[13]pdfTeX warning (ext4): destination with the same identifier (name{section.3
}) has been already used, duplicate ignored
<to be read again> 
                   \relax 
l.245 \section{Protocols}
                         pdfTeX warning (ext4): destination with the same ident
ifier (name{subsection.3.1}) has been already used, duplicate ignored
<to be read again> 
                   \relax 
l.249 ...section{Privacy-sensitive Mobile Tracing}
                                                   \label{sect:Bluetooth}
[14]
Overfull \hbox (9.23627pt too wide) in paragraph at lines 279--280
\OT1/ptm/m/n/10.95 (-20) port-ing, as well as (op-tion-ally) a cer-tifi-cate to
 val-i-date this sig-na-ture. An en-try thus has form $\OT1/cmr/m/n/10.95 (\OML
/cmm/m/it/10.95 S[]; t[]; t[]; ^^[; cert\OT1/cmr/m/n/10.95 )$\OT1/ptm/m/n/10.95
 (-20) .
 []

[15] [16]pdfTeX warning (ext4): destination with the same identifier (name{subs
ection.3.2}) has been already used, duplicate ignored
<to be read again> 
                   \relax 
l.341 ...bile-Assisted Contact Tracing Interviews}
                                                   [17]pdfTeX warning (ext4): d
estination with the same identifier (name{section.4}) has been already used, du
plicate ignored
<to be read again> 
                   \relax 
l.353 \section{Alternative Approaches}
                                      \label{sec:alt} [18] [19]pdfTeX warning (
ext4): destination with the same identifier (name{section.5}) has been already 
used, duplicate ignored
<to be read again> 
                   \relax 
l.419 \section{Related Efforts}
                                [20] [21] [22] [23] [24] [25]
Package microtype Info: Loading generic protrusion settings for font family
(microtype)             `cmss' (encoding: OT1).
(microtype)             For optimal results, create family-specific settings.
(microtype)             See the microtype manual for details.
 [26] [27])
[28] (./deauthor.sty
\c@theorem=\count348
\c@example=\count349
) (./submissions/dp3t/DP3T.texpdfTeX warning (ext4): destination with the same 
identifier (name{Hfootnote.5}) has been already used, duplicate ignored
<to be read again> 
                   \relax 
l.11 ...ized Privacy-Preserving Proximity Tracing}
                                                  
Underfull \hbox (badness 10000) in paragraph at lines 11--11

 []

[29


] [30]pdfTeX warning (ext4): destination with the same identifier (name{appendi
x.A}) has been already used, duplicate ignored
<to be read again> 
                   \relax 
l.138 \section{Need, purpose and requirements}
                                              \label{need-purpose-and-requir...
pdfTeX warning (ext4): destination with the same identifier (name{subsection.A.
1}) has been already used, duplicate ignored
<to be read again> 
                   \relax 
l.152 \subsection{Context and need}
                                   \label{context-and-need}
LaTeX Font Info:    Font shape `OT1/ptm/bx/it' in size <10.95> not available
(Font)              Font shape `OT1/ptm/b/it' tried instead on input line 177.
 [31]
Underfull \hbox (badness 10000) in paragraph at lines 284--313

 []

[32] [33]pdfTeX warning (ext4): destination with the same identifier (name{appe
ndix.B}) has been already used, duplicate ignored
<to be read again> 
                   \relax 
l.473 ...}\label{decentralized-proximity-tracing}}
                                                   [34]
Underfull \hbox (badness 10000) in paragraph at lines 509--509
[][][]\OT1/ptm/m/n/9 (+20) ``Secure Up-load Au-tho-ri-sa-tion for Dig-i-tal Pro
x-im-ity Trac-ing'', The DP-3T Project, []https://github.com/DP-
 []

<submissions/dp3t/figs/storing_beacons.png, id=452, 1156.32pt x 334.24875pt>
File: submissions/dp3t/figs/storing_beacons.png Graphic file (type png)
<use submissions/dp3t/figs/storing_beacons.png>
Package pdftex.def Info: submissions/dp3t/figs/storing_beacons.png  used on inp
ut line 532.
(pdftex.def)             Requested size: 390.25948pt x 112.80663pt.
[35 <./submissions/dp3t/figs/storing_beacons.png>]
LaTeX Font Info:    Font shape `OT1/ptm/bx/n' in size <8> not available
(Font)              Font shape `OT1/ptm/b/n' tried instead on input line 593.


Package caption Warning: \label without proper reference on input line 533.
See the caption package documentation for explanation.


LaTeX Warning: Reference `fig:storing_beacons' on page 36 undefined on input li
ne 611.


Underfull \hbox (badness 10000) in paragraph at lines 637--637
[][][]\OT1/ptm/m/n/9 (+20) ``Secure Up-load Au-tho-ri-sa-tion for Dig-i-tal Pro
x-im-ity Trac-ing'', The DP-3T Project, []https://github.com/DP-
 []

[36]
<submissions/dp3t/figs/PT-lowcost.png, id=491, 1144.275pt x 883.80188pt>
File: submissions/dp3t/figs/PT-lowcost.png Graphic file (type png)
<use submissions/dp3t/figs/PT-lowcost.png>
Package pdftex.def Info: submissions/dp3t/figs/PT-lowcost.png  used on input li
ne 678.
(pdftex.def)             Requested size: 380.92935pt x 277.4281pt.
 [37 <./submissions/dp3t/figs/PT-lowcost.png>] [38] [39]

Package caption Warning: \label without proper reference on input line 982.
See the caption package documentation for explanation.


LaTeX Warning: Reference `fig:scale_hybrid' on page 40 undefined on input line 
976.

<submissions/dp3t/figs/scalability_hybrid.png, id=533, 1267.73625pt x 782.925pt
>
File: submissions/dp3t/figs/scalability_hybrid.png Graphic file (type png)
<use submissions/dp3t/figs/scalability_hybrid.png>
Package pdftex.def Info: submissions/dp3t/figs/scalability_hybrid.png  used on 
input line 981.
(pdftex.def)             Requested size: 390.25948pt x 241.00784pt.
[40] [41 <./submissions/dp3t/figs/scalability_hybrid.png>]

Package caption Warning: \label without proper reference on input line 1039.
See the caption package documentation for explanation.


LaTeX Warning: Reference `fig:comp_decentralized' on page 42 undefined on input
 line 1027.

<submissions/dp3t/figs/comparison_decentralized.png, id=552, 1059.96pt x 654.94
687pt>
File: submissions/dp3t/figs/comparison_decentralized.png Graphic file (type png
)
<use submissions/dp3t/figs/comparison_decentralized.png>
Package pdftex.def Info: submissions/dp3t/figs/comparison_decentralized.png  us
ed on input line 1038.
(pdftex.def)             Requested size: 390.25948pt x 241.1373pt.
[42 <./submissions/dp3t/figs/comparison_decentralized.png>]
Underfull \hbox (badness 4647) in paragraph at lines 1097--1097
[][][]\OT1/ptm/m/n/9 (+20) For an overview see ``In-ter-op-er-abil-ity of de-ce
n-tral-ized prox-im-ity trac-ing sys-tems across re-gions'' re-trieved from
 []


Underfull \hbox (badness 5403) in paragraph at lines 1097--1097
[]\OT1/ptm/m/n/9 (+20) https://drive.google.com/file/d/1mGfE7rMKNmc51TG4ceE9PHE
ggN8rHOXk[] on 20 May 2020. A more de-tailed spec-
 []


Underfull \hbox (badness 6364) in paragraph at lines 1097--1097
\OT1/ptm/m/n/9 (+20) i-fi-ca-tion is pro-vided here: ``De-cen-tral-ized Prox-im
-ity Trac-ing: In-ter-op-er-abil-ity Spec-i-fi-ca-tion''. The DP-3T Team
 []


Underfull \hbox (badness 10000) in paragraph at lines 1097--1097
\OT1/ptm/m/n/9 (+20) (18 May 2020). Re-trieved on 20 May 2020 from: []https://g
ithub.com/DP-3T/documents/blob/master/DP3T%20-
 []

[43]
Overfull \hbox (49.49512pt too wide) in paragraph at lines 1162--1162
\OT1/ptm/m/n/9 (-20) 3T/documents/blob/master/Security%20analysis/Privacy%20and
%20Security%20Attacks%20on%20Digital%20Proximity%20Tracing%20Systems.pdf[]| 
 []

[44] [45]
Overfull \hbox (130.24286pt too wide) in paragraph at lines 1392--1392
[]\OT1/ptm/m/n/9 (-20) https://github.com/DP-3T/documents/blob/master/Security%
20analysis/Privacy%20and%20Security%20Attacks%20on%20Digital%20Proximity%20Trac
ing%20Systems.pdf[]| 
 []

[46] [47] [48] [49]
Overfull \hbox (49.49512pt too wide) in paragraph at lines 1625--1625
\OT1/ptm/m/n/9 (-20) 3T/documents/blob/master/Security%20analysis/Privacy%20and
%20Security%20Attacks%20on%20Digital%20Proximity%20Tracing%20Systems.pdf[]| 
 []

[50] [51]
Underfull \hbox (badness 10000) in paragraph at lines 1824--1824
[][][]\OT1/ptm/m/n/9 (+20) For fur-ther de-tails on this gen-eral at-tack see `
`Pri-vacy and Se-cu-rity Risk Eval-u-a-
 []


Underfull \hbox (badness 10000) in paragraph at lines 1824--1824
\OT1/ptm/m/n/9 (+20) tion of Dig-i-tal Prox-im-ity Trac-ing Sys-tems'', The DP-
3T Project, []https://github.com/DP-
 []


Overfull \hbox (49.49512pt too wide) in paragraph at lines 1824--1824
\OT1/ptm/m/n/9 (-20) 3T/documents/blob/master/Security%20analysis/Privacy%20and
%20Security%20Attacks%20on%20Digital%20Proximity%20Tracing%20Systems.pdf[]| 
 []

[52]
<submissions/dp3t/figs/ephid_spreading.png, id=664, 1156.32pt x 733.23938pt>
File: submissions/dp3t/figs/ephid_spreading.png Graphic file (type png)
<use submissions/dp3t/figs/ephid_spreading.png>
Package pdftex.def Info: submissions/dp3t/figs/ephid_spreading.png  used on inp
ut line 1921.
(pdftex.def)             Requested size: 390.25948pt x 247.46321pt.
 [53]
LaTeX Font Info:    Try loading font information for OML+ptm on input line 1968
.
 (/usr/local/texlive/2019/texmf-dist/tex/latex/psnfss/omlptm.fd
File: omlptm.fd 
)
LaTeX Font Info:    Font shape `OML/ptm/m/n' in size <10.95> not available
(Font)              Font shape `OML/cmm/m/it' tried instead on input line 1968.


[54 <./submissions/dp3t/figs/ephid_spreading.png>]
<submissions/dp3t/figs/PT-central.png, id=692, 1156.32pt x 731.73375pt>
File: submissions/dp3t/figs/PT-central.png Graphic file (type png)
<use submissions/dp3t/figs/PT-central.png>
Package pdftex.def Info: submissions/dp3t/figs/PT-central.png  used on input li
ne 2056.
(pdftex.def)             Requested size: 390.25948pt x 246.95506pt.
File: submissions/dp3t/figs/PT-central.png Graphic file (type png)
<use submissions/dp3t/figs/PT-central.png>
Package pdftex.def Info: submissions/dp3t/figs/PT-central.png  used on input li
ne 2074.
(pdftex.def)             Requested size: 390.25948pt x 246.95506pt.
 [55] [56 <./submissions/dp3t/figs/PT-central.png>]
Underfull \hbox (badness 4819) in paragraph at lines 2152--2152
[][][]\OT1/ptm/m/n/9 (+20) See, ``DE-SIRE: A Prac-ti-cal As-sess-ment'', The DP
3T Con-sor-tium, ver-sion 13 May 2020, https://github.com/DP-
 []

[57]
Underfull \hbox (badness 10000) in paragraph at lines 2227--2227
[][][]\OT1/ptm/m/n/9 (+20) For fur-ther de-tails on this gen-eral at-tack see `
`Pri-vacy and Se-cu-rity Risk Eval-u-a-
 []


Underfull \hbox (badness 10000) in paragraph at lines 2227--2227
\OT1/ptm/m/n/9 (+20) tion of Dig-i-tal Prox-im-ity Trac-ing Sys-tems'', The DP-
3T Project, []https://github.com/DP-
 []


Overfull \hbox (49.49512pt too wide) in paragraph at lines 2227--2227
\OT1/ptm/m/n/9 (-20) 3T/documents/blob/master/Security%20analysis/Privacy%20and
%20Security%20Attacks%20on%20Digital%20Proximity%20Tracing%20Systems.pdf[]| 
 []

[58]) [59] (./deauthor.sty
\c@theorem=\count350
\c@example=\count351
) (./submissions/safepaths/safepaths.texpdfTeX warning (ext4): destination with
 the same identifier (name{Hfootnote.35}) has been already used, duplicate igno
red
<to be read again> 
                   \relax 
l.16 ...acing: Holistic Solution Beyond Bluetooth}
                                                  
Underfull \hbox (badness 10000) in paragraph at lines 16--16

 []

pdfTeX warning (ext4): destination with the same identifier (name{appendix.A}) 
has been already used, duplicate ignored
<to be read again> 
                   \relax 
l.37 \section{Bluetooth Tracing}
                                 [60


]pdfTeX warning (ext4): destination with the same identifier (name{appendix.B})
 has been already used, duplicate ignored
<to be read again> 
                   \relax 
l.65 ...ic health needs more than just encounters}
                                                   [61]pdfTeX warning (ext4): d
estination with the same identifier (name{appendix.C}) has been already used, d
uplicate ignored
<to be read again> 
                   \relax 
l.70 ...ns require more than just Contact Tracing}
                                                  
<submissions/safepaths/main_fig.pdf, id=762, 298.74109pt x 167.46022pt>
File: submissions/safepaths/main_fig.pdf Graphic file (type pdf)
<use submissions/safepaths/main_fig.pdf>
Package pdftex.def Info: submissions/safepaths/main_fig.pdf  used on input line
 74.
(pdftex.def)             Requested size: 298.74036pt x 167.45981pt.
pdfTeX warning (ext4): destination with the same identifier (name{appendix.D}) 
has been already used, duplicate ignored
<to be read again> 
                   \relax 
l.86 \section{Safe Paths is Technology Agnostic}
                                                 [62 <./submissions/safepaths/m
ain_fig.pdf>]) [63] (./deauthor.sty
\c@theorem=\count352
\c@example=\count353
) (./submissions/covidwatch/covidwatch.texpdfTeX warning (ext4): destination wi
th the same identifier (name{Hfootnote.35}) has been already used, duplicate ig
nored
<to be read again> 
                   \relax 
l.16 ...fectious Diseases Using Crowdsourced Data}
                                                  
Underfull \hbox (badness 10000) in paragraph at lines 16--16

 []

pdfTeX warning (ext4): destination with the same identifier (name{appendix.A}) 
has been already used, duplicate ignored
<to be read again> 
                   \relax 
l.33 \section{Introduction}
                           pdfTeX warning (ext4): destination with the same ide
ntifier (name{subsection.A.1}) has been already used, duplicate ignored
<to be read again> 
                   \relax 
l.44 \subsection{Privacy Focus}
                               pdfTeX warning (ext4): destination with the same
 identifier (name{subsection.A.2}) has been already used, duplicate ignored
<to be read again> 
                   \relax 
l.52 ...ection{Current Mobile Phone Interventions}
                                                   [64


]pdfTeX warning (ext4): destination with the same identifier (name{subsection.A
.3}) has been already used, duplicate ignored
<to be read again> 
                   \relax 
l.66 ...ction{Making Interventions More Efficient}
                                                  pdfTeX warning (ext4): destin
ation with the same identifier (name{appendix.B}) has been already used, duplic
ate ignored
<to be read again> 
                   \relax 
l.88 \section{Proposed System: Three Parts}
                                            [65]pdfTeX warning (ext4): destinat
ion with the same identifier (name{appendix.C}) has been already used, duplicat
e ignored
<to be read again> 
                   \relax 
l.100 \section{Part 1: Bluetooth Contact Tracing}
                                                 
<submissions/covidwatch/figs/fig2.pdf, id=833, 242.84627pt x 154.19257pt>
File: submissions/covidwatch/figs/fig2.pdf Graphic file (type pdf)
<use submissions/covidwatch/figs/fig2.pdf>
Package pdftex.def Info: submissions/covidwatch/figs/fig2.pdf  used on input li
ne 112.
(pdftex.def)             Requested size: 242.84566pt x 154.19217pt.
 [66 <./submissions/covidwatch/figs/fig2.pdf>]
<submissions/covidwatch/figs/fig3.pdf, id=919, 556.51805pt x 291.52844pt>
File: submissions/covidwatch/figs/fig3.pdf Graphic file (type pdf)
<use submissions/covidwatch/figs/fig3.pdf>
Package pdftex.def Info: submissions/covidwatch/figs/fig3.pdf  used on input li
ne 156.
(pdftex.def)             Requested size: 487.8225pt x 255.54938pt.
 [67]pdfTeX warning (ext4): destination with the same identifier (name{appendix
.D}) has been already used, duplicate ignored
<to be read again> 
                   \relax 
l.188 \section{Part 2: GPS Heatmap}
                                    [68 <./submissions/covidwatch/figs/fig3.pdf
>] [69]pdfTeX warning (ext4): destination with the same identifier (name{append
ix.E}) has been already used, duplicate ignored
<to be read again> 
                   \relax 
l.235 \section{Part Three: User Recommendations}
                                                
<submissions/covidwatch/figs/fig5.pdf, id=1030, 265.65437pt x 156.3422pt>
File: submissions/covidwatch/figs/fig5.pdf Graphic file (type pdf)
<use submissions/covidwatch/figs/fig5.pdf>
Package pdftex.def Info: submissions/covidwatch/figs/fig5.pdf  used on input li
ne 243.
(pdftex.def)             Requested size: 243.91124pt x 143.55267pt.
<submissions/covidwatch/figs/fig6.pdf, id=1031, 264.56673pt x 155.45317pt>
File: submissions/covidwatch/figs/fig6.pdf Graphic file (type pdf)
<use submissions/covidwatch/figs/fig6.pdf>
Package pdftex.def Info: submissions/covidwatch/figs/fig6.pdf  used on input li
ne 246.
(pdftex.def)             Requested size: 243.91124pt x 143.3175pt.


LaTeX Warning: `h' float specifier changed to `ht'.

pdfTeX warning (ext4): destination with the same identifier (name{appendix.F}) 
has been already used, duplicate ignored
<to be read again> 
                   \relax 
l.264 \section{Why You Should Care}
                                   pdfTeX warning (ext4): destination with the 
same identifier (name{subsection.F.1}) has been already used, duplicate ignored

<to be read again> 
                   \relax 
l.283 \subsection{Quantitative Analysis of Impact}
                                                   [70] [71 <./submissions/covi
dwatch/figs/fig5.pdf> <./submissions/covidwatch/figs/fig6.pdf>]
<submissions/covidwatch/figs/fig7.pdf, id=1426, 312.51096pt x 196.31284pt>
File: submissions/covidwatch/figs/fig7.pdf Graphic file (type pdf)
<use submissions/covidwatch/figs/fig7.pdf>
Package pdftex.def Info: submissions/covidwatch/figs/fig7.pdf  used on input li
ne 301.
(pdftex.def)             Requested size: 390.25948pt x 245.15977pt.
<submissions/covidwatch/figs/fig8.pdf, id=1427, 385.1165pt x 225.298pt>
File: submissions/covidwatch/figs/fig8.pdf Graphic file (type pdf)
<use submissions/covidwatch/figs/fig8.pdf>
Package pdftex.def Info: submissions/covidwatch/figs/fig8.pdf  used on input li
ne 309.
(pdftex.def)             Requested size: 390.25948pt x 228.31923pt.
 [72 <./submissions/covidwatch/figs/fig7.pdf>]pdfTeX warning (ext4): destinatio
n with the same identifier (name{appendix.G}) has been already used, duplicate 
ignored
<to be read again> 
                   \relax 
l.325 \section{Timeline}
                        pdfTeX warning (ext4): destination with the same identi
fier (name{appendix.H}) has been already used, duplicate ignored
<to be read again> 
                   \relax 
l.344 \section{Conclusions}
                            [73 <./submissions/covidwatch/figs/fig8.pdf>]pdfTeX
 warning (ext4): destination with the same identifier (name{cite.covidwatch}) h
as been already used, duplicate ignored
<to be read again> 
                   \relax 
l.379 \bibitem{covidwatch}
                           [74]) [75] (./deauthor.sty
\c@theorem=\count354
\c@example=\count355
)
(./submissions/BerkeleyCovista/ms.tex
\c@numnotes=\count356
pdfTeX warning (ext4): destination with the same identifier (name{Hfootnote.35}
) has been already used, duplicate ignored
<to be read again> 
                   \relax 
l.64 ...y Sensitive Mobile Contact Tracing Effort}
                                                  
Underfull \hbox (badness 10000) in paragraph at lines 64--64

 []

LaTeX Font Info:    Try loading font information for OMS+pcr on input line 95.
(/usr/local/texlive/2019/texmf-dist/tex/latex/psnfss/omspcr.fd
File: omspcr.fd 
)
LaTeX Font Info:    Font shape `OMS/pcr/m/n' in size <10> not available
(Font)              Font shape `OMS/cmsy/m/n' tried instead on input line 95.

(./submissions/BerkeleyCovista/intro.texpdfTeX warning (ext4): destination with
 the same identifier (name{appendix.A}) has been already used, duplicate ignore
d
<to be read again> 
                   \relax 
l.2 \section{Introduction}
                          

pdfTeX warning: pdflatex (file ./submissions/BerkeleyCovista/figs/how_contact_t
racing_works.pdf): PDF inclusion: found PDF version <1.7>, but at most version 
<1.5> allowed
<submissions/BerkeleyCovista/figs/how_contact_tracing_works.pdf, id=1596, 1204.
5pt x 702.625pt>
File: submissions/BerkeleyCovista/figs/how_contact_tracing_works.pdf Graphic fi
le (type pdf)
<use submissions/BerkeleyCovista/figs/how_contact_tracing_works.pdf>
Package pdftex.def Info: submissions/BerkeleyCovista/figs/how_contact_tracing_w
orks.pdf  used on input line 39.
(pdftex.def)             Requested size: 390.25948pt x 227.65353pt.
[76


]

pdfTeX warning: pdflatex (file ./submissions/BerkeleyCovista/figs/places.pdf): 
PDF inclusion: found PDF version <1.7>, but at most version <1.5> allowed
<submissions/BerkeleyCovista/figs/places.pdf, id=1604, 903.375pt x 260.975pt>
File: submissions/BerkeleyCovista/figs/places.pdf Graphic file (type pdf)
<use submissions/BerkeleyCovista/figs/places.pdf>
Package pdftex.def Info: submissions/BerkeleyCovista/figs/places.pdf  used on i
nput line 67.
(pdftex.def)             Requested size: 487.8225pt x 140.92838pt.

LaTeX Warning: `h' float specifier changed to `ht'.

[77 <./submissions/BerkeleyCovista/figs/how_contact_tracing_works.pdf>]

pdfTeX warning: pdflatex (file ./submissions/BerkeleyCovista/figs/covid_commons
.pdf): PDF inclusion: found PDF version <1.7>, but at most version <1.5> allowe
d
<submissions/BerkeleyCovista/figs/covid_commons.pdf, id=2065, 1156.32pt x 568.1
225pt>
File: submissions/BerkeleyCovista/figs/covid_commons.pdf Graphic file (type pdf
)
<use submissions/BerkeleyCovista/figs/covid_commons.pdf>
Package pdftex.def Info: submissions/BerkeleyCovista/figs/covid_commons.pdf  us
ed on input line 87.
(pdftex.def)             Requested size: 487.8225pt x 239.67609pt.

LaTeX Warning: `h' float specifier changed to `ht'.

) (./submissions/BerkeleyCovista/background.texpdfTeX warning (ext4): destinati
on with the same identifier (name{appendix.B}) has been already used, duplicate
 ignored
<to be read again> 
                   \relax 
l.2 ...n Privacy-Sensitive Mobile Contact Tracing}
                                                   [78 <./submissions/BerkeleyC
ovista/figs/places.pdf>]) (./submissions/BerkeleyCovista/lighthouse.texpdfTeX w
arning (ext4): destination with the same identifier (name{appendix.C}) has been
 already used, duplicate ignored
<to be read again> 
                   \relax 
l.1 ...ion{Lighthouses: Treating Places as People}
                                                   [79 <./submissions/BerkeleyC
ovista/figs/covid_commons.pdf>]pdfTeX warning (ext4): destination with the same
 identifier (name{subsection.C.1}) has been already used, duplicate ignored
<to be read again> 
                   \relax 
l.12 \subsection{Treating Places as People}
                                           pdfTeX warning (ext4): destination w
ith the same identifier (name{subsection.C.2}) has been already used, duplicate
 ignored
<to be read again> 
                   \relax 
l.18 ...t is an Exposure Notification Lighthouse?}
                                                  
<submissions/BerkeleyCovista/figs/POS.jpg, id=2847, 3468.96pt x 3854.4pt>
File: submissions/BerkeleyCovista/figs/POS.jpg Graphic file (type jpg)
<use submissions/BerkeleyCovista/figs/POS.jpg>
Package pdftex.def Info: submissions/BerkeleyCovista/figs/POS.jpg  used on inpu
t line 27.
(pdftex.def)             Requested size: 131.71251pt x 146.32756pt.
LaTeX Font Info:    Font shape `OT1/ptm/bx/n' in size <10> not available
(Font)              Font shape `OT1/ptm/b/n' tried instead on input line 28.

Underfull \hbox (badness 1264) in paragraph at lines 28--28
[]\OT1/ptm/m/n/10 (+20) (a) |\OT1/ptm/b/n/10 Ex-ist-ing De-vices: \OT1/ptm/m/n/
10 (+20) Eas-ily de-
 []

pdfTeX warning (ext4): destination with the same identifier (name{Hfootnote.35}
) has been already used, duplicate ignored
<to be read again> 
                   \relax 
l.29 ...wikimedia commons  Travelarz CC-ASA 3.0}
                                                  
LaTeX Font Info:    Font shape `OMS/ptm/m/n' in size <9> not available
(Font)              Font shape `OMS/cmsy/m/n' tried instead on input line 29.
<submissions/BerkeleyCovista/figs/RaspberryPi.png, id=2848, 185.69376pt x 185.6
9376pt>
File: submissions/BerkeleyCovista/figs/RaspberryPi.png Graphic file (type png)
<use submissions/BerkeleyCovista/figs/RaspberryPi.png>
Package pdftex.def Info: submissions/BerkeleyCovista/figs/RaspberryPi.png  used
 on input line 34.
(pdftex.def)             Requested size: 131.71251pt x 131.71597pt.
<submissions/BerkeleyCovista/figs/physicalRPI.pdf, id=2849, 444.66125pt x 410.5
3375pt>
File: submissions/BerkeleyCovista/figs/physicalRPI.pdf Graphic file (type pdf)
<use submissions/BerkeleyCovista/figs/physicalRPI.pdf>
Package pdftex.def Info: submissions/BerkeleyCovista/figs/physicalRPI.pdf  used
 on input line 40.
(pdftex.def)             Requested size: 131.71251pt x 121.60127pt.
pdfTeX warning (ext4): destination with the same identifier (name{subsection.C.
3}) has been already used, duplicate ignored
<to be read again> 
                   \relax 
l.47 \subsection{What Do We Get From Lighthouses?}
                                                  

pdfTeX warning: pdflatex (file ./submissions/BerkeleyCovista/figs/how_lighthous
e_works.pdf): PDF inclusion: found PDF version <1.7>, but at most version <1.5>
 allowed
<submissions/BerkeleyCovista/figs/how_lighthouse_works.pdf, id=2851, 1204.5pt x
 1003.75pt>
File: submissions/BerkeleyCovista/figs/how_lighthouse_works.pdf Graphic file (t
ype pdf)
<use submissions/BerkeleyCovista/figs/how_lighthouse_works.pdf>
Package pdftex.def Info: submissions/BerkeleyCovista/figs/how_lighthouse_works.
pdf  used on input line 51.
(pdftex.def)             Requested size: 487.8225pt x 406.51653pt.
[80 <./submissions/BerkeleyCovista/figs/POS.jpg> <./submissions/BerkeleyCovista
/figs/RaspberryPi.png> <./submissions/BerkeleyCovista/figs/physicalRPI.pdf>]pdf
TeX warning (ext4): destination with the same identifier (name{subsection.C.4})
 has been already used, duplicate ignored
<to be read again> 
                   \relax 
l.69 \subsection{Lighthouse Privacy}
                                     [81] [82 <./submissions/BerkeleyCovista/fi
gs/how_lighthouse_works.pdf>]) (./submissions/BerkeleyCovista/commons.texpdfTeX
 warning (ext4): destination with the same identifier (name{appendix.D}) has be
en already used, duplicate ignored
<to be read again> 
                   \relax 
l.1 ...ns: Unified Contact Tracing With Many Apps}
                                                  pdfTeX warning (ext4): destin
ation with the same identifier (name{subsection.D.1}) has been already used, du
plicate ignored
<to be read again> 
                   \relax 
l.33 \subsection{A Path to Nation-scale Data}
                                              [83]pdfTeX warning (ext4): destin
ation with the same identifier (name{subsection.D.2}) has been already used, du
plicate ignored
<to be read again> 
                   \relax 
l.47 ...erience: Federating Access to the Commons}
                                                   [84]pdfTeX warning (ext4): d
estination with the same identifier (name{subsection.D.3}) has been already use
d, duplicate ignored
<to be read again> 
                   \relax 
l.73 ...ce: Federating Downloads from the Commons}
                                                  pdfTeX warning (ext4): destin
ation with the same identifier (name{subsection.D.4}) has been already used, du
plicate ignored
<to be read again> 
                   \relax 
l.100 \subsection{Extending the Commons}
                                        )
(./submissions/BerkeleyCovista/conclusion.texpdfTeX warning (ext4): destination
 with the same identifier (name{appendix.E}) has been already used, duplicate i
gnored
<to be read again> 
                   \relax 
l.1 \section{Conclusion}
                        ) [85]pdfTeX warning (ext4): destination with the same 
identifier (name{cite.dp3t}) has been already used, duplicate ignored
<to be read again> 
                   \relax 
l.154 \bibitem{dp3t}
                    
Underfull \hbox (badness 1609) in paragraph at lines 169--173
[]\OT1/ptm/m/n/10.95 (+20) J. Lu, J. Gu, K. Li, C. Xu, W. Su, and Z. e. a. Lai,
 ``Covid-19 out-break as-so-ci-ated with
 []


Underfull \hbox (badness 2662) in paragraph at lines 169--173
\OT1/ptm/m/n/10.95 (+20) air con-di-tion-ing in restau-rant, guangzhou, china, 
2020,'' \OT1/ptm/m/it/10.95 (+20) Emerg-ing In-fec-tious Dis-ease\OT1/ptm/m/n/1
0.95 (+20) , 2020,
 []

[86]) [87] (./deauthor.sty
\c@theorem=\count357
\c@example=\count358
) (./submissions/Epione/main.texpdfTeX warning (ext4): destination with the sam
e identifier (name{Hfootnote.35}) has been already used, duplicate ignored
<to be read again> 
                   \relax 
l.107 ...ght  Contact Tracing with Strong Privacy}
                                                  
Underfull \hbox (badness 10000) in paragraph at lines 107--107

 []

[88


]
LaTeX Font Info:    Try loading font information for OT1+phv on input line 125.

 (/usr/local/texlive/2019/texmf-dist/tex/latex/psnfss/ot1phv.fd
File: ot1phv.fd 2001/06/04 scalable font definitions for OT1/phv.
)
LaTeX Font Info:    Font shape `OT1/phv/bx/n' in size <17.28> not available
(Font)              Font shape `OT1/phv/b/n' tried instead on input line 125.
Package microtype Info: Loading generic protrusion settings for font family
(microtype)             `phv' (encoding: OT1).
(microtype)             For optimal results, create family-specific settings.
(microtype)             See the microtype manual for details.
LaTeX Font Info:    Font shape `OT1/phv/m/it' in size <10.95> not available
(Font)              Font shape `OT1/phv/m/sl' tried instead on input line 130.
pdfTeX warning (ext4): destination with the same identifier (name{appendix.A}) 
has been already used, duplicate ignored
<to be read again> 
                   \relax 
l.133 \section{Introduction}
                             [89]

LaTeX Warning: No positions in optional float specifier.
               Default added (so using `tbp') on input line 191.

pdfTeX warning (ext4): destination with the same identifier (name{subsection.A.
1}) has been already used, duplicate ignored
<to be read again> 
                   \relax 
l.233 \subsection{System Overview}
                                   [90]
Package pdftex.def Info: Option `bb' equivalent to `viewport' with pdftex drive
r on input line 256.
<submissions/Epione/figs/overview_system.PNG, id=3580, 539.76656pt x 309.40594p
t>
File: submissions/Epione/figs/overview_system.PNG Graphic file (type png)
<use submissions/Epione/figs/overview_system.PNG>
Package pdftex.def Info: submissions/Epione/figs/overview_system.PNG  used on i
nput line 256.
(pdftex.def)             Requested size: 291.0638pt x 205.96692pt.
pdfTeX warning (ext4): destination with the same identifier (name{appendix.B}) 
has been already used, duplicate ignored
<to be read again> 
                   \relax 
l.262 \section{Related Work}
                             [91]pdfTeX warning (ext4): destination with the sa
me identifier (name{subsection.B.1}) has been already used, duplicate ignored
<to be read again> 
                   \relax 
l.266 \subsection{Contact Tracing Approaches}
                                             pdfTeX warning (ext4): destination
 with the same identifier (name{subsection.B.2}) has been already used, duplica
te ignored
<to be read again> 
                   \relax 
l.344 ...Computation and Private Set Intersection}
                                                   [92 <./submissions/Epione/fi
gs/overview_system.PNG>]pdfTeX warning (ext4): destination with the same identi
fier (name{appendix.C}) has been already used, duplicate ignored
<to be read again> 
                   \relax 
l.358 ...tion{Problem Statement and Security Goal}
                                                  pdfTeX warning (ext4): destin
ation with the same identifier (name{subsection.C.1}) has been already used, du
plicate ignored
<to be read again> 
                   \relax 
l.363 \subsection{Problem Definition}
                                     pdfTeX warning (ext4): destination with th
e same identifier (name{subsection.C.2}) has been already used, duplicate ignor
ed
<to be read again> 
                   \relax 
l.375 \subsection{Security Goal}
                                pdfTeX warning (ext4): destination with the sam
e identifier (name{appendix.D}) has been already used, duplicate ignored
<to be read again> 
                   \relax 
l.381 \section{Preliminaries}
                              [93]pdfTeX warning (ext4): destination with the s
ame identifier (name{appendix.E}) has been already used, duplicate ignored
<to be read again> 
                   \relax 
l.511 \section{Our \dect System}
                                
LaTeX Font Info:    Font shape `OT1/phv/bx/n' in size <14.4> not available
(Font)              Font shape `OT1/phv/b/n' tried instead on input line 511.
Package pdftex.def Info: Option `bb' equivalent to `viewport' with pdftex drive
r on input line 533.
<submissions/Epione/figs/system.png, id=3631, 963.6pt x 542.025pt>
File: submissions/Epione/figs/system.png Graphic file (type png)
<use submissions/Epione/figs/system.png>
Package pdftex.def Info: submissions/Epione/figs/system.png  used on input line
 533.
(pdftex.def)             Requested size: 491.4307pt x 276.42976pt.

Overfull \hbox (3.6082pt too wide) in paragraph at lines 533--535
 [][] 
 []

[94] [95 <./submissions/Epione/figs/system.png>]pdfTeX warning (ext4): destinat
ion with the same identifier (name{appendix.F}) has been already used, duplicat
e ignored
<to be read again> 
                   \relax 
l.645 \section{Cryptographic Gadgets}
                                     pdfTeX warning (ext4): destination with th
e same identifier (name{subsection.F.1}) has been already used, duplicate ignor
ed
<to be read again> 
                   \relax 
l.650 ...nality (PSI-CA) for asymmetric set sizes}
                                                  
Underfull \hbox (badness 2980) in paragraph at lines 692--692
[]\OT1/ptm/m/n/10.95 (+20) Server chooses $\OML/cmm/m/it/10.95 k \OMS/cmsy/m/n/
10.95   \U/msb/m/n/10.95 Z[]$ \OT1/ptm/m/n/10.95 (+20) and for each $\OML/cmm/m
/it/10.95 i \OMS/cmsy/m/n/10.95 2 \OT1/cmr/m/n/10.95 [\OML/cmm/m/it/10.95 n\OT1
/cmr/m/n/10.95 ]$\OT1/ptm/m/n/10.95 (+20) , sends $\OML/cmm/m/it/10.95 m[] \OT1
/cmr/m/n/10.95 = \OML/cmm/m/it/10.95 m[]$ \OT1/ptm/m/n/10.95 (+20) to the re-ce
iver
 []


LaTeX Warning: `h' float specifier changed to `ht'.

[96] [97]
Underfull \hbox (badness 2158) in paragraph at lines 752--752
[]\OT1/ptm/m/n/10.95 (+20) Server [][][][][][] chooses $\OML/cmm/m/it/10.95 k \
OMS/cmsy/m/n/10.95   \U/msb/m/n/10.95 Z[]$\OT1/ptm/m/n/10.95 (+20) , and com-pu
tes dataset $\OML/cmm/m/it/10.95 U \OT1/cmr/m/n/10.95 = \OMS/cmsy/m/n/10.95 f\O
ML/cmm/m/it/10.95 ^^\[]H\OT1/cmr/m/n/10.95 (\OML/cmm/m/it/10.95 x[]\OT1/cmr/m/n
/10.95 )[][] \OMS/cmsy/m/n/10.95 j \OML/cmm/m/it/10.95 i \OMS/cmsy/m/n/10.95 2 
\OT1/cmr/m/n/10.95 [\OML/cmm/m/it/10.95 N\OT1/cmr/m/n/10.95 ]\OMS/cmsy/m/n/10.9
5 g$\OT1/ptm/m/n/10.95 (+20) .
 []

pdfTeX warning (ext4): destination with the same identifier (name{subsection.F.
2}) has been already used, duplicate ignored
<to be read again> 
                   \relax 
l.807 \subsection{PSI-CA with 2-server PIR}
                                            [98]pdfTeX warning (ext4): destinat
ion with the same identifier (name{appendix.G}) has been already used, duplicat
e ignored
<to be read again> 
                   \relax 
l.862 ...tation Choices and Performance Estimates}
                                                  pdfTeX warning (ext4): destin
ation with the same identifier (name{subsection.G.1}) has been already used, du
plicate ignored
<to be read again> 
                   \relax 
l.869 \subsection{Parameters and token storage}
                                               pdfTeX warning (ext4): destinati
on with the same identifier (name{subsection.G.2}) has been already used, dupli
cate ignored
<to be read again> 
                   \relax 
l.883 ...lementation optimization: Database shape}
                                                   [99]pdfTeX warning (ext4): d
estination with the same identifier (name{subsection.G.3}) has been already use
d, duplicate ignored
<to be read again> 
                   \relax 
l.1019 ...on{Overall PSI-CA Performance Estimates}
                                                   [100]
Underfull \hbox (badness 10000) in paragraph at lines 1064--1066
[]\OT1/ptm/m/n/10 (+20) More scary than coro-n-avirus: South ko-rea's health al
erts ex-pose pri-vate lives.
 []


Underfull \hbox (badness 10000) in paragraph at lines 1064--1066
\OT1/ptm/m/n/10 (+20) https://www.theguardian.com/world/2020/mar/06/ more-scary
-than-coronavirus-south-koreas-health-alerts-
 []

) [101] (./deauthor.sty
\c@theorem=\count359
\c@example=\count360
) (./submissions/BeeTrace/main.texpdfTeX warning (ext4): destination with the s
ame identifier (name{Hfootnote.38}) has been already used, duplicate ignored
<to be read again> 
                   \relax 
l.44 ... Contact Tracing\\ that Breaks Data Silos}
                                                  
Underfull \hbox (badness 10000) in paragraph at lines 44--44

 []

[102


]pdfTeX warning (ext4): destination with the same identifier (name{appendix.A})
 has been already used, duplicate ignored
<to be read again> 
                   \relax 
l.56 \section{Introduction}
                            [103]pdfTeX warning (ext4): destination with the sa
me identifier (name{appendix.B}) has been already used, duplicate ignored
<to be read again> 
                   \relax 
l.75 \section{Problem Definition}
                                  [104]
Package pdftex.def Info: Option `bb' equivalent to `viewport' with pdftex drive
r on input line 100.
<submissions/BeeTrace/figs/pdef.png, id=3774, 1835.85875pt x 1008.76875pt>
File: submissions/BeeTrace/figs/pdef.png Graphic file (type png)
<use submissions/BeeTrace/figs/pdef.png>
Package pdftex.def Info: submissions/BeeTrace/figs/pdef.png  used on input line
 100.
(pdftex.def)             Requested size: 375.6254pt x 206.39923pt.
pdfTeX warning (ext4): destination with the same identifier (name{subsection.B.
1}) has been already used, duplicate ignored
<to be read again> 
                   \relax 
l.108 ...ources: Necessity of Breaking Data Silos}
                                                   [105 <./submissions/BeeTrace
/figs/pdef.png>]pdfTeX warning (ext4): destination with the same identifier (na
me{subsection.B.2}) has been already used, duplicate ignored
<to be read again> 
                   \relax 
l.154 ...equirements and Information Distribution}
                                                   [106]pdfTeX warning (ext4): 
destination with the same identifier (name{appendix.C}) has been already used, 
duplicate ignored
<to be read again> 
                   \relax 
l.191 \section{\sysname: Platform Overview}
                                           pdfTeX warning (ext4): destination w
ith the same identifier (name{subsection.C.1}) has been already used, duplicate
 ignored
<to be read again> 
                   \relax 
l.207 \subsection{Setup Phase}
                               [107]pdfTeX warning (ext4): destination with the
 same identifier (name{subsection.C.2}) has been already used, duplicate ignore
d
<to be read again> 
                   \relax 
l.245 \subsection{Operating Phase}
                                   [108]pdfTeX warning (ext4): destination with
 the same identifier (name{appendix.D}) has been already used, duplicate ignore
d
<to be read again> 
                   \relax 
l.279 ... Data Format with Granularity Adaptation}
                                                  
Package pdftex.def Info: Option `bb' equivalent to `viewport' with pdftex drive
r on input line 302.
<submissions/BeeTrace/figs/uniform2.png, id=3817, 1845.89626pt x 671.50874pt>
File: submissions/BeeTrace/figs/uniform2.png Graphic file (type png)
<use submissions/BeeTrace/figs/uniform2.png>
Package pdftex.def Info: submissions/BeeTrace/figs/uniform2.png  used on input 
line 302.
(pdftex.def)             Requested size: 390.25948pt x 141.964pt.
 [109 <./submissions/BeeTrace/figs/uniform2.png>] [110]
Package pdftex.def Info: Option `bb' equivalent to `viewport' with pdftex drive
r on input line 340.
<submissions/BeeTrace/figs/procstep.png, id=3829, 1284.8pt x 723.70375pt>
File: submissions/BeeTrace/figs/procstep.png Graphic file (type png)
<use submissions/BeeTrace/figs/procstep.png>
Package pdftex.def Info: submissions/BeeTrace/figs/procstep.png  used on input 
line 340.
(pdftex.def)             Requested size: 390.25948pt x 219.81882pt.
pdfTeX warning (ext4): destination with the same identifier (name{appendix.E}) 
has been already used, duplicate ignored
<to be read again> 
                   \relax 
l.359 ...y-preserving Distributed Query Framework}
                                                   [111 <./submissions/BeeTrace
/figs/procstep.png>]pdfTeX warning (ext4): destination with the same identifier
 (name{subsection.E.1}) has been already used, duplicate ignored
<to be read again> 
                   \relax 
l.371 ...ications: A  Privacy-Preserving Approach}
                                                   [112]pdfTeX warning (ext4): 
destination with the same identifier (name{subsection.E.2}) has been already us
ed, duplicate ignored
<to be read again> 
                   \relax 
l.437 ...ion{Private Discovery of High-Risk Place}
                                                   [113]pdfTeX warning (ext4): 
destination with the same identifier (name{appendix.F}) has been already used, 
duplicate ignored
<to be read again> 
                   \relax 
l.470 \section{Conclusion}
                           [114]pdfTeX warning (ext4): destination with the sam
e identifier (name{cite.Ferretti2020}) has been already used, duplicate ignored

<to be read again> 
                   \relax 
l.502 \bibitem{Ferretti2020}
                            
Underfull \hbox (badness 7081) in paragraph at lines 509--512
[]\OT1/ptm/m/n/10 (+20) Apple & Google  Privacy-Preserving Con-tact Trac-ing  [
]$\OT1/pcr/m/n/10 https :// www . apple . com / covid19 /
 []


Underfull \hbox (badness 1609) in paragraph at lines 513--516
[]\OT1/ptm/m/n/10 (+20) Xinmei Shen  From QR codes to so-cial me-dia, four ways
 China tracks Covid-19  []$\OT1/pcr/m/n/10 https :// www .
 []


Underfull \hbox (badness 10000) in paragraph at lines 513--516
\OT1/pcr/m/n/10 abacusnews . com / tech / qr -[] codes -[] social -[] media -[]
 four -[] ways -[] china -[] tracks -[] covid -[] 19 /
 []


Underfull \hbox (badness 1082) in paragraph at lines 518--524
[]\OT1/ptm/m/n/10 (+20) Nemo Kim in Seoul.  'more scary than coro-n-avirus': So
uth ko-rea's health alerts ex-pose pri-vate lives.
 []


Underfull \hbox (badness 10000) in paragraph at lines 518--524
[]$\OT1/pcr/m/n/10 https :// www . theguardian . com / world / 2020 / mar / 06 
/ more -[] scary -[] than -[] coronavirus -[]
 []


Underfull \hbox (badness 7486) in paragraph at lines 544--549
[]\OT1/ptm/m/n/10 (+20) NEWS WIRES.  Ghana's pres-i-dent says one per-son in-fe
cted 533 with Covid-19 at fish fac-
 []


Underfull \hbox (badness 4899) in paragraph at lines 544--549
\OT1/ptm/m/n/10 (+20) tory  []$\OT1/pcr/m/n/10 https :// www . france24 . com /
 en / 20200511 -[] ghana -[] s -[] president -[] says -[] one -[] person -[]
 []

[115]) [116] (./deauthor.sty
\c@theorem=\count361
\c@example=\count362
) (./submissions/OpEd_June2020_IEEEDataEng/main.tex
Underfull \hbox (badness 10000) in paragraph at lines 40--40

 []

(./submissions/OpEd_June2020_IEEEDataEng/section1.texpdfTeX warning (ext4): des
tination with the same identifier (name{appendix.A}) has been already used, dup
licate ignored
<to be read again> 
                   \relax 
l.2 \section{A Pivotal Moment}
                              
<submissions/OpEd_June2020_IEEEDataEng/figs/covid19_landscape.pdf, id=3897, 548
.17702pt x 372.66428pt>
File: submissions/OpEd_June2020_IEEEDataEng/figs/covid19_landscape.pdf Graphic 
file (type pdf)
<use submissions/OpEd_June2020_IEEEDataEng/figs/covid19_landscape.pdf>
Package pdftex.def Info: submissions/OpEd_June2020_IEEEDataEng/figs/covid19_lan
dscape.pdf  used on input line 13.
(pdftex.def)             Requested size: 365.86687pt x 248.73413pt.
)
(./submissions/OpEd_June2020_IEEEDataEng/section2.texpdfTeX warning (ext4): des
tination with the same identifier (name{appendix.B}) has been already used, dup
licate ignored
<to be read again> 
                   \relax 
l.2 ...ing Research: The Challenge of the Unknown}
                                                   [117


])
(./submissions/OpEd_June2020_IEEEDataEng/section3.texpdfTeX warning (ext4): des
tination with the same identifier (name{appendix.C}) has been already used, dup
licate ignored
<to be read again> 
                   \relax 
l.1 ...d To Explore Difficult Questions, Together}
                                                   [118 <./submissions/OpEd_Jun
e2020_IEEEDataEng/figs/covid19_landscape.pdf>] [119])
(./submissions/OpEd_June2020_IEEEDataEng/section4.texpdfTeX warning (ext4): des
tination with the same identifier (name{appendix.D}) has been already used, dup
licate ignored
<to be read again> 
                   \relax 
l.1 ...n{Compound Disasters and Interdependencies}
                                                  )
(./submissions/OpEd_June2020_IEEEDataEng/section5.texpdfTeX warning (ext4): des
tination with the same identifier (name{appendix.E}) has been already used, dup
licate ignored
<to be read again> 
                   \relax 
l.1 \section{Re-imagining Resilience}
                                      [120])
(./submissions/OpEd_June2020_IEEEDataEng/section6.texpdfTeX warning (ext4): des
tination with the same identifier (name{appendix.F}) has been already used, dup
licate ignored
<to be read again> 
                   \relax 
l.1 \section{Conclusion}
                        While our community will surely grapple with unantic...
) (./submissions/OpEd_June2020_IEEEDataEng/acknowledgements.tex) [121] [122]
[123]) [124] (./deauthor.sty
\c@theorem=\count363
\c@example=\count364
)
Package pdftex.def Info: Option `bb' equivalent to `viewport' with pdftex drive
r on input line 346.
<../Dec-2018/calls/tcde.pdf, id=4334, 614.295pt x 794.97pt>
File: ../Dec-2018/calls/tcde.pdf Graphic file (type pdf)
<use ../Dec-2018/calls/tcde.pdf>
Package pdftex.def Info: ../Dec-2018/calls/tcde.pdf  used on input line 346.
(pdftex.def)             Requested size: 487.8225pt x 628.40605pt.
 [125




 <../Dec-2018/calls/tcde.pdf>] [126



]pdfTeX warning (ext4): destination with the same identifier (name{page.1}) has
 been already used, duplicate ignored
<to be read again> 
                   \relax 
l.351 \end{bulletin}
                     [1]pdfTeX warning (ext4): destination with the same identi
fier (name{page.1}) has been already used, duplicate ignored
<to be read again> 
                   \relax 
l.351 \end{bulletin}
                     [1]
Package atveryend Info: Empty hook `BeforeClearDocument' on input line 352.
Package atveryend Info: Empty hook `AfterLastShipout' on input line 352.
 (./deissue.aux)
Package atveryend Info: Executing hook `AtVeryEndDocument' on input line 352.
Package atveryend Info: Executing hook `AtEndAfterFileList' on input line 352.
Package rerunfilecheck Info: File `deissue.out' has not changed.
(rerunfilecheck)             Checksum: D41D8CD98F00B204E9800998ECF8427E;0.


LaTeX Warning: There were undefined references.


LaTeX Warning: There were multiply-defined labels.

 ) 
Here is how much of TeX's memory you used:
 33464 strings out of 492616
 613218 string characters out of 6129482
 896484 words of memory out of 5000000
 35634 multiletter control sequences out of 15000+600000
 617464 words of font info for 490 fonts, out of 8000000 for 9000
 1145 hyphenation exceptions out of 8191
 54i,12n,84p,2028b,875s stack positions out of 5000i,500n,10000p,200000b,80000s
pdfTeX warning (dest): name{Hfootnote.40} has been referenced but does not ex
ist, replaced by a fixed one

pdfTeX warning (dest): name{Hfootnote.39} has been referenced but does not exis
t, replaced by a fixed one

pdfTeX warning (dest): name{unlinkable-decentralized-proximity-tracing} has bee
n referenced but does not exist, replaced by a fixed one

pdfTeX warning (dest): name{exposure-estimation} has been referenced but does n
ot exist, replaced by a fixed one

pdfTeX warning (dest): name{Hfootnote.1} has been referenced but does not exist
, replaced by a fixed one

{/usr/local/texlive/2019/texmf-dist/fonts/enc/dvips/base/8r.enc}</usr/local/tex
live/2019/texmf-dist/fonts/type1/public/amsfonts/cm/cmbx10.pfb></usr/local/texl
ive/2019/texmf-dist/fonts/type1/public/amsfonts/cm/cmbx12.pfb></usr/local/texli
ve/2019/texmf-dist/fonts/type1/public/amsfonts/cm/cmbx9.pfb></usr/local/texlive
/2019/texmf-dist/fonts/type1/public/amsfonts/cm/cmex10.pfb></usr/local/texlive/
2019/texmf-dist/fonts/type1/public/amsfonts/cm/cmmi10.pfb></usr/local/texlive/2
019/texmf-dist/fonts/type1/public/amsfonts/cm/cmmi6.pfb></usr/local/texlive/201
9/texmf-dist/fonts/type1/public/amsfonts/cm/cmmi8.pfb></usr/local/texlive/2019/
texmf-dist/fonts/type1/public/amsfonts/cm/cmmi9.pfb></usr/local/texlive/2019/te
xmf-dist/fonts/type1/public/amsfonts/cm/cmr10.pfb></usr/local/texlive/2019/texm
f-dist/fonts/type1/public/amsfonts/cm/cmr6.pfb></usr/local/texlive/2019/texmf-d
ist/fonts/type1/public/amsfonts/cm/cmr8.pfb></usr/local/texlive/2019/texmf-dist
/fonts/type1/public/amsfonts/cm/cmr9.pfb></usr/local/texlive/2019/texmf-dist/fo
nts/type1/public/amsfonts/cm/cmss10.pfb></usr/local/texlive/2019/texmf-dist/fon
ts/type1/public/amsfonts/cm/cmss8.pfb></usr/local/texlive/2019/texmf-dist/fonts
/type1/public/amsfonts/cm/cmsy10.pfb></usr/local/texlive/2019/texmf-dist/fonts/
type1/public/amsfonts/cm/cmsy6.pfb></usr/local/texlive/2019/texmf-dist/fonts/ty
pe1/public/amsfonts/cm/cmsy8.pfb></usr/local/texlive/2019/texmf-dist/fonts/type
1/public/amsfonts/cm/cmsy9.pfb></usr/local/texlive/2019/texmf-dist/fonts/type1/
public/amsfonts/cm/cmtt10.pfb></usr/local/texlive/2019/texmf-dist/fonts/type1/p
ublic/amsfonts/cm/cmtt9.pfb></usr/local/texlive/2019/texmf-dist/fonts/type1/pub
lic/amsfonts/symbols/msbm10.pfb></usr/local/texlive/2019/texmf-dist/fonts/type1
/urw/courier/ucrr8a.pfb></usr/local/texlive/2019/texmf-dist/fonts/type1/urw/hel
vetic/uhvb8a.pfb></usr/local/texlive/2019/texmf-dist/fonts/type1/urw/helvetic/u
hvr8a.pfb></usr/local/texlive/2019/texmf-dist/fonts/type1/urw/helvetic/uhvro8a.
pfb></usr/local/texlive/2019/texmf-dist/fonts/type1/urw/times/utmb8a.pfb></usr/
local/texlive/2019/texmf-dist/fonts/type1/urw/times/utmbi8a.pfb></usr/local/tex
live/2019/texmf-dist/fonts/type1/urw/times/utmr8a.pfb></usr/local/texlive/2019/
texmf-dist/fonts/type1/urw/times/utmri8a.pfb>
Output written on deissue.pdf (130 pages, 21789182 bytes).
PDF statistics:
 4560 PDF objects out of 5155 (max. 8388607)
 3050 compressed objects within 31 object streams
 579 named destinations out of 1000 (max. 500000)
 68776 words of extra memory for PDF output out of 74296 (max. 10000000)

