This is pdfTeX, Version 3.14159265-2.6-1.40.20 (TeX Live 2019) (preloaded format=pdflatex 2019.5.8)  27 MAR 2020 08:48
entering extended mode
 restricted \write18 enabled.
 %&-line parsing enabled.
**deissue
(./deissue.tex
LaTeX2e <2018-12-01>
(/usr/local/texlive/2019/texmf-dist/tex/latex/base/article.cls
Document Class: article 2018/09/03 v1.4i Standard LaTeX document class
(/usr/local/texlive/2019/texmf-dist/tex/latex/base/size11.clo
File: size11.clo 2018/09/03 v1.4i Standard LaTeX file (size option)
)
\c@part=\count80
\c@section=\count81
\c@subsection=\count82
\c@subsubsection=\count83
\c@paragraph=\count84
\c@subparagraph=\count85
\c@figure=\count86
\c@table=\count87
\abovecaptionskip=\skip41
\belowcaptionskip=\skip42
\bibindent=\dimen102
)
(/usr/local/texlive/2019/texmf-dist/tex/latex/preprint/authblk.sty
Package: authblk 2001/02/27 1.3 (PWD)
\affilsep=\skip43
\@affilsep=\skip44
\c@Maxaffil=\count88
\c@authors=\count89
\c@affil=\count90
)
(/usr/local/texlive/2019/texmf-dist/tex/latex/base/inputenc.sty
Package: inputenc 2018/08/11 v1.3c Input encoding file
\inpenc@prehook=\toks14
\inpenc@posthook=\toks15
)
(./debulletin.sty
Package: debulletin 2002/04/01 Data Engineering Bulletin package
\@IEEElogo=\box27
\@IEEElogoht=\dimen103
\@insidefrontpagenumber=\box28
\@insidebackpagenumber=\box29
\physicalpagewidth=\dimen104
\physicalpageheight=\dimen105
\coverwidth=\dimen106
\coverheight=\dimen107
\tocpagenumwidth=\dimen108
\toclhindent=\dimen109
\tocrhindent=\dimen110
\tocindention=\dimen111
)
(/usr/local/texlive/2019/texmf-dist/tex/latex/psnfss/times.sty
Package: times 2005/04/12 PSNFSS-v9.2a (SPQR) 
)
(/usr/local/texlive/2019/texmf-dist/tex/latex/graphics/graphicx.sty
Package: graphicx 2017/06/01 v1.1a Enhanced LaTeX Graphics (DPC,SPQR)

(/usr/local/texlive/2019/texmf-dist/tex/latex/graphics/keyval.sty
Package: keyval 2014/10/28 v1.15 key=value parser (DPC)
\KV@toks@=\toks16
)
(/usr/local/texlive/2019/texmf-dist/tex/latex/graphics/graphics.sty
Package: graphics 2017/06/25 v1.2c Standard LaTeX Graphics (DPC,SPQR)

(/usr/local/texlive/2019/texmf-dist/tex/latex/graphics/trig.sty
Package: trig 2016/01/03 v1.10 sin cos tan (DPC)
)
(/usr/local/texlive/2019/texmf-dist/tex/latex/graphics-cfg/graphics.cfg
File: graphics.cfg 2016/06/04 v1.11 sample graphics configuration
)
Package graphics Info: Driver file: pdftex.def on input line 99.

(/usr/local/texlive/2019/texmf-dist/tex/latex/graphics-def/pdftex.def
File: pdftex.def 2018/01/08 v1.0l Graphics/color driver for pdftex
))
\Gin@req@height=\dimen112
\Gin@req@width=\dimen113
)
(/usr/local/texlive/2019/texmf-dist/tex/latex/tools/array.sty
Package: array 2018/12/30 v2.4k Tabular extension package (FMi)
\col@sep=\dimen114
\ar@mcellbox=\box30
\extrarowheight=\dimen115
\NC@list=\toks17
\extratabsurround=\skip45
\backup@length=\skip46
\ar@cellbox=\box31
)
(/usr/local/texlive/2019/texmf-dist/tex/latex/wrapfig/wrapfig.sty
\wrapoverhang=\dimen116
\WF@size=\dimen117
\c@WF@wrappedlines=\count91
\WF@box=\box32
\WF@everypar=\toks18
Package: wrapfig 2003/01/31  v 3.6
)
(/usr/local/texlive/2019/texmf-dist/tex/latex/xcolor/xcolor.sty
Package: xcolor 2016/05/11 v2.12 LaTeX color extensions (UK)

(/usr/local/texlive/2019/texmf-dist/tex/latex/graphics-cfg/color.cfg
File: color.cfg 2016/01/02 v1.6 sample color configuration
)
Package xcolor Info: Driver file: pdftex.def on input line 225.

(/usr/local/texlive/2019/texmf-dist/tex/latex/colortbl/colortbl.sty
Package: colortbl 2018/12/12 v1.0d Color table columns (DPC)
\everycr=\toks19
\minrowclearance=\skip47
)
\rownum=\count92
Package xcolor Info: Model `cmy' substituted by `cmy0' on input line 1348.
Package xcolor Info: Model `hsb' substituted by `rgb' on input line 1352.
Package xcolor Info: Model `RGB' extended on input line 1364.
Package xcolor Info: Model `HTML' substituted by `rgb' on input line 1366.
Package xcolor Info: Model `Hsb' substituted by `hsb' on input line 1367.
Package xcolor Info: Model `tHsb' substituted by `hsb' on input line 1368.
Package xcolor Info: Model `HSB' substituted by `hsb' on input line 1369.
Package xcolor Info: Model `Gray' substituted by `gray' on input line 1370.
Package xcolor Info: Model `wave' substituted by `hsb' on input line 1371.
)
(/usr/local/texlive/2019/texmf-dist/tex/latex/tcolorbox/tcolorbox.sty
Package: tcolorbox 2019/03/02 version 4.20 text color boxes

(/usr/local/texlive/2019/texmf-dist/tex/latex/pgf/basiclayer/pgf.sty
(/usr/local/texlive/2019/texmf-dist/tex/latex/pgf/utilities/pgfrcs.sty
(/usr/local/texlive/2019/texmf-dist/tex/generic/pgf/utilities/pgfutil-common.te
x
\pgfutil@everybye=\toks20
\pgfutil@tempdima=\dimen118
\pgfutil@tempdimb=\dimen119

(/usr/local/texlive/2019/texmf-dist/tex/generic/pgf/utilities/pgfutil-common-li
sts.tex))
(/usr/local/texlive/2019/texmf-dist/tex/generic/pgf/utilities/pgfutil-latex.def
\pgfutil@abb=\box33
(/usr/local/texlive/2019/texmf-dist/tex/latex/ms/everyshi.sty
Package: everyshi 2001/05/15 v3.00 EveryShipout Package (MS)
))
(/usr/local/texlive/2019/texmf-dist/tex/generic/pgf/utilities/pgfrcs.code.tex
(/usr/local/texlive/2019/texmf-dist/tex/generic/pgf/pgf.revision.tex)
Package: pgfrcs 2019/04/04 v3.1.2 (3.1.2)
))
Package: pgf 2019/04/04 v3.1.2 (3.1.2)

(/usr/local/texlive/2019/texmf-dist/tex/latex/pgf/basiclayer/pgfcore.sty
(/usr/local/texlive/2019/texmf-dist/tex/latex/pgf/systemlayer/pgfsys.sty
(/usr/local/texlive/2019/texmf-dist/tex/generic/pgf/systemlayer/pgfsys.code.tex
Package: pgfsys 2019/04/04 v3.1.2 (3.1.2)
(/usr/local/texlive/2019/texmf-dist/tex/generic/pgf/utilities/pgfkeys.code.tex
\pgfkeys@pathtoks=\toks21
\pgfkeys@temptoks=\toks22

(/usr/local/texlive/2019/texmf-dist/tex/generic/pgf/utilities/pgfkeysfiltered.c
ode.tex
\pgfkeys@tmptoks=\toks23
))
\pgf@x=\dimen120
\pgf@y=\dimen121
\pgf@xa=\dimen122
\pgf@ya=\dimen123
\pgf@xb=\dimen124
\pgf@yb=\dimen125
\pgf@xc=\dimen126
\pgf@yc=\dimen127
\w@pgf@writea=\write3
\r@pgf@reada=\read1
\c@pgf@counta=\count93
\c@pgf@countb=\count94
\c@pgf@countc=\count95
\c@pgf@countd=\count96
\t@pgf@toka=\toks24
\t@pgf@tokb=\toks25
\t@pgf@tokc=\toks26
\pgf@sys@id@count=\count97

(/usr/local/texlive/2019/texmf-dist/tex/generic/pgf/systemlayer/pgf.cfg
File: pgf.cfg 2019/04/04 v3.1.2 (3.1.2)
)
Driver file for pgf: pgfsys-pdftex.def

(/usr/local/texlive/2019/texmf-dist/tex/generic/pgf/systemlayer/pgfsys-pdftex.d
ef
File: pgfsys-pdftex.def 2019/04/04 v3.1.2 (3.1.2)

(/usr/local/texlive/2019/texmf-dist/tex/generic/pgf/systemlayer/pgfsys-common-p
df.def
File: pgfsys-common-pdf.def 2019/04/04 v3.1.2 (3.1.2)
)))
(/usr/local/texlive/2019/texmf-dist/tex/generic/pgf/systemlayer/pgfsyssoftpath.
code.tex
File: pgfsyssoftpath.code.tex 2019/04/04 v3.1.2 (3.1.2)
\pgfsyssoftpath@smallbuffer@items=\count98
\pgfsyssoftpath@bigbuffer@items=\count99
)
(/usr/local/texlive/2019/texmf-dist/tex/generic/pgf/systemlayer/pgfsysprotocol.
code.tex
File: pgfsysprotocol.code.tex 2019/04/04 v3.1.2 (3.1.2)
))
(/usr/local/texlive/2019/texmf-dist/tex/generic/pgf/basiclayer/pgfcore.code.tex
Package: pgfcore 2019/04/04 v3.1.2 (3.1.2)
(/usr/local/texlive/2019/texmf-dist/tex/generic/pgf/math/pgfmath.code.tex
(/usr/local/texlive/2019/texmf-dist/tex/generic/pgf/math/pgfmathcalc.code.tex
(/usr/local/texlive/2019/texmf-dist/tex/generic/pgf/math/pgfmathutil.code.tex)
(/usr/local/texlive/2019/texmf-dist/tex/generic/pgf/math/pgfmathparser.code.tex
\pgfmath@dimen=\dimen128
\pgfmath@count=\count100
\pgfmath@box=\box34
\pgfmath@toks=\toks27
\pgfmath@stack@operand=\toks28
\pgfmath@stack@operation=\toks29
)
(/usr/local/texlive/2019/texmf-dist/tex/generic/pgf/math/pgfmathfunctions.code.
tex
(/usr/local/texlive/2019/texmf-dist/tex/generic/pgf/math/pgfmathfunctions.basic
.code.tex)
(/usr/local/texlive/2019/texmf-dist/tex/generic/pgf/math/pgfmathfunctions.trigo
nometric.code.tex)
(/usr/local/texlive/2019/texmf-dist/tex/generic/pgf/math/pgfmathfunctions.rando
m.code.tex)
(/usr/local/texlive/2019/texmf-dist/tex/generic/pgf/math/pgfmathfunctions.compa
rison.code.tex)
(/usr/local/texlive/2019/texmf-dist/tex/generic/pgf/math/pgfmathfunctions.base.
code.tex)
(/usr/local/texlive/2019/texmf-dist/tex/generic/pgf/math/pgfmathfunctions.round
.code.tex)
(/usr/local/texlive/2019/texmf-dist/tex/generic/pgf/math/pgfmathfunctions.misc.
code.tex)
(/usr/local/texlive/2019/texmf-dist/tex/generic/pgf/math/pgfmathfunctions.integ
erarithmetics.code.tex)))
(/usr/local/texlive/2019/texmf-dist/tex/generic/pgf/math/pgfmathfloat.code.tex
\c@pgfmathroundto@lastzeros=\count101
))
(/usr/local/texlive/2019/texmf-dist/tex/generic/pgf/basiclayer/pgfcorepoints.co
de.tex
File: pgfcorepoints.code.tex 2019/04/04 v3.1.2 (3.1.2)
\pgf@picminx=\dimen129
\pgf@picmaxx=\dimen130
\pgf@picminy=\dimen131
\pgf@picmaxy=\dimen132
\pgf@pathminx=\dimen133
\pgf@pathmaxx=\dimen134
\pgf@pathminy=\dimen135
\pgf@pathmaxy=\dimen136
\pgf@xx=\dimen137
\pgf@xy=\dimen138
\pgf@yx=\dimen139
\pgf@yy=\dimen140
\pgf@zx=\dimen141
\pgf@zy=\dimen142
)
(/usr/local/texlive/2019/texmf-dist/tex/generic/pgf/basiclayer/pgfcorepathconst
ruct.code.tex
File: pgfcorepathconstruct.code.tex 2019/04/04 v3.1.2 (3.1.2)
\pgf@path@lastx=\dimen143
\pgf@path@lasty=\dimen144
)
(/usr/local/texlive/2019/texmf-dist/tex/generic/pgf/basiclayer/pgfcorepathusage
.code.tex
File: pgfcorepathusage.code.tex 2019/04/04 v3.1.2 (3.1.2)
\pgf@shorten@end@additional=\dimen145
\pgf@shorten@start@additional=\dimen146
)
(/usr/local/texlive/2019/texmf-dist/tex/generic/pgf/basiclayer/pgfcorescopes.co
de.tex
File: pgfcorescopes.code.tex 2019/04/04 v3.1.2 (3.1.2)
\pgfpic=\box35
\pgf@hbox=\box36
\pgf@layerbox@main=\box37
\pgf@picture@serial@count=\count102
)
(/usr/local/texlive/2019/texmf-dist/tex/generic/pgf/basiclayer/pgfcoregraphicst
ate.code.tex
File: pgfcoregraphicstate.code.tex 2019/04/04 v3.1.2 (3.1.2)
\pgflinewidth=\dimen147
)
(/usr/local/texlive/2019/texmf-dist/tex/generic/pgf/basiclayer/pgfcoretransform
ations.code.tex
File: pgfcoretransformations.code.tex 2019/04/04 v3.1.2 (3.1.2)
\pgf@pt@x=\dimen148
\pgf@pt@y=\dimen149
\pgf@pt@temp=\dimen150
)
(/usr/local/texlive/2019/texmf-dist/tex/generic/pgf/basiclayer/pgfcorequick.cod
e.tex
File: pgfcorequick.code.tex 2019/04/04 v3.1.2 (3.1.2)
)
(/usr/local/texlive/2019/texmf-dist/tex/generic/pgf/basiclayer/pgfcoreobjects.c
ode.tex
File: pgfcoreobjects.code.tex 2019/04/04 v3.1.2 (3.1.2)
)
(/usr/local/texlive/2019/texmf-dist/tex/generic/pgf/basiclayer/pgfcorepathproce
ssing.code.tex
File: pgfcorepathprocessing.code.tex 2019/04/04 v3.1.2 (3.1.2)
)
(/usr/local/texlive/2019/texmf-dist/tex/generic/pgf/basiclayer/pgfcorearrows.co
de.tex
File: pgfcorearrows.code.tex 2019/04/04 v3.1.2 (3.1.2)
\pgfarrowsep=\dimen151
)
(/usr/local/texlive/2019/texmf-dist/tex/generic/pgf/basiclayer/pgfcoreshade.cod
e.tex
File: pgfcoreshade.code.tex 2019/04/04 v3.1.2 (3.1.2)
\pgf@max=\dimen152
\pgf@sys@shading@range@num=\count103
\pgf@shadingcount=\count104
)
(/usr/local/texlive/2019/texmf-dist/tex/generic/pgf/basiclayer/pgfcoreimage.cod
e.tex
File: pgfcoreimage.code.tex 2019/04/04 v3.1.2 (3.1.2)

(/usr/local/texlive/2019/texmf-dist/tex/generic/pgf/basiclayer/pgfcoreexternal.
code.tex
File: pgfcoreexternal.code.tex 2019/04/04 v3.1.2 (3.1.2)
\pgfexternal@startupbox=\box38
))
(/usr/local/texlive/2019/texmf-dist/tex/generic/pgf/basiclayer/pgfcorelayers.co
de.tex
File: pgfcorelayers.code.tex 2019/04/04 v3.1.2 (3.1.2)
)
(/usr/local/texlive/2019/texmf-dist/tex/generic/pgf/basiclayer/pgfcoretranspare
ncy.code.tex
File: pgfcoretransparency.code.tex 2019/04/04 v3.1.2 (3.1.2)
)
(/usr/local/texlive/2019/texmf-dist/tex/generic/pgf/basiclayer/pgfcorepatterns.
code.tex
File: pgfcorepatterns.code.tex 2019/04/04 v3.1.2 (3.1.2)
)
(/usr/local/texlive/2019/texmf-dist/tex/generic/pgf/basiclayer/pgfcorerdf.code.
tex
File: pgfcorerdf.code.tex 2019/04/04 v3.1.2 (3.1.2)
)))
(/usr/local/texlive/2019/texmf-dist/tex/generic/pgf/modules/pgfmoduleshapes.cod
e.tex
File: pgfmoduleshapes.code.tex 2019/04/04 v3.1.2 (3.1.2)
\pgfnodeparttextbox=\box39
)
(/usr/local/texlive/2019/texmf-dist/tex/generic/pgf/modules/pgfmoduleplot.code.
tex
File: pgfmoduleplot.code.tex 2019/04/04 v3.1.2 (3.1.2)
)
(/usr/local/texlive/2019/texmf-dist/tex/latex/pgf/compatibility/pgfcomp-version
-0-65.sty
Package: pgfcomp-version-0-65 2019/04/04 v3.1.2 (3.1.2)
\pgf@nodesepstart=\dimen153
\pgf@nodesepend=\dimen154
)
(/usr/local/texlive/2019/texmf-dist/tex/latex/pgf/compatibility/pgfcomp-version
-1-18.sty
Package: pgfcomp-version-1-18 2019/04/04 v3.1.2 (3.1.2)
)) (/usr/local/texlive/2019/texmf-dist/tex/latex/tools/verbatim.sty
Package: verbatim 2014/10/28 v1.5q LaTeX2e package for verbatim enhancements
\every@verbatim=\toks30
\verbatim@line=\toks31
\verbatim@in@stream=\read2
)
(/usr/local/texlive/2019/texmf-dist/tex/latex/environ/environ.sty
Package: environ 2014/05/04 v0.3 A new way to define environments

(/usr/local/texlive/2019/texmf-dist/tex/latex/trimspaces/trimspaces.sty
Package: trimspaces 2009/09/17 v1.1 Trim spaces around a token list
)
\@envbody=\toks32
)
(/usr/local/texlive/2019/texmf-dist/tex/latex/etoolbox/etoolbox.sty
Package: etoolbox 2018/08/19 v2.5f e-TeX tools for LaTeX (JAW)
\etb@tempcnta=\count105
)
\tcb@titlebox=\box40
\tcb@upperbox=\box41
\tcb@lowerbox=\box42
\tcb@phantombox=\box43
\c@tcbbreakpart=\count106
\c@tcblayer=\count107
\tcolorbox@number=\count108
\tcb@temp=\box44
\tcb@temp=\box45
\tcb@temp=\box46
\tcb@temp=\box47
\tcb@out=\write4
\tcb@record@out=\write5
)
(/usr/local/texlive/2019/texmf-dist/tex/latex/amsfonts/amssymb.sty
Package: amssymb 2013/01/14 v3.01 AMS font symbols

(/usr/local/texlive/2019/texmf-dist/tex/latex/amsfonts/amsfonts.sty
Package: amsfonts 2013/01/14 v3.01 Basic AMSFonts support
\@emptytoks=\toks33
\symAMSa=\mathgroup4
\symAMSb=\mathgroup5
LaTeX Font Info:    Overwriting math alphabet `\mathfrak' in version `bold'
(Font)                  U/euf/m/n --> U/euf/b/n on input line 106.
))
(/usr/local/texlive/2019/texmf-dist/tex/latex/url/url.sty
\Urlmuskip=\muskip10
Package: url 2013/09/16  ver 3.4  Verb mode for urls, etc.
)
(/usr/local/texlive/2019/texmf-dist/tex/latex/mathtools/mathtools.sty
Package: mathtools 2018/01/08 v1.21 mathematical typesetting tools

(/usr/local/texlive/2019/texmf-dist/tex/latex/tools/calc.sty
Package: calc 2017/05/25 v4.3 Infix arithmetic (KKT,FJ)
\calc@Acount=\count109
\calc@Bcount=\count110
\calc@Adimen=\dimen155
\calc@Bdimen=\dimen156
\calc@Askip=\skip48
\calc@Bskip=\skip49
LaTeX Info: Redefining \setlength on input line 80.
LaTeX Info: Redefining \addtolength on input line 81.
\calc@Ccount=\count111
\calc@Cskip=\skip50
)
(/usr/local/texlive/2019/texmf-dist/tex/latex/mathtools/mhsetup.sty
Package: mhsetup 2017/03/31 v1.3 programming setup (MH)
)
(/usr/local/texlive/2019/texmf-dist/tex/latex/amsmath/amsmath.sty
Package: amsmath 2018/12/01 v2.17b AMS math features
\@mathmargin=\skip51

For additional information on amsmath, use the `?' option.
(/usr/local/texlive/2019/texmf-dist/tex/latex/amsmath/amstext.sty
Package: amstext 2000/06/29 v2.01 AMS text

(/usr/local/texlive/2019/texmf-dist/tex/latex/amsmath/amsgen.sty
File: amsgen.sty 1999/11/30 v2.0 generic functions
\@emptytoks=\toks34
\ex@=\dimen157
))
(/usr/local/texlive/2019/texmf-dist/tex/latex/amsmath/amsbsy.sty
Package: amsbsy 1999/11/29 v1.2d Bold Symbols
\pmbraise@=\dimen158
)
(/usr/local/texlive/2019/texmf-dist/tex/latex/amsmath/amsopn.sty
Package: amsopn 2016/03/08 v2.02 operator names
)
\inf@bad=\count112
LaTeX Info: Redefining \frac on input line 223.
\uproot@=\count113
\leftroot@=\count114
LaTeX Info: Redefining \overline on input line 385.
\classnum@=\count115
\DOTSCASE@=\count116
LaTeX Info: Redefining \ldots on input line 482.
LaTeX Info: Redefining \dots on input line 485.
LaTeX Info: Redefining \cdots on input line 606.
\Mathstrutbox@=\box48
\strutbox@=\box49
\big@size=\dimen159
LaTeX Font Info:    Redeclaring font encoding OML on input line 729.
LaTeX Font Info:    Redeclaring font encoding OMS on input line 730.
\macc@depth=\count117
\c@MaxMatrixCols=\count118
\dotsspace@=\muskip11
\c@parentequation=\count119
\dspbrk@lvl=\count120
\tag@help=\toks35
\row@=\count121
\column@=\count122
\maxfields@=\count123
\andhelp@=\toks36
\eqnshift@=\dimen160
\alignsep@=\dimen161
\tagshift@=\dimen162
\tagwidth@=\dimen163
\totwidth@=\dimen164
\lineht@=\dimen165
\@envbody=\toks37
\multlinegap=\skip52
\multlinetaggap=\skip53
\mathdisplay@stack=\toks38
LaTeX Info: Redefining \[ on input line 2844.
LaTeX Info: Redefining \] on input line 2845.
)
LaTeX Info: Thecontrolsequence`\('isalreadyrobust on input line 129.
LaTeX Info: Thecontrolsequence`\)'isalreadyrobust on input line 129.
LaTeX Info: Thecontrolsequence`\['isalreadyrobust on input line 129.
LaTeX Info: Thecontrolsequence`\]'isalreadyrobust on input line 129.
\g_MT_multlinerow_int=\count124
\l_MT_multwidth_dim=\dimen166
\origjot=\skip54
\l_MT_shortvdotswithinadjustabove_dim=\dimen167
\l_MT_shortvdotswithinadjustbelow_dim=\dimen168
\l_MT_above_intertext_sep=\dimen169
\l_MT_below_intertext_sep=\dimen170
\l_MT_above_shortintertext_sep=\dimen171
\l_MT_below_shortintertext_sep=\dimen172
)
(/usr/local/texlive/2019/texmf-dist/tex/latex/tools/bm.sty
Package: bm 2017/01/16 v1.2c Bold Symbol Support (DPC/FMi)
\symboldoperators=\mathgroup6
\symboldletters=\mathgroup7
\symboldsymbols=\mathgroup8
LaTeX Font Info:    Redeclaring math alphabet \mathbf on input line 141.
LaTeX Info: Redefining \bm on input line 207.
)
(/usr/local/texlive/2019/texmf-dist/tex/latex/float/float.sty
Package: float 2001/11/08 v1.3d Float enhancements (AL)
\c@float@type=\count125
\float@exts=\toks39
\float@box=\box50
\@float@everytoks=\toks40
\@floatcapt=\box51
)
(/usr/local/texlive/2019/texmf-dist/tex/latex/multirow/multirow.sty
Package: multirow 2019/01/01 v2.4 Span multiple rows of a table
\multirow@colwidth=\skip55
\multirow@cntb=\count126
\multirow@dima=\skip56
\bigstrutjot=\dimen173
)
(/usr/local/texlive/2019/texmf-dist/tex/latex/tools/multicol.sty
Package: multicol 2018/12/27 v1.8v multicolumn formatting (FMi)
\c@tracingmulticols=\count127
\mult@box=\box52
\multicol@leftmargin=\dimen174
\c@unbalance=\count128
\c@collectmore=\count129
\doublecol@number=\count130
\multicoltolerance=\count131
\multicolpretolerance=\count132
\full@width=\dimen175
\page@free=\dimen176
\premulticols=\dimen177
\postmulticols=\dimen178
\multicolsep=\skip57
\multicolbaselineskip=\skip58
\partial@page=\box53
\last@line=\box54
\maxbalancingoverflow=\dimen179
\mult@rightbox=\box55
\mult@grightbox=\box56
\mult@gfirstbox=\box57
\mult@firstbox=\box58
\@tempa=\box59
\@tempa=\box60
\@tempa=\box61
\@tempa=\box62
\@tempa=\box63
\@tempa=\box64
\@tempa=\box65
\@tempa=\box66
\@tempa=\box67
\@tempa=\box68
\@tempa=\box69
\@tempa=\box70
\@tempa=\box71
\@tempa=\box72
\@tempa=\box73
\@tempa=\box74
\@tempa=\box75
\c@columnbadness=\count133
\c@finalcolumnbadness=\count134
\last@try=\dimen180
\multicolovershoot=\dimen181
\multicolundershoot=\dimen182
\mult@nat@firstbox=\box76
\colbreak@box=\box77
\mc@col@check@num=\count135
)
(/usr/local/texlive/2019/texmf-dist/tex/latex/algorithms/algorithm.sty
Package: algorithm 2009/08/24 v0.1 Document Style `algorithm' - floating enviro
nment

(/usr/local/texlive/2019/texmf-dist/tex/latex/base/ifthen.sty
Package: ifthen 2014/09/29 v1.1c Standard LaTeX ifthen package (DPC)
)
\@float@every@algorithm=\toks41
\c@algorithm=\count136
)
(/usr/local/texlive/2019/texmf-dist/tex/latex/subfig/subfig.sty
Package: subfig 2005/06/28 ver: 1.3 subfig package

(/usr/local/texlive/2019/texmf-dist/tex/latex/caption/caption.sty
Package: caption 2018/10/06 v3.3-154 Customizing captions (AR)

(/usr/local/texlive/2019/texmf-dist/tex/latex/caption/caption3.sty
Package: caption3 2018/09/12 v1.8c caption3 kernel (AR)
Package caption3 Info: TeX engine: e-TeX on input line 64.
\captionmargin=\dimen183
\captionmargin@=\dimen184
\captionwidth=\dimen185
\caption@tempdima=\dimen186
\caption@indent=\dimen187
\caption@parindent=\dimen188
\caption@hangindent=\dimen189
)
\c@caption@flags=\count137
\c@ContinuedFloat=\count138
Package caption Info: float package is loaded.
Package caption Info: wrapfig package is loaded.
)
\c@KVtest=\count139
\sf@farskip=\skip59
\sf@captopadj=\dimen190
\sf@capskip=\skip60
\sf@nearskip=\skip61
\c@subfigure=\count140
\c@subfigure@save=\count141
\c@lofdepth=\count142
\c@subtable=\count143
\c@subtable@save=\count144
\c@lotdepth=\count145
\sf@top=\skip62
\sf@bottom=\skip63
)
(/usr/local/texlive/2019/texmf-dist/tex/latex/algorithmicx/algpseudocode.sty
Package: algpseudocode 

(/usr/local/texlive/2019/texmf-dist/tex/latex/algorithmicx/algorithmicx.sty
Package: algorithmicx 2005/04/27 v1.2 Algorithmicx

Document Style algorithmicx 1.2 - a greatly improved `algorithmic' style
\c@ALG@line=\count146
\c@ALG@rem=\count147
\c@ALG@nested=\count148
\ALG@tlm=\skip64
\ALG@thistlm=\skip65
\c@ALG@Lnr=\count149
\c@ALG@blocknr=\count150
\c@ALG@storecount=\count151
\c@ALG@tmpcounter=\count152
\ALG@tmplength=\skip66
)
Document Style - pseudocode environments for use with the `algorithmicx' style
) (./deissue.aux)
\openout1 = `deissue.aux'.

LaTeX Font Info:    Checking defaults for OML/cmm/m/it on input line 31.
LaTeX Font Info:    ... okay on input line 31.
LaTeX Font Info:    Checking defaults for T1/cmr/m/n on input line 31.
LaTeX Font Info:    ... okay on input line 31.
LaTeX Font Info:    Checking defaults for OT1/cmr/m/n on input line 31.
LaTeX Font Info:    ... okay on input line 31.
LaTeX Font Info:    Checking defaults for OMS/cmsy/m/n on input line 31.
LaTeX Font Info:    ... okay on input line 31.
LaTeX Font Info:    Checking defaults for OMX/cmex/m/n on input line 31.
LaTeX Font Info:    ... okay on input line 31.
LaTeX Font Info:    Checking defaults for U/cmr/m/n on input line 31.
LaTeX Font Info:    ... okay on input line 31.
LaTeX Font Info:    Try loading font information for OT1+ptm on input line 31.

(/usr/local/texlive/2019/texmf-dist/tex/latex/psnfss/ot1ptm.fd
File: ot1ptm.fd 2001/06/04 font definitions for OT1/ptm.
)
(/usr/local/texlive/2019/texmf-dist/tex/context/base/mkii/supp-pdf.mkii
[Loading MPS to PDF converter (version 2006.09.02).]
\scratchcounter=\count153
\scratchdimen=\dimen191
\scratchbox=\box78
\nofMPsegments=\count154
\nofMParguments=\count155
\everyMPshowfont=\toks42
\MPscratchCnt=\count156
\MPscratchDim=\dimen192
\MPnumerator=\count157
\makeMPintoPDFobject=\count158
\everyMPtoPDFconversion=\toks43
) (/usr/local/texlive/2019/texmf-dist/tex/latex/oberdiek/epstopdf-base.sty
Package: epstopdf-base 2016/05/15 v2.6 Base part for package epstopdf

(/usr/local/texlive/2019/texmf-dist/tex/generic/oberdiek/infwarerr.sty
Package: infwarerr 2016/05/16 v1.4 Providing info/warning/error messages (HO)
)
(/usr/local/texlive/2019/texmf-dist/tex/latex/oberdiek/grfext.sty
Package: grfext 2016/05/16 v1.2 Manage graphics extensions (HO)

(/usr/local/texlive/2019/texmf-dist/tex/generic/oberdiek/kvdefinekeys.sty
Package: kvdefinekeys 2016/05/16 v1.4 Define keys (HO)

(/usr/local/texlive/2019/texmf-dist/tex/generic/oberdiek/ltxcmds.sty
Package: ltxcmds 2016/05/16 v1.23 LaTeX kernel commands for general use (HO)
)))
(/usr/local/texlive/2019/texmf-dist/tex/latex/oberdiek/kvoptions.sty
Package: kvoptions 2016/05/16 v3.12 Key value format for package options (HO)

(/usr/local/texlive/2019/texmf-dist/tex/generic/oberdiek/kvsetkeys.sty
Package: kvsetkeys 2016/05/16 v1.17 Key value parser (HO)

(/usr/local/texlive/2019/texmf-dist/tex/generic/oberdiek/etexcmds.sty
Package: etexcmds 2016/05/16 v1.6 Avoid name clashes with e-TeX commands (HO)

(/usr/local/texlive/2019/texmf-dist/tex/generic/oberdiek/ifluatex.sty
Package: ifluatex 2016/05/16 v1.4 Provides the ifluatex switch (HO)
Package ifluatex Info: LuaTeX not detected.
))))
(/usr/local/texlive/2019/texmf-dist/tex/generic/oberdiek/pdftexcmds.sty
Package: pdftexcmds 2018/09/10 v0.29 Utility functions of pdfTeX for LuaTeX (HO
)

(/usr/local/texlive/2019/texmf-dist/tex/generic/oberdiek/ifpdf.sty
Package: ifpdf 2018/09/07 v3.3 Provides the ifpdf switch
)
Package pdftexcmds Info: LuaTeX not detected.
Package pdftexcmds Info: \pdf@primitive is available.
Package pdftexcmds Info: \pdf@ifprimitive is available.
Package pdftexcmds Info: \pdfdraftmode found.
)
Package epstopdf-base Info: Redefining graphics rule for `.eps' on input line 4
38.
Package grfext Info: Graphics extension search list:
(grfext)             [.pdf,.png,.jpg,.mps,.jpeg,.jbig2,.jb2,.PDF,.PNG,.JPG,.JPE
G,.JBIG2,.JB2,.eps]
(grfext)             \AppendGraphicsExtensions on input line 456.

(/usr/local/texlive/2019/texmf-dist/tex/latex/latexconfig/epstopdf-sys.cfg
File: epstopdf-sys.cfg 2010/07/13 v1.3 Configuration of (r)epstopdf for TeX Liv
e
))
ABD: EveryShipout initializing macros
Package caption Info: Begin \AtBeginDocument code.
Package caption Info: subfig package v1.3 is loaded.
Package caption Info: End \AtBeginDocument code.
Package pdftex.def Info: Option `bb' equivalent to `viewport' with pdftex drive
r on input line 42.
<cs.pdf, id=4, 614.295pt x 794.97pt>
File: cs.pdf Graphic file (type pdf)
<use cs.pdf>
Package pdftex.def Info: cs.pdf  used on input line 42.
(pdftex.def)             Requested size: 48.00189pt x 43.36243pt.
LaTeX Font Info:    Font shape `OT1/ptm/bx/n' in size <10.95> not available
(Font)              Font shape `OT1/ptm/b/n' tried instead on input line 46.
LaTeX Font Info:    Font shape `OT1/ptm/bx/n' in size <14.4> not available
(Font)              Font shape `OT1/ptm/b/n' tried instead on input line 46.
LaTeX Font Info:    Font shape `OT1/ptm/bx/n' in size <86.72377> not available
(Font)              Font shape `OT1/ptm/b/n' tried instead on input line 46.
 (./deissue.toc
LaTeX Font Info:    Try loading font information for U+msa on input line 52.

(/usr/local/texlive/2019/texmf-dist/tex/latex/amsfonts/umsa.fd
File: umsa.fd 2013/01/14 v3.01 AMS symbols A
)
LaTeX Font Info:    Try loading font information for U+msb on input line 52.

(/usr/local/texlive/2019/texmf-dist/tex/latex/amsfonts/umsb.fd
File: umsb.fd 2013/01/14 v3.01 AMS symbols B
))
\tf@toc=\write6
\openout6 = `deissue.toc'.

 [1

{/usr/local/texlive/2019/texmf-var/fonts/map/pdftex/updmap/pdftex.map} <./cs.pd
f>]
<incvA19.pdf, id=19, 614.295pt x 794.97pt>
File: incvA19.pdf Graphic file (type pdf)
<use incvA19.pdf>
Package pdftex.def Info: incvA19.pdf  used on input line 46.
(pdftex.def)             Requested size: 614.29349pt x 794.96806pt.
 [0 <./incvA19.pdf>] (./deauthor.sty
\c@theorem=\count159
\c@example=\count160
) (./letters/haixun-let.tex) [1

] (./deauthor.sty
\c@theorem=\count161
\c@example=\count162
)
(./letters/bonnet-let.tex [2]) [3] (./deauthor.sty
\c@theorem=\count163
\c@example=\count164
)
(./letters/opinion-gerhard.tex
LaTeX Font Info:    Font shape `OT1/ptm/bx/n' in size <9> not available
(Font)              Font shape `OT1/ptm/b/n' tried instead on input line 30.

Underfull \hbox (badness 10000) in paragraph at lines 30--30

 []

LaTeX Font Info:    Font shape `OT1/ptm/bx/n' in size <12> not available
(Font)              Font shape `OT1/ptm/b/n' tried instead on input line 37.
LaTeX Font Info:    Try loading font information for OT1+pcr on input line 109.

(/usr/local/texlive/2019/texmf-dist/tex/latex/psnfss/ot1pcr.fd
File: ot1pcr.fd 2001/06/04 font definitions for OT1/pcr.
) [4



]
<letters/fig1-qsearch-screenshot.png, id=73, 1620.0525pt x 778.91pt>
File: letters/fig1-qsearch-screenshot.png Graphic file (type png)
<use letters/fig1-qsearch-screenshot.png>
Package pdftex.def Info: letters/fig1-qsearch-screenshot.png  used on input lin
e 205.
(pdftex.def)             Requested size: 390.25948pt x 187.63156pt.
 [5]
[6 <./letters/fig1-qsearch-screenshot.png (PNG copy)>] [7]) [8] (./deauthor.sty
\c@theorem=\count165
\c@example=\count166
) (./submissions/mario/main.tex
Underfull \hbox (badness 10000) in paragraph at lines 11--11

 []

LaTeX Font Info:    Font shape `OT1/ptm/bx/n' in size <17.28> not available
(Font)              Font shape `OT1/ptm/b/n' tried instead on input line 19.
LaTeX Font Info:    Try loading font information for OMS+ptm on input line 19.
(/usr/local/texlive/2019/texmf-dist/tex/latex/psnfss/omsptm.fd
File: omsptm.fd 
)
LaTeX Font Info:    Font shape `OMS/ptm/m/n' in size <8> not available
(Font)              Font shape `OMS/cmsy/m/n' tried instead on input line 19.
LaTeX Font Info:    Font shape `OMS/ptm/m/n' in size <6> not available
(Font)              Font shape `OMS/cmsy/m/n' tried instead on input line 19.
 [9




]
<submissions/mario/figs/data_evolution.pdf, id=93, 669.97972pt x 414.07025pt>
File: submissions/mario/figs/data_evolution.pdf Graphic file (type pdf)
<use submissions/mario/figs/data_evolution.pdf>
Package pdftex.def Info: submissions/mario/figs/data_evolution.pdf  used on inp
ut line 40.
(pdftex.def)             Requested size: 487.8225pt x 301.49162pt.
<submissions/mario/figs/ATLAS_Flow.png, id=94, 852.93657pt x 289.83281pt>
File: submissions/mario/figs/ATLAS_Flow.png Graphic file (type png)
<use submissions/mario/figs/ATLAS_Flow.png>
Package pdftex.def Info: submissions/mario/figs/ATLAS_Flow.png  used on input l
ine 49.
(pdftex.def)             Requested size: 487.8225pt x 165.76807pt.
 [10]
<submissions/mario/figs/lifetime_model.png, id=98, 1430.34375pt x 377.15906pt>
File: submissions/mario/figs/lifetime_model.png Graphic file (type png)
<use submissions/mario/figs/lifetime_model.png>
Package pdftex.def Info: submissions/mario/figs/lifetime_model.png  used on inp
ut line 58.
(pdftex.def)             Requested size: 487.8225pt x 128.62947pt.

[11 <./submissions/mario/figs/data_evolution.pdf>]
<submissions/mario/figs/data_carousel_2019.png, id=189, 1129.97156pt x 560.8453
pt>
File: submissions/mario/figs/data_carousel_2019.png Graphic file (type png)
<use submissions/mario/figs/data_carousel_2019.png>
Package pdftex.def Info: submissions/mario/figs/data_carousel_2019.png  used on
 input line 67.
(pdftex.def)             Requested size: 239.03569pt x 118.63676pt.
<submissions/mario/figs/data_carousel_2020.png, id=190, 1141.26375pt x 560.8453
pt>
File: submissions/mario/figs/data_carousel_2020.png Graphic file (type png)
<use submissions/mario/figs/data_carousel_2020.png>
Package pdftex.def Info: submissions/mario/figs/data_carousel_2020.png  used on
 input line 69.
(pdftex.def)             Requested size: 239.03569pt x 117.46434pt.
 [12 <./submissions/mario/figs/ATLAS_Flow.png (PNG copy)> <./submissions/mario/
figs/lifetime_model.png (PNG copy)>] [13 <./submissions/mario/figs/data_carouse
l_2019.png (PNG copy)> <./submissions/mario/figs/data_carousel_2020.png (PNG co
py)>]
<submissions/mario/figs/rucio_namespace.pdf, id=197, 580.1675pt x 262.9825pt>
File: submissions/mario/figs/rucio_namespace.pdf Graphic file (type pdf)
<use submissions/mario/figs/rucio_namespace.pdf>
Package pdftex.def Info: submissions/mario/figs/rucio_namespace.pdf  used on in
put line 83.
(pdftex.def)             Requested size: 487.8225pt x 221.12448pt.
<submissions/mario/figs/rucio_arch.pdf, id=198, 658.46pt x 322.20375pt>
File: submissions/mario/figs/rucio_arch.pdf Graphic file (type pdf)
<use submissions/mario/figs/rucio_arch.pdf>
Package pdftex.def Info: submissions/mario/figs/rucio_arch.pdf  used on input l
ine 90.
(pdftex.def)             Requested size: 487.8225pt x 238.71219pt.
 [14 <./submissions/mario/figs/rucio_namespace.pdf>] [15 <./submissions/mario/f
igs/rucio_arch.pdf>]
[16] [17] [18]
<submissions/mario/figs/atlas.pdf, id=223, 569.12625pt x 410.53375pt>
File: submissions/mario/figs/atlas.pdf Graphic file (type pdf)
<use submissions/mario/figs/atlas.pdf>
Package pdftex.def Info: submissions/mario/figs/atlas.pdf  used on input line 1
37.
(pdftex.def)             Requested size: 239.03569pt x 172.42926pt.
<submissions/mario/figs/cms.png, id=224, 289.08pt x 216.81pt>
File: submissions/mario/figs/cms.png Graphic file (type png)
<use submissions/mario/figs/cms.png>
Package pdftex.def Info: submissions/mario/figs/cms.png  used on input line 139
.
(pdftex.def)             Requested size: 239.03569pt x 179.27736pt.
 [19 <./submissions/mario/figs/atlas.pdf, page is rotated 90 degrees> <./submis
sions/mario/figs/cms.png>]
Underfull \hbox (badness 10000) in paragraph at lines 250--254
[]\OT1/ptm/m/n/10 X. Zhao, A. Kli-men-tov et al.  AT-LAS Data Carousel.  Sub-mi
t-ted to EPJ
 []


Underfull \hbox (badness 10000) in paragraph at lines 250--254
\OT1/ptm/m/n/10 Web.Conf. (2020).  $\OT1/pcr/m/n/10 https : / / indico . cern .
 ch / event / 773049 / contributions /
 []

[20]
Underfull \hbox (badness 4291) in paragraph at lines 262--266
[]\OT1/ptm/m/n/10 M. Branco et al.  Man-ag-ing AT-LAS data on a petabyte-scale 
with DQ2.  J.Phys.Conf.Ser. 119
 []


Underfull \hbox (badness 8132) in paragraph at lines 268--272
\OT1/ptm/m/n/10 SKA, XENON.  Sub-mit-ted to EPJ Web.Conf. (2020).  $\OT1/pcr/m/
n/10 https : / / indico . cern . ch / event /
 []


Underfull \hbox (badness 10000) in paragraph at lines 268--272
\OT1/pcr/m/n/10 773049 / contributions / 3474416 / attachments / 1937611 / 3211
761 / Rucio _ CHEP19 .
 []


Underfull \hbox (badness 10000) in paragraph at lines 274--278
[]\OT1/ptm/m/n/10 AMS-02 RICH Col-lab-o-ra-tion.  The AMS-02 RICH de-tec-tor: S
ta-tus and physics re-sults.
 []


Underfull \hbox (badness 10000) in paragraph at lines 274--278
\OT1/ptm/m/n/10 Nucl.Instrum.Meth. A952 (2020) 161797.  $\OT1/pcr/m/n/10 https 
: / / doi . org / 10 . 1016 / j . nima . 2019 . 01 .
 []


Underfull \hbox (badness 7397) in paragraph at lines 280--284
[]\OT1/ptm/m/n/10 E. Aprile et al.  Dark Mat-ter Search Re-sults from a One Ton
-Year Ex-po-sure of XENON1T.
 []


Underfull \hbox (badness 10000) in paragraph at lines 280--284
\OT1/ptm/m/n/10 Phys.Rev.Lett. 121 2018 111302.  $\OT1/pcr/m/n/10 https : / / d
oi . org / 10 . 1103 / PhysRevLett . 121 .
 []


Underfull \hbox (badness 10000) in paragraph at lines 292--295
[]\OT1/ptm/m/n/10 O. An-dreassen, C. Char-rondi[]ere and A. De Dios Fuente.  Mo
n-i-tor-ing Mixed-Language Ap-pli-
 []


Underfull \hbox (badness 10000) in paragraph at lines 292--295
\OT1/ptm/m/n/10 ca-tions with Elas-tic Search, Logstash and Kibana (ELK).  $\OT
1/pcr/m/n/10 https : / / doi . org / 10 . 18429 /
 []


Underfull \hbox (badness 10000) in paragraph at lines 335--339
[]\OT1/ptm/m/n/10 ATLAS and CMS Col-lab-o-ra-tions.  Op-er-a-tional In-tel-li-g
ence.  Sub-mit-ted to EPJ Web.Conf.
 []


Underfull \hbox (badness 10000) in paragraph at lines 335--339
\OT1/ptm/m/n/10 (2020).  $\OT1/pcr/m/n/10 https : / / indico . cern . ch / even
t / 773049 / contributions / 3473362 /
 []


Underfull \hbox (badness 10000) in paragraph at lines 335--339
\OT1/pcr/m/n/10 attachments / 1937928 / 3212143 / CHEP _ 2019 _ Operational _ I
ntelligence _ -[] _ rev05 .
 []


Underfull \hbox (badness 10000) in paragraph at lines 341--345
[]\OT1/ptm/m/n/10 ATLAS Col-lab-o-ra-tion.  The Data Ocean Project: An AT-LAS a
nd Google R&D col-lab-o-
 []


Underfull \hbox (badness 10000) in paragraph at lines 341--345
\OT1/ptm/m/n/10 ra-tion.  EPJ Web Conf. 214 (2019) 04020.  $\OT1/pcr/m/n/10 htt
ps : / / doi . org / 10 . 1051 / epjconf /
 []


Underfull \hbox (badness 7759) in paragraph at lines 347--351
[]\OT1/ptm/m/n/10 HEP Soft-ware Foun-da-tion Col-lab-o-ra-tion.  A Roadmap for 
HEP Soft-ware and Com-put-ing R&D
 []


Underfull \hbox (badness 10000) in paragraph at lines 347--351
\OT1/ptm/m/n/10 for the 2020s.  Com-put.Softw.Big Sci. 3 (2019) no.1, 7  $\OT1/
pcr/m/n/10 https : / / doi . org / 10 . 1007 /
 []

[21]) [22] (./deauthor.sty
\c@theorem=\count167
\c@example=\count168
) (./submissions/jerome/paper.tex
Underfull \hbox (badness 10000) in paragraph at lines 19--19

 []

[23


] [24]
<submissions/jerome/figs/overview.pdf, id=289, 425.36617pt x 166.19992pt>
File: submissions/jerome/figs/overview.pdf Graphic file (type pdf)
<use submissions/jerome/figs/overview.pdf>
Package pdftex.def Info: submissions/jerome/figs/overview.pdf  used on input li
ne 205.
(pdftex.def)             Requested size: 425.36513pt x 166.19951pt.
 [25 <./submissions/jerome/figs/overview.pdf>]
<submissions/jerome/figs/bulk_rdma.pdf, id=319, 299.40556pt x 161.76436pt>
File: submissions/jerome/figs/bulk_rdma.pdf Graphic file (type pdf)
<use submissions/jerome/figs/bulk_rdma.pdf>
Package pdftex.def Info: submissions/jerome/figs/bulk_rdma.pdf  used on input l
ine 275.
(pdftex.def)             Requested size: 299.40482pt x 161.76395pt.
 [26 <./submissions/jerome/figs/bulk_rdma.pdf>]
<submissions/jerome/figs/rpc_rate_verbs.pdf, id=333, 251.46146pt x 175.83592pt>

File: submissions/jerome/figs/rpc_rate_verbs.pdf Graphic file (type pdf)
<use submissions/jerome/figs/rpc_rate_verbs.pdf>
Package pdftex.def Info: submissions/jerome/figs/rpc_rate_verbs.pdf  used on in
put line 318.
(pdftex.def)             Requested size: 239.03569pt x 167.15048pt.
<submissions/jerome/figs/write_bw_verbs.pdf, id=334, 251.46146pt x 175.83592pt>

File: submissions/jerome/figs/write_bw_verbs.pdf Graphic file (type pdf)
<use submissions/jerome/figs/write_bw_verbs.pdf>
Package pdftex.def Info: submissions/jerome/figs/write_bw_verbs.pdf  used on in
put line 319.
(pdftex.def)             Requested size: 239.03569pt x 167.15048pt.
 [27 <./submissions/jerome/figs/rpc_rate_verbs.pdf> <./submissions/jerome/figs/
write_bw_verbs.pdf>]
<submissions/jerome/figs/rpc_rate_sep_gni.pdf, id=364, 251.46146pt x 175.83592p
t>
File: submissions/jerome/figs/rpc_rate_sep_gni.pdf Graphic file (type pdf)
<use submissions/jerome/figs/rpc_rate_sep_gni.pdf>
Package pdftex.def Info: submissions/jerome/figs/rpc_rate_sep_gni.pdf  used on 
input line 379.
(pdftex.def)             Requested size: 239.03569pt x 167.15048pt.
<submissions/jerome/figs/write_bw_sep_gni.pdf, id=365, 251.46146pt x 175.83592p
t>
File: submissions/jerome/figs/write_bw_sep_gni.pdf Graphic file (type pdf)
<use submissions/jerome/figs/write_bw_sep_gni.pdf>
Package pdftex.def Info: submissions/jerome/figs/write_bw_sep_gni.pdf  used on 
input line 380.
(pdftex.def)             Requested size: 239.03569pt x 167.15048pt.
 [28 <./submissions/jerome/figs/rpc_rate_sep_gni.pdf> <./submissions/jerome/fig
s/write_bw_sep_gni.pdf>]
<submissions/jerome/figs/rpc_rate_sm.pdf, id=386, 251.46146pt x 175.83592pt>
File: submissions/jerome/figs/rpc_rate_sm.pdf Graphic file (type pdf)
<use submissions/jerome/figs/rpc_rate_sm.pdf>
Package pdftex.def Info: submissions/jerome/figs/rpc_rate_sm.pdf  used on input
 line 463.
(pdftex.def)             Requested size: 239.03569pt x 167.15048pt.
<submissions/jerome/figs/write_bw_sm.pdf, id=387, 251.46146pt x 175.83592pt>
File: submissions/jerome/figs/write_bw_sm.pdf Graphic file (type pdf)
<use submissions/jerome/figs/write_bw_sm.pdf>
Package pdftex.def Info: submissions/jerome/figs/write_bw_sm.pdf  used on input
 line 464.
(pdftex.def)             Requested size: 239.03569pt x 167.15048pt.
 [29 <./submissions/jerome/figs/rpc_rate_sm.pdf> <./submissions/jerome/figs/wri
te_bw_sm.pdf>]
<submissions/jerome/figs/composition.pdf, id=409, 362.43205pt x 118.32407pt>
File: submissions/jerome/figs/composition.pdf Graphic file (type pdf)
<use submissions/jerome/figs/composition.pdf>
Package pdftex.def Info: submissions/jerome/figs/composition.pdf  used on input
 line 514.
(pdftex.def)             Requested size: 362.43117pt x 118.32376pt.
 [30 <./submissions/jerome/figs/composition.pdf>]
<submissions/jerome/figs/cancel.pdf, id=438, 297.64499pt x 121.7639pt>
File: submissions/jerome/figs/cancel.pdf Graphic file (type pdf)
<use submissions/jerome/figs/cancel.pdf>
Package pdftex.def Info: submissions/jerome/figs/cancel.pdf  used on input line
 592.
(pdftex.def)             Requested size: 297.64424pt x 121.76358pt.
 [31 <./submissions/jerome/figs/cancel.pdf>] [32]
Underfull \hbox (badness 5147) in paragraph at lines 737--739
[]\OT1/ptm/m/n/10 Google Inc, ``Pro-to-col Buffers,'' 2012. [On-line]. Avail-ab
le: $\OT1/pcr/m/n/10 https : / / developers . google . com /
 []

[33]
Underfull \hbox (badness 5359) in paragraph at lines 824--828
[]\OT1/ptm/m/n/10 Intel Cor-po-ra-tion, ``DAOS: Rev-o-lu-tion-iz-ing High-Perfo
rmance Stor-age with In-tel Op-tane Tech-nol-ogy,''
 []


Underfull \hbox (badness 10000) in paragraph at lines 824--828
\OT1/pcr/m/n/10 https : / / www . intel . com / content / dam / www / public / 
us / en / documents / solution-[]briefs /
 []

) [34] (./deauthor.sty
\c@theorem=\count169
\c@example=\count170
) (./submissions/jeremy/main.tex
Underfull \hbox (badness 10000) in paragraph at lines 33--33

 []

<submissions/jeremy/figs/capabilities.pdf, id=458, 549.05125pt x 518.93875pt>
File: submissions/jeremy/figs/capabilities.pdf Graphic file (type pdf)
<use submissions/jeremy/figs/capabilities.pdf>
Package pdftex.def Info: submissions/jeremy/figs/capabilities.pdf  used on inpu
t line 118.
(pdftex.def)             Requested size: 231.26378pt x 218.57834pt.
[35


]
LaTeX Font Info:    Font shape `OMS/ptm/m/n' in size <10.95> not available
(Font)              Font shape `OMS/cmsy/m/n' tried instead on input line 126.
 [36 <./submissions/jeremy/figs/capabilities.pdf>]
<submissions/jeremy/figs/write_read_locals.png, id=493, 467.346pt x 383.9946pt>

File: submissions/jeremy/figs/write_read_locals.png Graphic file (type png)
<use submissions/jeremy/figs/write_read_locals.png>
Package pdftex.def Info: submissions/jeremy/figs/write_read_locals.png  used on
 input line 162.
(pdftex.def)             Requested size: 216.81pt x 178.13963pt.
 [37 <./submissions/jeremy/figs/write_read_locals.png>] [38] [39] [40] [41]
Underfull \hbox (badness 1400) in paragraph at lines 434--435
[]|\OT1/ptm/m/n/9 Requires spe-cially writ-ten ap-pli-ca-
 []

[42] [43]
<submissions/jeremy/figs/var-titan.pdf, id=519, 524.96124pt x 324.21124pt>
File: submissions/jeremy/figs/var-titan.pdf Graphic file (type pdf)
<use submissions/jeremy/figs/var-titan.pdf>
Package pdftex.def Info: submissions/jeremy/figs/var-titan.pdf  used on input l
ine 500.
(pdftex.def)             Requested size: 219.51863pt x 135.57414pt.
<submissions/jeremy/figs/var-theta.pdf, id=520, 524.96124pt x 324.21124pt>
File: submissions/jeremy/figs/var-theta.pdf Graphic file (type pdf)
<use submissions/jeremy/figs/var-theta.pdf>
Package pdftex.def Info: submissions/jeremy/figs/var-theta.pdf  used on input l
ine 501.
(pdftex.def)             Requested size: 219.51863pt x 135.57414pt.
 [44 <./submissions/jeremy/figs/var-titan.pdf> <./submissions/jeremy/figs/var-t
heta.pdf>] [45]) [46] (./deauthor.sty
\c@theorem=\count171
\c@example=\count172
)
(./submissions/fabio/DataEngineering.tex
Underfull \hbox (badness 10000) in paragraph at lines 62--62

 []

LaTeX Font Info:    Font shape `OT1/ptm/bx/it' in size <17.28> not available
(Font)              Font shape `OT1/ptm/b/it' tried instead on input line 76.
[47


] [48] [49] [50] [51]
<submissions/fabio/figs/Algorithms_3_4.png, id=566, 472.76625pt x 145.29282pt>
File: submissions/fabio/figs/Algorithms_3_4.png Graphic file (type png)
<use submissions/fabio/figs/Algorithms_3_4.png>
Package pdftex.def Info: submissions/fabio/figs/Algorithms_3_4.png  used on inp
ut line 263.
(pdftex.def)             Requested size: 472.76509pt x 145.29245pt.
 [52 <./submissions/fabio/figs/Algorithms_3_4.png>]
<submissions/fabio/figs/Diagram.png, id=570, 236.82323pt x 285.18854pt>
File: submissions/fabio/figs/Diagram.png Graphic file (type png)
<use submissions/fabio/figs/Diagram.png>
Package pdftex.def Info: submissions/fabio/figs/Diagram.png  used on input line
 276.
(pdftex.def)             Requested size: 236.82265pt x 285.18782pt.

[53 <./submissions/fabio/figs/Diagram.png>]
Overfull \hbox (73.17839pt too wide) in paragraph at lines 333--333
 [] 
 []

<submissions/fabio/figs/clusters_slice.png, id=576, 216.81pt x 115.632pt>
File: submissions/fabio/figs/clusters_slice.png Graphic file (type png)
<use submissions/fabio/figs/clusters_slice.png>
Package pdftex.def Info: submissions/fabio/figs/clusters_slice.png  used on inp
ut line 356.
(pdftex.def)             Requested size: 216.80946pt x 115.63171pt.
<submissions/fabio/figs/p_value_greater_05.png, id=577, 216.81pt x 115.632pt>
File: submissions/fabio/figs/p_value_greater_05.png Graphic file (type png)
<use submissions/fabio/figs/p_value_greater_05.png>
Package pdftex.def Info: submissions/fabio/figs/p_value_greater_05.png  used on
 input line 360.
(pdftex.def)             Requested size: 216.80946pt x 115.63171pt.
[54]
<submissions/fabio/figs/clusters_image.png, id=581, 249.93375pt x 135.50626pt>
File: submissions/fabio/figs/clusters_image.png Graphic file (type png)
<use submissions/fabio/figs/clusters_image.png>
Package pdftex.def Info: submissions/fabio/figs/clusters_image.png  used on inp
ut line 380.
(pdftex.def)             Requested size: 249.93314pt x 135.5059pt.

Overfull \hbox (11.0219pt too wide) in paragraph at lines 380--382
 [][] 
 []

<submissions/fabio/figs/clusters_l3_l4.png, id=582, 216.81pt x 140.64854pt>
File: submissions/fabio/figs/clusters_l3_l4.png Graphic file (type png)
<use submissions/fabio/figs/clusters_l3_l4.png>
Package pdftex.def Info: submissions/fabio/figs/clusters_l3_l4.png  used on inp
ut line 385.
(pdftex.def)             Requested size: 216.80946pt x 140.6482pt.

Overfull \hbox (13.82875pt too wide) in paragraph at lines 399--408
 [] 
 []

[55 <./submissions/fabio/figs/clusters_slice.png> <./submissions/fabio/figs/p_v
alue_greater_05.png> <./submissions/fabio/figs/clusters_image.png> <./submissio
ns/fabio/figs/clusters_l3_l4.png>]
<submissions/fabio/figs/clusters2.png, id=590, 344.6723pt x 222.92516pt>
File: submissions/fabio/figs/clusters2.png Graphic file (type png)
<use submissions/fabio/figs/clusters2.png>
Package pdftex.def Info: submissions/fabio/figs/clusters2.png  used on input li
ne 418.
(pdftex.def)             Requested size: 344.67145pt x 222.9246pt.
<submissions/fabio/figs/Clusters_histogram.png, id=591, 191.23753pt x 123.97084
pt>
File: submissions/fabio/figs/Clusters_histogram.png Graphic file (type png)
<use submissions/fabio/figs/Clusters_histogram.png>
Package pdftex.def Info: submissions/fabio/figs/Clusters_histogram.png  used on
 input line 427.
(pdftex.def)             Requested size: 95.61852pt x 61.98526pt.
<submissions/fabio/figs/regions_queries.png, id=592, 214.03038pt x 137.86893pt>

File: submissions/fabio/figs/regions_queries.png Graphic file (type png)
<use submissions/fabio/figs/regions_queries.png>
Package pdftex.def Info: submissions/fabio/figs/regions_queries.png  used on in
put line 432.
(pdftex.def)             Requested size: 214.02985pt x 137.86859pt.
 [56 <./submissions/fabio/figs/clusters2.png> <./submissions/fabio/figs/Cluster
s_histogram.png> <./submissions/fabio/figs/regions_queries.png>] [57] [58]) [59
] (./deauthor.sty
\c@theorem=\count173
\c@example=\count174
)
(./submissions/alberto/net_stor.tex
Underfull \hbox (badness 10000) in paragraph at lines 14--14

 []

Package pdftex.def Info: Option `bb' equivalent to `viewport' with pdftex drive
r on input line 48.
Package epstopdf Info: Source file: <submissions/alberto/figs/fig_bump_internal
.eps>
(epstopdf)                    date: 2020-03-22 12:21:50
(epstopdf)                    size: 108966 bytes
(epstopdf)             Output file: <submissions/alberto/figs/fig_bump_internal
-eps-converted-to.pdf>
(epstopdf)                    date: 2020-03-22 12:21:50
(epstopdf)                    size: 27011 bytes
(epstopdf)             Command: <repstopdf --outfile=submissions/alberto/figs/f
ig_bump_internal-eps-converted-to.pdf submissions/alberto/figs/fig_bump_interna
l.eps>
(epstopdf)             \includegraphics on input line 48.
Package epstopdf Info: Output file is already uptodate.
<submissions/alberto/figs/fig_bump_internal-eps-converted-to.pdf, id=609, 452.6
9125pt x 108.405pt>
File: submissions/alberto/figs/fig_bump_internal-eps-converted-to.pdf Graphic f
ile (type pdf)
<use submissions/alberto/figs/fig_bump_internal-eps-converted-to.pdf>
Package pdftex.def Info: submissions/alberto/figs/fig_bump_internal-eps-convert
ed-to.pdf  used on input line 48.
(pdftex.def)             Requested size: 452.69124pt x 108.405pt.

Overfull \hbox (7.17284pt too wide) in paragraph at lines 68--74
[]\OT1/ptm/m/n/10.95 Nonetheless, the ben-e-fits of ex-e-cut-ing ap-pli-ca-tion
 logic close to net-work-ing and stor-age de-vices are known [[],
 []

[60


] [61 <./submissions/alberto/figs/fig_bump_internal-eps-converted-to.pdf>]
Package pdftex.def Info: Option `bb' equivalent to `viewport' with pdftex drive
r on input line 175.
Package epstopdf Info: Source file: <submissions/alberto/figs/fig_evolution_net
.eps>
(epstopdf)                    date: 2020-03-22 12:21:50
(epstopdf)                    size: 98121 bytes
(epstopdf)             Output file: <submissions/alberto/figs/fig_evolution_net
-eps-converted-to.pdf>
(epstopdf)                    date: 2020-03-22 12:21:50
(epstopdf)                    size: 25978 bytes
(epstopdf)             Command: <repstopdf --outfile=submissions/alberto/figs/f
ig_evolution_net-eps-converted-to.pdf submissions/alberto/figs/fig_evolution_ne
t.eps>
(epstopdf)             \includegraphics on input line 175.
Package epstopdf Info: Output file is already uptodate.
<submissions/alberto/figs/fig_evolution_net-eps-converted-to.pdf, id=625, 484.8
1125pt x 88.33pt>
File: submissions/alberto/figs/fig_evolution_net-eps-converted-to.pdf Graphic f
ile (type pdf)
<use submissions/alberto/figs/fig_evolution_net-eps-converted-to.pdf>
Package pdftex.def Info: submissions/alberto/figs/fig_evolution_net-eps-convert
ed-to.pdf  used on input line 175.
(pdftex.def)             Requested size: 484.81125pt x 88.32999pt.

[62 <./submissions/alberto/figs/fig_evolution_net-eps-converted-to.pdf>]
Package pdftex.def Info: Option `bb' equivalent to `viewport' with pdftex drive
r on input line 276.
Package epstopdf Info: Source file: <submissions/alberto/figs/fig_evolution_ssd
.eps>
(epstopdf)                    date: 2020-03-22 12:21:50
(epstopdf)                    size: 109157 bytes
(epstopdf)             Output file: <submissions/alberto/figs/fig_evolution_ssd
-eps-converted-to.pdf>
(epstopdf)                    date: 2020-03-22 12:21:50
(epstopdf)                    size: 26767 bytes
(epstopdf)             Command: <repstopdf --outfile=submissions/alberto/figs/f
ig_evolution_ssd-eps-converted-to.pdf submissions/alberto/figs/fig_evolution_ss
d.eps>
(epstopdf)             \includegraphics on input line 276.
Package epstopdf Info: Output file is already uptodate.
<submissions/alberto/figs/fig_evolution_ssd-eps-converted-to.pdf, id=638, 482.8
0376pt x 87.32625pt>
File: submissions/alberto/figs/fig_evolution_ssd-eps-converted-to.pdf Graphic f
ile (type pdf)
<use submissions/alberto/figs/fig_evolution_ssd-eps-converted-to.pdf>
Package pdftex.def Info: submissions/alberto/figs/fig_evolution_ssd-eps-convert
ed-to.pdf  used on input line 276.
(pdftex.def)             Requested size: 482.80374pt x 87.32625pt.

[63 <./submissions/alberto/figs/fig_evolution_ssd-eps-converted-to.pdf>]
Package pdftex.def Info: Option `bb' equivalent to `viewport' with pdftex drive
r on input line 357.
Package epstopdf Info: Source file: <submissions/alberto/figs/fig_flow_1.eps>
(epstopdf)                    date: 2020-03-22 12:21:50
(epstopdf)                    size: 115864 bytes
(epstopdf)             Output file: <submissions/alberto/figs/fig_flow_1-eps-co
nverted-to.pdf>
(epstopdf)                    date: 2020-03-22 12:21:50
(epstopdf)                    size: 29066 bytes
(epstopdf)             Command: <repstopdf --outfile=submissions/alberto/figs/f
ig_flow_1-eps-converted-to.pdf submissions/alberto/figs/fig_flow_1.eps>
(epstopdf)             \includegraphics on input line 357.
Package epstopdf Info: Output file is already uptodate.
<submissions/alberto/figs/fig_flow_1-eps-converted-to.pdf, id=651, 463.7325pt x
 156.585pt>
File: submissions/alberto/figs/fig_flow_1-eps-converted-to.pdf Graphic file (ty
pe pdf)
<use submissions/alberto/figs/fig_flow_1-eps-converted-to.pdf>
Package pdftex.def Info: submissions/alberto/figs/fig_flow_1-eps-converted-to.p
df  used on input line 357.
(pdftex.def)             Requested size: 463.7325pt x 156.58499pt.

[64 <./submissions/alberto/figs/fig_flow_1-eps-converted-to.pdf>]
Package pdftex.def Info: Option `bb' equivalent to `viewport' with pdftex drive
r on input line 442.
Package epstopdf Info: Source file: <submissions/alberto/figs/fig_flow_2.eps>
(epstopdf)                    date: 2020-03-22 12:21:50
(epstopdf)                    size: 122417 bytes
(epstopdf)             Output file: <submissions/alberto/figs/fig_flow_2-eps-co
nverted-to.pdf>
(epstopdf)                    date: 2020-03-22 12:21:50
(epstopdf)                    size: 30084 bytes
(epstopdf)             Command: <repstopdf --outfile=submissions/alberto/figs/f
ig_flow_2-eps-converted-to.pdf submissions/alberto/figs/fig_flow_2.eps>
(epstopdf)             \includegraphics on input line 442.
Package epstopdf Info: Output file is already uptodate.
<submissions/alberto/figs/fig_flow_2-eps-converted-to.pdf, id=664, 474.77374pt 
x 126.4725pt>
File: submissions/alberto/figs/fig_flow_2-eps-converted-to.pdf Graphic file (ty
pe pdf)
<use submissions/alberto/figs/fig_flow_2-eps-converted-to.pdf>
Package pdftex.def Info: submissions/alberto/figs/fig_flow_2-eps-converted-to.p
df  used on input line 442.
(pdftex.def)             Requested size: 474.77374pt x 126.47249pt.
Package pdftex.def Info: Option `bb' equivalent to `viewport' with pdftex drive
r on input line 492.
Package epstopdf Info: Source file: <submissions/alberto/figs/fig_flow_3.eps>
(epstopdf)                    date: 2020-03-22 12:21:50
(epstopdf)                    size: 129678 bytes
(epstopdf)             Output file: <submissions/alberto/figs/fig_flow_3-eps-co
nverted-to.pdf>
(epstopdf)                    date: 2020-03-22 12:21:50
(epstopdf)                    size: 30465 bytes
(epstopdf)             Command: <repstopdf --outfile=submissions/alberto/figs/f
ig_flow_3-eps-converted-to.pdf submissions/alberto/figs/fig_flow_3.eps>
(epstopdf)             \includegraphics on input line 492.
Package epstopdf Info: Output file is already uptodate.
<submissions/alberto/figs/fig_flow_3-eps-converted-to.pdf, id=665, 475.7775pt x
 165.61874pt>
File: submissions/alberto/figs/fig_flow_3-eps-converted-to.pdf Graphic file (ty
pe pdf)
<use submissions/alberto/figs/fig_flow_3-eps-converted-to.pdf>
Package pdftex.def Info: submissions/alberto/figs/fig_flow_3-eps-converted-to.p
df  used on input line 492.
(pdftex.def)             Requested size: 475.7775pt x 165.61874pt.


LaTeX Warning: `h' float specifier changed to `ht'.

[65 <./submissions/alberto/figs/fig_flow_2-eps-converted-to.pdf>]
Package pdftex.def Info: Option `bb' equivalent to `viewport' with pdftex drive
r on input line 560.
Package epstopdf Info: Source file: <submissions/alberto/figs/fig_coherence.eps
>
(epstopdf)                    date: 2020-03-22 12:21:50
(epstopdf)                    size: 143270 bytes
(epstopdf)             Output file: <submissions/alberto/figs/fig_coherence-eps
-converted-to.pdf>
(epstopdf)                    date: 2020-03-22 12:21:50
(epstopdf)                    size: 35501 bytes
(epstopdf)             Command: <repstopdf --outfile=submissions/alberto/figs/f
ig_coherence-eps-converted-to.pdf submissions/alberto/figs/fig_coherence.eps>
(epstopdf)             \includegraphics on input line 560.
Package epstopdf Info: Output file is already uptodate.
<submissions/alberto/figs/fig_coherence-eps-converted-to.pdf, id=680, 326.21875
pt x 92.345pt>
File: submissions/alberto/figs/fig_coherence-eps-converted-to.pdf Graphic file 
(type pdf)
<use submissions/alberto/figs/fig_coherence-eps-converted-to.pdf>
Package pdftex.def Info: submissions/alberto/figs/fig_coherence-eps-converted-t
o.pdf  used on input line 560.
(pdftex.def)             Requested size: 326.21875pt x 92.34499pt.


LaTeX Warning: `h' float specifier changed to `ht'.

[66 <./submissions/alberto/figs/fig_flow_3-eps-converted-to.pdf>] [67 <./submis
sions/alberto/figs/fig_coherence-eps-converted-to.pdf>] [68]
Underfull \hbox (badness 10000) in paragraph at lines 853--856
[]\OT1/ptm/m/n/10 Broadcom.  Broad-com Tri-dent 4.  \OT1/ptm/m/it/10 https://ww
w.broadcom.com/products/ethernet-
 []

[69]
Underfull \hbox (badness 5446) in paragraph at lines 881--884
[]\OT1/ptm/m/n/10 CCIX Con-sor-tium.  An In-tro-duc-tion to CCIX.  \OT1/ptm/m/i
t/10 White Pa-per\OT1/ptm/m/n/10 , https://www.ccixconsortium.com/wp-
 []


Underfull \hbox (badness 10000) in paragraph at lines 889--892
[]\OT1/ptm/m/n/10 D.D. Sharma.  An In-tro-duc-tion to Com-pute Ex-press Link.  
\OT1/ptm/m/it/10 White Pa-per\OT1/ptm/m/n/10 ,
 []

[70]
Underfull \hbox (badness 10000) in paragraph at lines 1001--1004
[]\OT1/ptm/m/n/10 Xilinx.  ALVEO Adapt-able Ac-cel-er-a-tor Cards for Data Cen-
ter Work-loads.
 []

) [71] (./deauthor.sty
\c@theorem=\count175
\c@example=\count176
)
Package pdftex.def Info: Option `bb' equivalent to `viewport' with pdftex drive
r on input line 209.
<../Dec-2018/calls/tcde.pdf, id=727, 614.295pt x 794.97pt>
File: ../Dec-2018/calls/tcde.pdf Graphic file (type pdf)
<use ../Dec-2018/calls/tcde.pdf>
Package pdftex.def Info: ../Dec-2018/calls/tcde.pdf  used on input line 209.
(pdftex.def)             Requested size: 487.8225pt x 628.40605pt.
 [72




 <../Dec-2018/calls/tcde.pdf>] [1



] [1]
(./deissue.aux) ) 
Here is how much of TeX's memory you used:
 15944 strings out of 492616
 305504 string characters out of 6129482
 352714 words of memory out of 5000000
 19403 multiletter control sequences out of 15000+600000
 59652 words of font info for 140 fonts, out of 8000000 for 9000
 1142 hyphenation exceptions out of 8191
 54i,14n,73p,2750b,753s stack positions out of 5000i,500n,10000p,200000b,80000s
{/usr/local/texlive/2019/texmf-dist/fonts/enc/dvips/base/8r.en
c}</usr/local/texlive/2019/texmf-dist/fonts/type1/public/amsfonts/cm/cmbx10.pfb
></usr/local/texlive/2019/texmf-dist/fonts/type1/public/amsfonts/cm/cmbx12.pfb>
</usr/local/texlive/2019/texmf-dist/fonts/type1/public/amsfonts/cm/cmbx8.pfb></
usr/local/texlive/2019/texmf-dist/fonts/type1/public/amsfonts/cm/cmbx9.pfb></us
r/local/texlive/2019/texmf-dist/fonts/type1/public/amsfonts/cm/cmex10.pfb></usr
/local/texlive/2019/texmf-dist/fonts/type1/public/amsfonts/cm/cmmi10.pfb></usr/
local/texlive/2019/texmf-dist/fonts/type1/public/amsfonts/cm/cmmi12.pfb></usr/l
ocal/texlive/2019/texmf-dist/fonts/type1/public/amsfonts/cm/cmmi6.pfb></usr/loc
al/texlive/2019/texmf-dist/fonts/type1/public/amsfonts/cm/cmmi8.pfb></usr/local
/texlive/2019/texmf-dist/fonts/type1/public/amsfonts/cm/cmmi9.pfb></usr/local/t
exlive/2019/texmf-dist/fonts/type1/public/amsfonts/cm/cmmib10.pfb></usr/local/t
exlive/2019/texmf-dist/fonts/type1/public/amsfonts/cm/cmr10.pfb></usr/local/tex
live/2019/texmf-dist/fonts/type1/public/amsfonts/cm/cmr12.pfb></usr/local/texli
ve/2019/texmf-dist/fonts/type1/public/amsfonts/cm/cmr5.pfb></usr/local/texlive/
2019/texmf-dist/fonts/type1/public/amsfonts/cm/cmr6.pfb></usr/local/texlive/201
9/texmf-dist/fonts/type1/public/amsfonts/cm/cmr7.pfb></usr/local/texlive/2019/t
exmf-dist/fonts/type1/public/amsfonts/cm/cmr8.pfb></usr/local/texlive/2019/texm
f-dist/fonts/type1/public/amsfonts/cm/cmr9.pfb></usr/local/texlive/2019/texmf-d
ist/fonts/type1/public/amsfonts/cm/cmsy10.pfb></usr/local/texlive/2019/texmf-di
st/fonts/type1/public/amsfonts/cm/cmsy6.pfb></usr/local/texlive/2019/texmf-dist
/fonts/type1/public/amsfonts/cm/cmsy7.pfb></usr/local/texlive/2019/texmf-dist/f
onts/type1/public/amsfonts/cm/cmsy8.pfb></usr/local/texlive/2019/texmf-dist/fon
ts/type1/public/amsfonts/cm/cmsy9.pfb></usr/local/texlive/2019/texmf-dist/fonts
/type1/public/amsfonts/cm/cmtt10.pfb></usr/local/texlive/2019/texmf-dist/fonts/
type1/public/amsfonts/cm/cmtt9.pfb></usr/local/texlive/2019/texmf-dist/fonts/ty
pe1/public/amsfonts/symbols/msam10.pfb></usr/local/texlive/2019/texmf-dist/font
s/type1/public/amsfonts/symbols/msbm10.pfb></usr/local/texlive/2019/texmf-dist/
fonts/type1/urw/courier/ucrr8a.pfb></usr/local/texlive/2019/texmf-dist/fonts/ty
pe1/urw/helvetic/uhvr8a.pfb></usr/local/texlive/2019/texmf-dist/fonts/type1/urw
/times/utmb8a.pfb></usr/local/texlive/2019/texmf-dist/fonts/type1/urw/times/utm
bi8a.pfb></usr/local/texlive/2019/texmf-dist/fonts/type1/urw/times/utmr8a.pfb><
/usr/local/texlive/2019/texmf-dist/fonts/type1/urw/times/utmri8a.pfb>
Output written on deissue.pdf (76 pages, 2664264 bytes).
PDF statistics:
 820 PDF objects out of 1000 (max. 8388607)
 568 compressed objects within 6 object streams
 0 named destinations out of 1000 (max. 500000)
 228 words of extra memory for PDF output out of 10000 (max. 10000000)

