\BOOKMARK [1][-]{section*.1}{\376\377\000A\000b\000s\000t\000r\000a\000c\000t}{}% 1
\BOOKMARK [1][-]{section.1}{\376\377\0001\000\040\000I\000n\000t\000r\000o\000d\000u\000c\000t\000i\000o\000n}{}% 2
\BOOKMARK [1][-]{section.2}{\376\377\0002\000\040\000P\000r\000e\000l\000i\000m\000i\000n\000a\000r\000y\000:\000\040\000T\000r\000u\000t\000h\000\040\000D\000i\000s\000c\000o\000v\000e\000r\000y}{}% 3
\BOOKMARK [1][-]{section.3}{\376\377\0003\000\040\000F\000e\000d\000e\000r\000a\000t\000e\000d\000\040\000T\000r\000u\000t\000h\000\040\000D\000i\000s\000c\000o\000v\000e\000r\000y\000:\000\040\000O\000v\000e\000r\000v\000i\000e\000w\000\040\000a\000n\000d\000\040\000K\000e\000y\000\040\000I\000s\000s\000u\000e\000s}{}% 4
\BOOKMARK [2][-]{subsection.3.1}{\376\377\0003\000.\0001\000\040\000O\000v\000e\000r\000a\000l\000l\000\040\000D\000e\000s\000i\000g\000n}{section.3}% 5
\BOOKMARK [2][-]{subsection.3.2}{\376\377\0003\000.\0002\000\040\000K\000e\000y\000\040\000I\000s\000s\000u\000e\000s}{section.3}% 6
\BOOKMARK [1][-]{section.4}{\376\377\0004\000\040\000F\000e\000d\000e\000r\000a\000t\000e\000d\000\040\000T\000r\000u\000t\000h\000\040\000C\000o\000m\000p\000u\000t\000a\000t\000i\000o\000n}{}% 7
\BOOKMARK [2][-]{subsection.4.1}{\376\377\0004\000.\0001\000\040\000B\000a\000s\000i\000c\000\040\000S\000c\000h\000e\000m\000e\000\040\000o\000f\000\040\000-\000C\000o\000m\000p\000u\000t\000a\000t\000i\000o\000n\000\040\000w\000i\000t\000h\000\040\000S\000S\000S}{section.4}% 8
\BOOKMARK [2][-]{subsection.4.2}{\376\377\0004\000.\0002\000\040\000C\000o\000n\000n\000e\000c\000t\000i\000o\000n\000\040\000R\000o\000b\000u\000s\000t\000n\000e\000s\000s\000\040\000I\000m\000p\000r\000o\000v\000e\000m\000e\000n\000t}{section.4}% 9
\BOOKMARK [2][-]{subsection.4.3}{\376\377\0004\000.\0003\000\040\000T\000h\000e\000o\000r\000e\000t\000i\000c\000a\000l\000\040\000A\000n\000a\000l\000y\000s\000i\000s}{section.4}% 10
\BOOKMARK [1][-]{section.5}{\376\377\0005\000\040\000F\000e\000d\000e\000r\000a\000t\000e\000d\000\040\000T\000r\000u\000s\000t\000w\000o\000r\000t\000h\000i\000n\000e\000s\000s\000\040\000R\000a\000n\000k}{}% 11
\BOOKMARK [2][-]{subsection.5.1}{\376\377\0005\000.\0001\000\040\000P\000r\000i\000v\000a\000c\000y\000\040\000L\000e\000a\000k\000a\000g\000e\000\040\000b\000y\000\040\000T\000r\000u\000s\000t\000w\000o\000r\000t\000h\000i\000n\000e\000s\000s\000\040\000i}{section.5}% 12
\BOOKMARK [2][-]{subsection.5.2}{\376\377\0005\000.\0002\000\040\000S\000e\000c\000u\000r\000e\000\040\000T\000r\000u\000s\000t\000w\000o\000r\000t\000h\000i\000n\000e\000s\000s\000\040\000L\000e\000a\000d\000e\000r\000-\000b\000o\000a\000r\000d}{section.5}% 13
\BOOKMARK [2][-]{subsection.5.3}{\376\377\0005\000.\0003\000\040\000T\000h\000e\000o\000r\000e\000t\000i\000c\000a\000l\000\040\000A\000n\000a\000l\000y\000s\000i\000s}{section.5}% 14
\BOOKMARK [1][-]{section.6}{\376\377\0006\000\040\000E\000v\000a\000l\000u\000a\000t\000i\000o\000n}{}% 15
\BOOKMARK [2][-]{subsection.6.1}{\376\377\0006\000.\0001\000\040\000N\000u\000m\000e\000r\000i\000c\000a\000l\000\040\000A\000n\000a\000l\000y\000s\000i\000s\000\040\000f\000o\000r\000\040\000C\000o\000n\000n\000e\000c\000t\000i\000o\000n\000\040\000L\000o\000s\000s}{section.6}% 16
\BOOKMARK [2][-]{subsection.6.2}{\376\377\0006\000.\0002\000\040\000E\000v\000a\000l\000u\000a\000t\000i\000o\000n\000\040\000o\000f\000\040\000T\000r\000a\000f\000f\000i\000c\000\040\000L\000i\000g\000h\000t\000\040\000D\000e\000t\000e\000c\000t\000i\000o\000n}{section.6}% 17
\BOOKMARK [1][-]{section.7}{\376\377\0007\000\040\000R\000e\000l\000a\000t\000e\000d\000\040\000W\000o\000r\000k}{}% 18
\BOOKMARK [1][-]{section.8}{\376\377\0008\000\040\000C\000o\000n\000c\000l\000u\000s\000i\000o\000n}{}% 19
\BOOKMARK [1][-]{section*.10}{\376\377\000R\000e\000f\000e\000r\000e\000n\000c\000e\000s}{}% 20
\BOOKMARK [1][-]{appendix.A}{\376\377\000A\000\040\000A\000p\000p\000e\000n\000d\000i\000x}{}% 21
\BOOKMARK [2][-]{subsection.A.1}{\376\377\000A\000.\0001\000\040\000T\000h\000e\000o\000r\000e\000t\000i\000c\000a\000l\000\040\000P\000r\000o\000o\000f}{appendix.A}% 22
\BOOKMARK [2][-]{subsection.A.2}{\376\377\000A\000.\0002\000\040\000M\000e\000c\000h\000a\000n\000i\000s\000m\000\040\000E\000x\000t\000e\000n\000s\000i\000o\000n\000\040\000t\000o\000\040\000M\000u\000l\000t\000i\000-\000c\000l\000a\000s\000s\000\040\000a\000n\000d\000\040\000C\000o\000n\000t\000i\000n\000u\000o\000u\000s\000-\000v\000a\000l\000u\000e\000\040\000E\000v\000e\000n\000t\000s}{appendix.A}% 23
\BOOKMARK [2][-]{subsection.A.3}{\376\377\000A\000.\0003\000\040\000T\000r\000a\000f\000f\000i\000c\000\040\000L\000i\000g\000h\000t\000\040\000D\000e\000t\000e\000c\000t\000i\000o\000n\000\040\000T\000a\000s\000k}{appendix.A}% 24
\BOOKMARK [2][-]{subsection.A.4}{\376\377\000A\000.\0004\000\040\000C\000o\000m\000p\000a\000r\000i\000s\000o\000n\000\040\000w\000i\000t\000h\000\040\000E\000x\000i\000s\000t\000i\000n\000g\000\040\000W\000o\000r\000k}{appendix.A}% 25
