This is pdfTeX, Version 3.14159265-2.6-1.40.19 (TeX Live 2018) (preloaded format=pdflatex 2018.11.19)  9 JUN 2019 16:58
entering extended mode
 \write18 enabled.
 file:line:error style messages enabled.
 %&-line parsing enabled.
**/Users/guoliang/study/study/GitHub/TsinghuaDBGroup/Data-Engineering-Bulletin/Jun-2019/submissions/adaptivedb/TSWLatexianTemp_000007.tex
(/Users/guoliang/study/study/GitHub/TsinghuaDBGroup/Data-Engineering-Bulletin/Jun-2019/submissions/adaptivedb/TSWLatexianTemp_000007.tex
LaTeX2e <2018-04-01> patch level 2
Babel <3.18> and hyphenation patterns for 84 language(s) loaded.
(/usr/local/texlive/2018/texmf-dist/tex/latex/base/article.cls
Document Class: article 2014/09/29 v1.4h Standard LaTeX document class
(/usr/local/texlive/2018/texmf-dist/tex/latex/base/size11.clo
File: size11.clo 2014/09/29 v1.4h Standard LaTeX file (size option)
)
\c@part=\count80
\c@section=\count81
\c@subsection=\count82
\c@subsubsection=\count83
\c@paragraph=\count84
\c@subparagraph=\count85
\c@figure=\count86
\c@table=\count87
\abovecaptionskip=\skip41
\belowcaptionskip=\skip42
\bibindent=\dimen102
)

! LaTeX Error: File `submissions/adaptivedb/packages/deauthor.sty' not found.

Type X to quit or <RETURN> to proceed,
or enter new name. (Default extension: sty)

Enter file name: 
/Users/guoliang/study/study/GitHub/TsinghuaDBGroup/Data-Engineering-Bulletin/Jun-2019/submissions/adaptivedb/TSWLatexianTemp_000007.tex:4: Emergency stop.
<read *> 
         
l.4 \usepackage
               {times}^^M
*** (cannot \read from terminal in nonstop modes)

 
Here is how much of TeX's memory you used:
 203 strings out of 492649
 2690 string characters out of 6129621
 59706 words of memory out of 5000000
 4174 multiletter control sequences out of 15000+600000
 3940 words of font info for 15 fonts, out of 8000000 for 9000
 1141 hyphenation exceptions out of 8191
 21i,0n,19p,237b,36s stack positions out of 5000i,500n,10000p,200000b,80000s
/Users/guoliang/study/study/GitHub/TsinghuaDBGroup/Data-Engineering-Bulletin/Jun-2019/submissions/adaptivedb/TSWLatexianTemp_000007.tex:4:  ==> Fatal error occurred, no output PDF file produced!
